SF:D:\Devs\App8\playwright-dart\lib\src\core\playwright.dart
DA:55,1
DA:62,2
DA:63,1
DA:64,2
DA:66,2
DA:67,1
DA:68,2
DA:70,2
DA:71,1
DA:72,2
DA:74,5
DA:75,2
DA:80,1
DA:94,1
DA:107,1
DA:111,1
DA:113,2
DA:126,1
DA:132,1
DA:133,1
DA:134,1
DA:135,1
DA:138,2
DA:142,1
DA:144,1
LF:25
LH:25
end_of_record
SF:D:\Devs\App8\playwright-dart\lib\src\core\browser_type.dart
DA:44,1
DA:55,1
DA:57,1
DA:58,1
DA:59,1
DA:62,1
DA:69,1
DA:76,1
DA:77,1
DA:79,1
DA:80,1
DA:83,1
DA:89,0
DA:91,0
DA:95,0
DA:96,0
DA:97,0
DA:104,1
DA:113,1
DA:121,1
DA:127,0
DA:135,0
DA:139,0
DA:140,0
DA:148,0
DA:150,0
DA:151,0
DA:154,0
DA:157,0
DA:160,0
DA:162,0
DA:166,0
DA:168,0
DA:173,0
LF:34
LH:15
end_of_record
SF:D:\Devs\App8\playwright-dart\lib\src\core\browser.dart
DA:56,0
DA:58,0
DA:59,0
DA:60,0
DA:61,0
DA:63,0
DA:66,0
DA:68,0
DA:69,0
DA:70,0
DA:73,1
DA:84,1
DA:91,0
DA:93,1
DA:94,1
DA:98,1
DA:100,6
DA:102,2
DA:110,1
DA:112,1
DA:116,2
DA:118,3
DA:119,1
DA:120,1
DA:121,1
DA:122,3
DA:123,1
DA:124,1
DA:126,1
DA:135,1
DA:137,1
DA:138,1
DA:141,1
DA:147,1
DA:154,1
DA:156,1
DA:157,1
DA:158,1
DA:159,1
DA:161,1
DA:163,1
DA:164,1
DA:165,1
DA:167,1
DA:171,0
DA:179,0
DA:188,0
DA:190,0
DA:193,0
DA:195,0
DA:198,0
DA:200,0
DA:201,0
DA:204,0
DA:209,0
DA:210,0
DA:214,0
DA:217,0
DA:219,0
DA:225,0
DA:227,0
DA:228,0
LF:62
LH:33
end_of_record
SF:D:\Devs\App8\playwright-dart\lib\src\core\browser_context.dart
DA:134,0
DA:135,0
DA:137,0
DA:138,0
DA:139,0
DA:140,0
DA:141,0
DA:143,0
DA:145,0
DA:150,2
DA:151,2
DA:153,0
DA:155,0
DA:156,0
DA:157,0
DA:160,0
DA:163,0
DA:165,0
DA:166,0
DA:167,0
DA:170,0
DA:173,0
DA:174,0
DA:175,0
DA:177,0
DA:178,0
DA:179,0
DA:182,0
DA:184,0
DA:185,0
DA:186,0
DA:189,0
DA:191,0
DA:192,0
DA:193,0
DA:196,0
DA:198,0
DA:199,0
DA:200,0
DA:203,0
DA:205,0
DA:206,0
DA:207,0
DA:210,0
DA:212,0
DA:213,0
DA:214,0
DA:217,0
DA:219,0
DA:220,0
DA:221,0
DA:224,0
DA:226,0
DA:227,0
DA:228,0
DA:231,0
DA:233,0
DA:234,0
DA:235,0
DA:238,0
DA:240,0
DA:241,0
DA:242,0
DA:245,0
DA:247,0
DA:248,0
DA:249,0
DA:252,0
DA:254,0
DA:257,0
DA:259,0
DA:260,0
DA:261,0
DA:264,0
DA:266,0
DA:267,0
DA:268,0
DA:271,0
DA:272,0
DA:274,1
DA:281,8
DA:282,7
DA:283,3
DA:284,3
DA:286,3
DA:287,2
DA:288,1
DA:289,3
DA:290,1
DA:294,7
DA:295,3
DA:296,3
DA:297,2
DA:298,1
DA:299,3
DA:300,1
DA:306,1
DA:308,1
DA:309,1
DA:315,1
DA:317,1
DA:323,1
DA:335,1
DA:351,1
DA:353,2
DA:354,1
DA:360,1
DA:365,1
DA:372,1
DA:374,1
DA:378,1
DA:380,1
DA:384,1
DA:388,1
DA:394,0
DA:398,0
DA:402,1
DA:404,1
DA:408,1
DA:412,1
DA:417,1
DA:421,1
DA:427,1
DA:429,1
DA:433,1
DA:435,1
DA:439,0
DA:443,0
DA:447,0
DA:449,0
DA:453,0
DA:458,0
DA:465,0
DA:467,0
DA:471,0
DA:473,0
DA:477,0
DA:479,0
DA:483,0
DA:485,0
DA:492,0
DA:497,0
DA:504,0
DA:509,0
DA:516,0
DA:518,0
DA:522,0
DA:529,0
DA:532,0
DA:541,1
DA:543,1
DA:549,0
DA:553,0
DA:557,0
DA:572,0
DA:589,0
DA:591,0
DA:595,1
DA:597,1
DA:601,1
DA:603,1
DA:607,1
DA:611,0
DA:616,0
DA:623,0
DA:628,0
DA:632,0
DA:634,0
DA:635,0
DA:636,0
DA:642,0
DA:643,0
DA:644,0
DA:645,0
DA:646,0
DA:648,0
DA:650,0
DA:653,0
DA:660,0
DA:666,0
DA:670,0
DA:676,0
LF:182
LH:54
end_of_record
SF:D:\Devs\App8\playwright-dart\lib\src\core\page.dart
DA:336,1
DA:337,1
DA:338,1
DA:339,2
DA:340,2
DA:343,1
DA:344,3
DA:346,1
DA:347,1
DA:349,0
DA:350,0
DA:352,1
DA:354,2
DA:356,1
DA:359,1
DA:361,1
DA:362,1
DA:363,3
DA:366,3
DA:369,1
DA:371,1
DA:372,1
DA:373,3
DA:376,3
DA:379,0
DA:380,0
DA:381,0
DA:382,0
DA:383,0
DA:385,0
DA:386,0
DA:387,0
DA:390,0
DA:392,0
DA:393,0
DA:394,0
DA:397,0
DA:399,0
DA:400,0
DA:401,0
DA:404,0
DA:406,0
DA:407,0
DA:408,0
DA:411,0
DA:413,0
DA:414,0
DA:415,0
DA:418,0
DA:420,0
DA:421,0
DA:422,0
DA:425,0
DA:427,0
DA:428,0
DA:429,0
DA:432,0
DA:434,0
DA:435,0
DA:436,0
DA:446,1
DA:453,2
DA:454,2
DA:455,2
DA:456,8
DA:458,2
DA:459,2
DA:460,0
DA:462,7
DA:464,6
DA:465,1
DA:470,1
DA:471,1
DA:473,4
DA:477,1
DA:478,4
DA:481,1
DA:483,1
DA:487,2
DA:488,1
DA:489,1
DA:490,2
DA:491,2
DA:492,5
DA:494,2
DA:495,1
DA:496,1
DA:497,1
DA:499,1
DA:505,1
DA:507,1
DA:511,7
DA:512,3
DA:513,3
DA:514,2
DA:515,1
DA:521,1
DA:523,1
DA:527,7
DA:528,3
DA:529,3
DA:534,1
DA:536,1
DA:540,2
DA:541,1
DA:542,1
DA:543,2
DA:544,2
DA:545,5
DA:547,2
DA:548,3
DA:549,3
DA:554,0
DA:556,0
DA:560,0
DA:561,0
DA:562,0
DA:563,0
DA:564,0
DA:565,0
DA:567,0
DA:568,0
DA:569,0
DA:574,0
DA:576,0
DA:580,0
DA:581,0
DA:582,0
DA:583,0
DA:584,0
DA:586,0
DA:590,1
DA:592,1
DA:596,2
DA:597,1
DA:598,1
DA:599,2
DA:600,2
DA:601,5
DA:603,2
DA:604,3
DA:605,3
DA:606,2
DA:607,3
DA:609,2
DA:610,1
DA:611,3
DA:612,1
DA:619,0
DA:621,0
DA:622,0
DA:623,0
DA:628,0
DA:630,0
DA:635,0
DA:637,0
DA:641,0
DA:643,0
DA:644,0
DA:645,0
DA:646,0
DA:647,0
DA:648,0
DA:650,0
DA:651,0
DA:652,0
DA:658,0
DA:660,0
DA:662,0
DA:663,0
DA:664,0
DA:668,0
DA:670,0
DA:671,0
DA:672,0
DA:678,1
DA:680,7
DA:681,3
DA:682,3
DA:687,1
DA:692,1
DA:693,1
DA:700,0
DA:705,0
DA:706,0
DA:712,1
DA:717,1
DA:719,2
DA:720,1
DA:721,1
DA:722,1
DA:723,0
DA:724,0
DA:725,0
DA:726,0
DA:727,0
DA:731,1
DA:733,0
DA:734,0
DA:741,1
DA:743,7
DA:744,3
DA:745,3
DA:746,2
DA:747,2
DA:748,1
DA:756,1
DA:763,2
DA:772,0
DA:777,0
DA:781,0
DA:787,0
DA:795,0
DA:801,0
DA:809,1
DA:811,2
DA:812,1
DA:814,1
DA:816,1
DA:821,1
DA:823,2
DA:826,1
DA:828,2
DA:834,1
DA:836,2
DA:842,1
DA:848,2
DA:855,1
DA:861,1
DA:873,1
DA:875,1
DA:876,1
DA:877,2
DA:881,3
DA:882,2
DA:883,1
DA:884,5
DA:885,1
DA:887,3
DA:889,0
DA:892,1
DA:898,0
DA:908,0
DA:911,0
DA:914,0
DA:918,1
DA:920,1
DA:922,1
DA:923,1
DA:925,1
DA:930,1
DA:933,0
DA:934,2
DA:938,1
DA:941,0
DA:942,2
DA:946,1
DA:949,0
DA:950,2
DA:954,1
DA:957,0
DA:958,2
DA:962,1
DA:964,2
DA:970,1
DA:974,1
DA:978,1
DA:987,1
DA:990,0
DA:994,0
DA:995,1
DA:997,2
DA:999,0
DA:1007,1
DA:1025,1
DA:1041,2
DA:1043,0
DA:1049,1
DA:1051,1
DA:1058,1
DA:1060,1
DA:1067,1
DA:1069,1
DA:1079,1
DA:1081,1
DA:1087,1
DA:1089,1
DA:1095,1
DA:1103,1
DA:1115,1
DA:1117,2
DA:1121,0
DA:1128,0
DA:1133,0
DA:1135,0
DA:1139,0
DA:1141,0
DA:1145,1
DA:1147,2
DA:1151,1
DA:1153,2
DA:1157,1
DA:1159,2
DA:1163,1
DA:1165,2
DA:1169,1
DA:1176,2
DA:1180,1
DA:1187,2
DA:1191,0
DA:1193,0
DA:1197,1
DA:1199,2
DA:1203,1
DA:1205,2
DA:1210,1
DA:1216,2
DA:1221,1
DA:1227,2
DA:1231,1
DA:1237,2
DA:1241,1
DA:1243,2
DA:1247,1
DA:1249,2
DA:1253,1
DA:1255,2
DA:1259,0
DA:1261,0
DA:1265,1
DA:1267,2
DA:1271,1
DA:1273,2
DA:1277,1
DA:1279,2
DA:1283,1
DA:1285,2
DA:1289,0
DA:1291,0
DA:1295,1
DA:1297,2
DA:1301,1
DA:1303,2
DA:1307,1
DA:1309,2
DA:1313,1
DA:1320,2
DA:1329,1
DA:1336,2
DA:1345,0
DA:1347,0
DA:1351,0
DA:1353,0
DA:1357,0
DA:1366,0
DA:1377,1
DA:1379,2
DA:1383,0
DA:1385,0
DA:1389,1
DA:1391,2
DA:1395,1
DA:1402,2
DA:1411,0
DA:1418,0
DA:1427,0
DA:1436,0
DA:1439,0
DA:1449,0
DA:1460,0
DA:1473,0
DA:1475,0
DA:1479,0
DA:1481,0
DA:1485,0
DA:1490,0
DA:1491,0
DA:1497,0
DA:1499,0
DA:1503,1
DA:1505,1
DA:1509,0
DA:1513,0
DA:1517,0
DA:1519,0
DA:1523,1
DA:1525,1
DA:1529,0
DA:1531,0
DA:1535,0
DA:1537,0
DA:1541,0
DA:1548,0
DA:1557,0
DA:1559,0
DA:1563,0
DA:1565,0
DA:1571,0
DA:1573,0
DA:1577,0
DA:1581,0
DA:1587,0
DA:1589,0
DA:1593,0
DA:1597,0
DA:1603,0
DA:1605,0
DA:1611,0
DA:1613,0
DA:1619,0
DA:1633,0
DA:1651,0
DA:1655,0
DA:1661,0
DA:1666,0
DA:1673,0
DA:1675,0
DA:1679,0
DA:1681,0
DA:1685,0
DA:1687,0
DA:1693,0
DA:1698,0
DA:1702,0
DA:1704,0
DA:1708,0
DA:1714,0
DA:1722,0
DA:1724,0
DA:1728,0
DA:1730,0
DA:1734,0
DA:1736,0
DA:1742,0
DA:1747,0
LF:435
LH:233
end_of_record
SF:D:\Devs\App8\playwright-dart\lib\src\core\frame.dart
DA:276,0
DA:277,0
DA:278,0
DA:280,1
DA:281,4
DA:282,0
DA:283,0
DA:284,0
DA:286,0
DA:287,0
DA:288,0
DA:291,0
DA:293,0
DA:294,0
DA:295,0
DA:298,1
DA:307,0
DA:308,0
DA:311,2
DA:314,1
DA:316,2
DA:318,0
DA:320,0
DA:321,0
DA:323,0
DA:328,1
DA:330,1
DA:333,1
DA:334,1
DA:336,0
DA:339,0
DA:340,0
DA:343,0
DA:345,0
DA:346,0
DA:347,0
DA:350,0
DA:353,0
DA:354,0
DA:357,0
DA:360,0
DA:361,0
DA:364,0
DA:367,0
DA:368,0
DA:371,0
DA:374,0
DA:375,0
DA:378,0
DA:380,0
DA:384,1
DA:391,1
DA:393,2
DA:399,0
DA:405,0
DA:410,0
DA:413,1
DA:415,1
DA:417,1
DA:419,2
DA:422,1
DA:430,1
DA:433,2
DA:440,0
DA:445,0
DA:446,0
DA:451,0
DA:452,0
DA:453,0
DA:454,0
DA:456,0
DA:458,0
DA:459,0
DA:465,0
DA:471,0
DA:472,0
DA:475,0
DA:476,0
DA:477,0
DA:478,0
DA:479,0
DA:480,0
DA:481,0
DA:482,0
DA:488,0
DA:489,0
DA:490,0
DA:494,0
DA:495,0
DA:496,0
DA:497,0
DA:498,0
DA:502,0
DA:504,0
DA:505,0
DA:509,0
DA:513,0
DA:520,0
DA:522,0
DA:523,0
DA:525,0
DA:526,0
DA:527,0
DA:529,0
DA:530,0
DA:533,0
DA:537,1
DA:549,1
DA:553,2
DA:562,1
DA:577,1
DA:580,2
DA:592,0
DA:600,0
DA:604,0
DA:609,0
DA:618,0
DA:621,0
DA:628,0
DA:637,0
DA:640,0
DA:647,1
DA:657,1
DA:660,2
DA:668,1
DA:670,1
DA:672,2
DA:677,1
DA:679,1
DA:681,2
DA:686,1
DA:699,1
DA:702,2
DA:713,1
DA:721,1
DA:725,2
DA:730,1
DA:739,1
DA:743,2
DA:748,0
DA:758,0
DA:761,0
DA:769,1
DA:771,1
DA:772,1
DA:775,1
DA:781,1
DA:783,2
DA:788,1
DA:796,1
DA:799,1
DA:803,2
DA:806,1
DA:813,1
DA:816,1
DA:819,2
DA:822,1
DA:829,1
DA:832,2
DA:835,1
DA:838,1
DA:844,1
DA:846,2
DA:849,1
DA:852,1
DA:858,1
DA:860,2
DA:863,1
DA:866,1
DA:872,1
DA:874,2
DA:877,1
DA:880,0
DA:882,0
DA:883,0
DA:886,0
DA:892,0
DA:894,0
DA:897,0
DA:900,1
DA:906,1
DA:908,2
DA:911,1
DA:914,1
DA:920,1
DA:922,2
DA:925,1
DA:928,1
DA:930,1
DA:931,1
DA:934,1
DA:936,1
DA:937,1
DA:940,0
DA:946,0
DA:948,0
DA:951,0
DA:954,1
DA:960,1
DA:963,1
DA:965,1
DA:968,1
DA:970,1
DA:973,1
DA:981,1
DA:983,1
DA:984,2
DA:988,1
DA:991,1
DA:999,1
DA:1002,1
DA:1008,0
DA:1010,0
DA:1013,0
DA:1015,0
DA:1018,0
DA:1029,0
DA:1041,0
DA:1043,0
DA:1046,0
DA:1055,0
DA:1065,0
DA:1071,0
DA:1074,0
DA:1076,0
DA:1079,0
DA:1085,0
DA:1088,0
DA:1090,0
DA:1093,0
DA:1095,0
DA:1096,0
DA:1097,0
DA:1098,0
DA:1102,0
DA:1115,0
DA:1124,0
DA:1129,1
DA:1132,1
DA:1135,0
DA:1137,0
DA:1138,0
DA:1139,0
DA:1142,1
DA:1144,1
DA:1145,1
DA:1148,1
DA:1158,1
DA:1162,0
DA:1163,0
DA:1164,0
DA:1165,0
DA:1166,0
DA:1167,0
DA:1170,0
DA:1171,1
DA:1172,1
DA:1173,3
DA:1174,1
DA:1176,1
DA:1178,1
DA:1184,2
DA:1187,1
DA:1200,1
DA:1204,0
DA:1205,0
DA:1206,0
DA:1207,0
DA:1208,0
DA:1211,0
DA:1212,1
DA:1213,1
DA:1214,3
DA:1215,1
DA:1217,1
DA:1220,1
DA:1225,0
LF:277
LH:124
end_of_record
SF:D:\Devs\App8\playwright-dart\lib\src\core\locator.dart
DA:17,1
DA:20,1
DA:21,1
DA:25,2
DA:26,2
DA:27,3
DA:29,1
DA:30,3
DA:31,0
DA:33,1
DA:34,1
DA:35,4
DA:39,1
DA:40,3
DA:41,0
DA:43,1
DA:44,1
DA:45,4
DA:49,1
DA:55,1
DA:57,3
DA:60,4
DA:63,0
DA:66,0
DA:68,2
DA:71,0
DA:73,0
DA:75,1
DA:76,4
DA:79,1
DA:81,0
DA:82,2
DA:85,0
DA:86,0
DA:87,0
DA:88,0
DA:91,0
DA:93,0
DA:94,0
DA:97,0
DA:99,0
DA:100,0
DA:103,0
DA:105,0
DA:106,0
DA:109,0
DA:111,0
DA:112,0
DA:115,0
DA:116,0
DA:122,1
DA:123,2
DA:124,1
DA:131,1
DA:132,2
DA:133,1
DA:140,1
DA:141,2
DA:142,1
DA:148,1
DA:149,2
DA:150,1
DA:156,1
DA:157,2
DA:158,1
DA:161,1
DA:164,1
DA:165,2
DA:166,1
DA:169,1
DA:173,1
DA:174,2
DA:175,1
DA:181,1
DA:182,2
DA:183,1
DA:188,1
DA:189,2
DA:190,1
DA:195,1
DA:196,2
DA:197,1
DA:203,1
DA:204,2
DA:205,1
DA:209,1
DA:212,1
DA:213,2
DA:214,1
DA:217,1
DA:221,1
DA:222,2
DA:223,1
DA:225,1
DA:228,1
DA:229,2
DA:230,1
DA:233,1
DA:236,1
DA:237,2
DA:238,1
DA:241,1
DA:244,1
DA:245,2
DA:246,1
DA:248,1
DA:252,1
DA:253,2
DA:254,1
DA:257,1
DA:260,1
DA:261,2
DA:262,1
DA:265,1
DA:268,1
DA:269,2
DA:270,1
DA:273,1
DA:276,1
DA:277,3
DA:280,1
DA:281,2
DA:282,1
DA:290,1
DA:291,2
DA:292,1
DA:299,0
DA:300,0
DA:301,0
DA:308,1
DA:313,3
DA:316,1
DA:321,2
DA:322,1
DA:329,1
DA:334,2
DA:335,1
DA:337,1
DA:342,1
DA:343,3
DA:346,0
DA:347,0
DA:350,0
DA:356,0
DA:357,0
DA:365,0
DA:366,0
DA:369,0
DA:376,0
DA:377,0
DA:386,0
DA:387,0
DA:390,0
DA:391,0
DA:392,0
DA:395,0
DA:396,0
DA:399,1
DA:403,2
DA:404,1
DA:406,1
DA:408,2
DA:411,1
DA:415,3
DA:418,1
DA:419,2
DA:420,1
DA:421,1
LF:168
LH:123
end_of_record
SF:D:\Devs\App8\playwright-dart\lib\src\core\selectors.dart
DA:11,1
DA:14,1
DA:19,1
DA:24,2
DA:26,4
DA:27,2
DA:28,1
DA:35,1
DA:36,1
DA:38,4
DA:39,2
DA:40,1
DA:47,1
DA:48,2
DA:49,1
DA:50,1
DA:53,2
DA:54,1
LF:18
LH:18
end_of_record
SF:D:\Devs\App8\playwright-dart\lib\src\generated\channels.dart
DA:645,0
DA:647,0
DA:651,0
DA:652,0
DA:656,0
DA:657,0
DA:664,0
DA:666,0
DA:670,0
DA:673,0
DA:674,0
DA:681,1
DA:683,1
DA:687,1
DA:688,1
DA:690,2
DA:694,0
DA:695,0
DA:703,0
DA:708,0
DA:712,0
DA:714,0
DA:715,0
DA:716,0
DA:717,0
DA:719,0
DA:720,0
DA:721,0
DA:722,0
DA:726,0
DA:727,0
DA:728,0
DA:729,0
DA:741,1
DA:749,1
DA:753,1
DA:754,1
DA:756,1
DA:757,3
DA:758,1
DA:759,0
DA:760,1
DA:761,1
DA:762,1
DA:766,0
DA:767,0
DA:768,0
DA:769,0
DA:770,0
DA:771,0
DA:772,0
DA:780,0
DA:782,0
DA:786,0
DA:787,0
DA:788,0
DA:793,0
DA:794,0
DA:795,0
DA:803,0
DA:805,0
DA:809,0
DA:810,0
DA:812,0
DA:816,0
DA:817,0
DA:827,0
DA:834,0
DA:838,0
DA:839,0
DA:840,0
DA:841,0
DA:842,0
DA:846,0
DA:847,0
DA:848,0
DA:849,0
DA:850,0
DA:851,0
DA:859,0
DA:861,0
DA:865,0
DA:866,0
DA:867,0
DA:872,0
DA:873,0
DA:874,0
DA:882,0
DA:884,0
DA:888,0
DA:889,0
DA:890,0
DA:895,0
DA:896,0
DA:897,0
DA:905,0
DA:907,0
DA:911,0
DA:914,0
DA:915,0
DA:922,0
DA:924,0
DA:928,0
DA:931,0
DA:932,0
DA:939,0
DA:941,0
DA:945,0
DA:948,0
DA:949,0
DA:950,0
DA:951,0
DA:953,0
DA:955,0
DA:959,0
DA:960,0
DA:961,0
DA:984,0
DA:1003,0
DA:1007,0
DA:1008,0
DA:1010,0
DA:1011,0
DA:1012,0
DA:1013,0
DA:1014,0
DA:1015,0
DA:1016,0
DA:1017,0
DA:1018,0
DA:1019,0
DA:1020,0
DA:1021,0
DA:1022,0
DA:1023,0
DA:1024,0
DA:1025,0
DA:1026,0
DA:1027,0
DA:1031,0
DA:1032,0
DA:1033,0
DA:1034,0
DA:1035,0
DA:1036,0
DA:1037,0
DA:1038,0
DA:1039,0
DA:1040,0
DA:1041,0
DA:1042,0
DA:1043,0
DA:1044,0
DA:1045,0
DA:1046,0
DA:1047,0
DA:1048,0
DA:1049,0
DA:1073,0
DA:1093,0
DA:1097,0
DA:1098,0
DA:1099,0
DA:1100,0
DA:1101,0
DA:1102,0
DA:1103,0
DA:1104,0
DA:1105,0
DA:1106,0
DA:1107,0
DA:1109,0
DA:1110,0
DA:1112,0
DA:1113,0
DA:1114,0
DA:1115,0
DA:1116,0
DA:1117,0
DA:1118,0
DA:1122,0
DA:1123,0
DA:1124,0
DA:1125,0
DA:1126,0
DA:1127,0
DA:1128,0
DA:1129,0
DA:1130,0
DA:1131,0
DA:1132,0
DA:1133,0
DA:1134,0
DA:1135,0
DA:1136,0
DA:1137,0
DA:1138,0
DA:1139,0
DA:1140,0
DA:1148,0
DA:1150,0
DA:1154,0
DA:1155,0
DA:1157,0
DA:1161,0
DA:1162,0
DA:1170,0
DA:1172,0
DA:1176,0
DA:1177,0
DA:1179,0
DA:1180,0
DA:1184,0
DA:1185,0
DA:1186,0
DA:1187,0
DA:1197,0
DA:1203,0
DA:1207,0
DA:1208,0
DA:1209,0
DA:1210,0
DA:1214,0
DA:1215,0
DA:1222,1
DA:1224,1
DA:1228,2
DA:1231,0
DA:1232,0
DA:1239,1
DA:1241,1
DA:1245,2
DA:1248,0
DA:1249,0
DA:1256,0
DA:1258,0
DA:1262,0
DA:1263,0
DA:1264,0
DA:1269,0
DA:1270,0
DA:1271,0
DA:1279,1
DA:1281,1
DA:1285,1
DA:1286,1
DA:1287,2
DA:1292,0
DA:1293,0
DA:1294,0
DA:1302,1
DA:1304,1
DA:1308,1
DA:1309,1
DA:1310,2
DA:1315,0
DA:1316,0
DA:1317,0
DA:1325,1
DA:1327,1
DA:1331,1
DA:1333,1
DA:1334,3
DA:1335,1
DA:1336,0
DA:1340,0
DA:1341,0
DA:1349,0
DA:1354,0
DA:1358,0
DA:1359,0
DA:1360,0
DA:1364,0
DA:1365,0
DA:1366,0
DA:1367,0
DA:1376,0
DA:1381,0
DA:1385,0
DA:1386,0
DA:1387,0
DA:1391,0
DA:1392,0
DA:1393,0
DA:1394,0
DA:1396,0
DA:1398,0
DA:1402,0
DA:1403,0
DA:1404,0
DA:1405,0
DA:1413,0
DA:1415,0
DA:1419,0
DA:1420,0
DA:1421,0
DA:1426,0
DA:1427,0
DA:1428,0
DA:1436,1
DA:1438,1
DA:1442,1
DA:1443,1
DA:1444,2
DA:1449,0
DA:1450,0
DA:1451,0
DA:1459,1
DA:1461,1
DA:1465,1
DA:1466,1
DA:1467,2
DA:1472,0
DA:1473,0
DA:1474,0
DA:1484,0
DA:1490,0
DA:1494,0
DA:1495,0
DA:1496,0
DA:1497,0
DA:1501,0
DA:1502,0
DA:1511,1
DA:1517,0
DA:1521,0
DA:1522,0
DA:1523,0
DA:1524,0
DA:1528,1
DA:1529,1
DA:1530,1
DA:1531,2
DA:1532,2
DA:1542,0
DA:1548,0
DA:1552,0
DA:1553,0
DA:1554,0
DA:1555,0
DA:1559,0
DA:1560,0
DA:1561,0
DA:1562,0
DA:1563,0
DA:1574,0
DA:1581,0
DA:1585,0
DA:1586,0
DA:1587,0
DA:1588,0
DA:1589,0
DA:1591,0
DA:1595,0
DA:1596,0
DA:1597,0
DA:1598,0
DA:1599,0
DA:1600,0
DA:1609,1
DA:1611,1
DA:1615,1
DA:1616,1
DA:1617,3
DA:1618,1
DA:1619,1
DA:1620,1
DA:1621,1
DA:1625,1
DA:1626,1
DA:1627,7
DA:1628,5
DA:1639,0
DA:1646,0
DA:1650,0
DA:1651,0
DA:1652,0
DA:1653,0
DA:1654,0
DA:1656,0
DA:1660,0
DA:1661,0
DA:1662,0
DA:1663,0
DA:1664,0
DA:1665,0
DA:1674,1
DA:1679,1
DA:1683,1
DA:1685,1
DA:1686,3
DA:1687,1
DA:1688,0
DA:1690,1
DA:1691,3
DA:1692,1
DA:1693,0
DA:1697,1
DA:1698,1
DA:1699,5
DA:1700,3
DA:1708,0
DA:1710,0
DA:1714,0
DA:1715,0
DA:1719,0
DA:1720,0
DA:1727,1
DA:1729,1
DA:1733,1
DA:1734,1
DA:1735,2
DA:1740,0
DA:1741,0
DA:1742,0
DA:1753,0
DA:1760,0
DA:1764,0
DA:1765,0
DA:1766,0
DA:1767,0
DA:1768,0
DA:1772,0
DA:1773,0
DA:1774,0
DA:1775,0
DA:1776,0
DA:1777,0
DA:1785,0
DA:1787,0
DA:1791,0
DA:1792,0
DA:1793,0
DA:1798,0
DA:1799,0
DA:1800,0
DA:1809,0
DA:1811,0
DA:1815,0
DA:1816,0
DA:1817,0
DA:1818,0
DA:1819,0
DA:1820,0
DA:1821,0
DA:1825,0
DA:1826,0
DA:1827,0
DA:1828,0
DA:1839,0
DA:1846,0
DA:1850,0
DA:1851,0
DA:1852,0
DA:1853,0
DA:1854,0
DA:1858,0
DA:1859,0
DA:1860,0
DA:1861,0
DA:1862,0
DA:1863,0
DA:1871,1
DA:1873,1
DA:1877,1
DA:1878,1
DA:1879,2
DA:1884,0
DA:1885,0
DA:1886,0
DA:1895,0
DA:1897,0
DA:1901,0
DA:1902,0
DA:1903,0
DA:1904,0
DA:1905,0
DA:1906,0
DA:1907,0
DA:1911,0
DA:1912,0
DA:1913,0
DA:1914,0
DA:1922,0
DA:1924,0
DA:1928,0
DA:1931,0
DA:1932,0
DA:1939,1
DA:1941,1
DA:1945,1
DA:1946,1
DA:1947,2
DA:1952,0
DA:1953,0
DA:1954,0
DA:1963,1
DA:1965,1
DA:1969,1
DA:1970,1
DA:1971,2
DA:1973,1
DA:1974,1
DA:1976,1
DA:1982,0
DA:1983,0
DA:1984,0
DA:1985,0
DA:1986,0
DA:1994,0
DA:1996,0
DA:2000,0
DA:2001,0
DA:2002,0
DA:2007,0
DA:2008,0
DA:2009,0
DA:2018,1
DA:2023,1
DA:2027,1
DA:2028,1
DA:2029,2
DA:2031,1
DA:2032,2
DA:2037,0
DA:2038,0
DA:2039,0
DA:2040,0
DA:2048,1
DA:2050,1
DA:2054,1
DA:2055,1
DA:2056,2
DA:2061,0
DA:2062,0
DA:2063,0
DA:2071,1
DA:2073,1
DA:2077,2
DA:2080,0
DA:2081,0
DA:2089,0
DA:2091,0
DA:2095,0
DA:2096,0
DA:2097,0
DA:2098,0
DA:2099,0
DA:2103,0
DA:2104,0
DA:2105,0
DA:2106,0
DA:2120,1
DA:2130,0
DA:2134,0
DA:2135,0
DA:2137,0
DA:2138,0
DA:2140,0
DA:2142,0
DA:2143,0
DA:2145,0
DA:2146,0
DA:2147,0
DA:2148,0
DA:2149,0
DA:2150,0
DA:2152,0
DA:2153,0
DA:2155,0
DA:2159,1
DA:2160,1
DA:2161,1
DA:2162,1
DA:2163,1
DA:2164,1
DA:2165,1
DA:2166,1
DA:2167,1
DA:2176,0
DA:2181,0
DA:2185,0
DA:2186,0
DA:2187,0
DA:2189,0
DA:2193,0
DA:2194,0
DA:2195,0
DA:2196,0
DA:2208,1
DA:2216,1
DA:2220,1
DA:2223,1
DA:2224,3
DA:2225,1
DA:2227,0
DA:2228,1
DA:2230,2
DA:2231,1
DA:2232,2
DA:2233,1
DA:2237,0
DA:2238,0
DA:2239,0
DA:2240,0
DA:2241,0
DA:2242,0
DA:2243,0
DA:2253,1
DA:2259,1
DA:2263,1
DA:2264,1
DA:2265,1
DA:2266,1
DA:2270,0
DA:2271,0
DA:2272,0
DA:2273,0
DA:2274,0
DA:2311,1
DA:2344,0
DA:2348,0
DA:2349,0
DA:2351,0
DA:2352,0
DA:2354,0
DA:2355,0
DA:2356,0
DA:2357,0
DA:2358,0
DA:2359,0
DA:2361,0
DA:2362,0
DA:2364,0
DA:2366,0
DA:2367,0
DA:2369,0
DA:2370,0
DA:2371,0
DA:2372,0
DA:2373,0
DA:2375,0
DA:2376,0
DA:2378,0
DA:2380,0
DA:2381,0
DA:2382,0
DA:2384,0
DA:2385,0
DA:2386,0
DA:2387,0
DA:2388,0
DA:2389,0
DA:2390,0
DA:2391,0
DA:2392,0
DA:2394,0
DA:2395,0
DA:2397,0
DA:2398,0
DA:2400,0
DA:2401,0
DA:2403,0
DA:2405,0
DA:2406,0
DA:2407,0
DA:2408,0
DA:2409,0
DA:2411,0
DA:2412,0
DA:2414,0
DA:2415,0
DA:2416,0
DA:2417,0
DA:2418,0
DA:2420,0
DA:2424,1
DA:2425,1
DA:2426,4
DA:2427,1
DA:2428,1
DA:2429,1
DA:2430,0
DA:2431,0
DA:2432,0
DA:2433,1
DA:2434,1
DA:2435,1
DA:2436,1
DA:2437,0
DA:2438,1
DA:2439,1
DA:2440,3
DA:2441,1
DA:2442,0
DA:2443,1
DA:2444,1
DA:2445,1
DA:2446,1
DA:2447,1
DA:2448,1
DA:2449,1
DA:2450,1
DA:2451,1
DA:2452,1
DA:2453,1
DA:2454,1
DA:2455,0
DA:2456,1
DA:2457,1
DA:2458,1
DA:2459,0
DA:2460,1
DA:2461,1
DA:2462,1
DA:2474,0
DA:2482,0
DA:2486,0
DA:2487,0
DA:2488,0
DA:2489,0
DA:2490,0
DA:2491,0
DA:2495,0
DA:2496,0
DA:2497,0
DA:2498,0
DA:2499,0
DA:2500,0
DA:2501,0
DA:2511,0
DA:2517,0
DA:2521,0
DA:2522,0
DA:2523,0
DA:2524,0
DA:2528,0
DA:2529,0
DA:2530,0
DA:2531,0
DA:2532,0
DA:2543,0
DA:2550,0
DA:2554,0
DA:2555,0
DA:2556,0
DA:2557,0
DA:2559,0
DA:2560,0
DA:2562,0
DA:2566,0
DA:2567,0
DA:2568,0
DA:2569,0
DA:2570,0
DA:2571,0
DA:2581,0
DA:2583,0
DA:2587,0
DA:2588,0
DA:2589,0
DA:2591,0
DA:2592,0
DA:2594,0
DA:2598,0
DA:2599,0
DA:2600,0
DA:2601,0
DA:2602,0
DA:2610,0
DA:2612,0
DA:2616,0
DA:2617,0
DA:2619,0
DA:2623,0
DA:2624,0
DA:2632,0
DA:2634,0
DA:2638,0
DA:2639,0
DA:2640,0
DA:2644,0
DA:2645,0
DA:2653,0
DA:2655,0
DA:2659,0
DA:2660,0
DA:2661,0
DA:2665,0
DA:2666,0
DA:2674,0
DA:2676,0
DA:2680,0
DA:2681,0
DA:2682,0
DA:2686,0
DA:2687,0
DA:2696,0
DA:2702,0
DA:2706,0
DA:2707,0
DA:2709,0
DA:2710,0
DA:2712,0
DA:2713,0
DA:2717,0
DA:2718,0
DA:2719,0
DA:2720,0
DA:2721,0
DA:2731,0
DA:2737,0
DA:2741,0
DA:2742,0
DA:2743,0
DA:2744,0
DA:2748,0
DA:2749,0
DA:2750,0
DA:2751,0
DA:2752,0
DA:2762,0
DA:2764,0
DA:2768,0
DA:2769,0
DA:2770,0
DA:2771,0
DA:2775,0
DA:2776,0
DA:2777,0
DA:2778,0
DA:2779,0
DA:2787,0
DA:2789,0
DA:2793,0
DA:2794,0
DA:2795,0
DA:2800,0
DA:2801,0
DA:2802,0
DA:2810,0
DA:2812,0
DA:2816,0
DA:2817,0
DA:2818,0
DA:2823,0
DA:2824,0
DA:2825,0
DA:2833,0
DA:2835,0
DA:2839,0
DA:2840,0
DA:2842,0
DA:2846,0
DA:2847,0
DA:2856,0
DA:2862,0
DA:2866,0
DA:2867,0
DA:2868,0
DA:2869,0
DA:2873,0
DA:2874,0
DA:2875,0
DA:2876,0
DA:2877,0
DA:2887,0
DA:2893,0
DA:2897,0
DA:2898,0
DA:2899,0
DA:2900,0
DA:2904,0
DA:2905,0
DA:2906,0
DA:2907,0
DA:2908,0
DA:2918,0
DA:2920,0
DA:2924,0
DA:2925,0
DA:2926,0
DA:2928,0
DA:2929,0
DA:2931,0
DA:2935,0
DA:2936,0
DA:2937,0
DA:2938,0
DA:2939,0
DA:2947,0
DA:2949,0
DA:2953,0
DA:2954,0
DA:2956,0
DA:2960,0
DA:2961,0
DA:2969,0
DA:2971,0
DA:2975,0
DA:2976,0
DA:2977,0
DA:2981,0
DA:2982,0
DA:2989,0
DA:2991,0
DA:2995,0
DA:2997,0
DA:2998,0
DA:3000,0
DA:3006,0
DA:3007,0
DA:3008,0
DA:3016,0
DA:3018,0
DA:3022,0
DA:3023,0
DA:3027,0
DA:3028,0
DA:3035,0
DA:3037,0
DA:3041,0
DA:3042,0
DA:3043,0
DA:3048,0
DA:3049,0
DA:3050,0
DA:3058,0
DA:3060,0
DA:3064,0
DA:3065,0
DA:3067,0
DA:3071,0
DA:3072,0
DA:3079,0
DA:3081,0
DA:3085,0
DA:3086,0
DA:3088,0
DA:3092,0
DA:3093,0
DA:3100,0
DA:3102,0
DA:3106,0
DA:3109,0
DA:3110,0
DA:3117,0
DA:3119,0
DA:3123,0
DA:3126,0
DA:3127,0
DA:3134,0
DA:3136,0
DA:3140,0
DA:3143,0
DA:3144,0
DA:3151,0
DA:3153,0
DA:3157,0
DA:3160,0
DA:3161,0
DA:3168,0
DA:3170,0
DA:3174,0
DA:3177,0
DA:3178,0
DA:3185,0
DA:3187,0
DA:3191,0
DA:3194,0
DA:3195,0
DA:3202,0
DA:3204,0
DA:3208,0
DA:3211,0
DA:3212,0
DA:3219,0
DA:3221,0
DA:3225,0
DA:3228,0
DA:3229,0
DA:3236,0
DA:3238,0
DA:3242,0
DA:3245,0
DA:3246,0
DA:3253,0
DA:3255,0
DA:3259,0
DA:3262,0
DA:3263,0
DA:3270,0
DA:3272,0
DA:3276,0
DA:3277,0
DA:3278,0
DA:3283,0
DA:3284,0
DA:3285,0
DA:3293,0
DA:3295,0
DA:3299,0
DA:3302,0
DA:3303,0
DA:3304,0
DA:3305,0
DA:3307,0
DA:3309,0
DA:3313,0
DA:3314,0
DA:3315,0
DA:3323,0
DA:3325,0
DA:3329,0
DA:3330,0
DA:3331,0
DA:3336,0
DA:3337,0
DA:3338,0
DA:3346,0
DA:3348,0
DA:3352,0
DA:3355,0
DA:3356,0
DA:3366,0
DA:3373,0
DA:3377,0
DA:3378,0
DA:3379,0
DA:3380,0
DA:3381,0
DA:3385,0
DA:3386,0
DA:3387,0
DA:3388,0
DA:3389,0
DA:3390,0
DA:3398,0
DA:3400,0
DA:3404,0
DA:3405,0
DA:3409,0
DA:3410,0
DA:3419,0
DA:3425,0
DA:3429,0
DA:3430,0
DA:3431,0
DA:3432,0
DA:3436,0
DA:3437,0
DA:3438,0
DA:3439,0
DA:3440,0
DA:3448,0
DA:3450,0
DA:3454,0
DA:3457,0
DA:3458,0
DA:3465,0
DA:3467,0
DA:3471,0
DA:3472,0
DA:3473,0
DA:3478,0
DA:3479,0
DA:3480,0
DA:3492,0
DA:3500,0
DA:3504,0
DA:3505,0
DA:3506,0
DA:3507,0
DA:3508,0
DA:3510,0
DA:3511,0
DA:3513,0
DA:3517,0
DA:3518,0
DA:3519,0
DA:3520,0
DA:3521,0
DA:3522,0
DA:3523,0
DA:3536,1
DA:3545,0
DA:3549,0
DA:3550,0
DA:3551,0
DA:3552,0
DA:3553,0
DA:3554,0
DA:3555,0
DA:3559,1
DA:3560,1
DA:3561,1
DA:3562,3
DA:3563,1
DA:3564,0
DA:3565,1
DA:3566,1
DA:3567,3
DA:3577,0
DA:3579,0
DA:3583,0
DA:3584,0
DA:3586,0
DA:3587,0
DA:3588,0
DA:3592,0
DA:3593,0
DA:3594,0
DA:3595,0
DA:3596,0
DA:3606,0
DA:3608,0
DA:3612,0
DA:3613,0
DA:3614,0
DA:3615,0
DA:3619,0
DA:3620,0
DA:3621,0
DA:3622,0
DA:3623,0
DA:3631,1
DA:3633,1
DA:3637,1
DA:3638,1
DA:3639,2
DA:3644,0
DA:3645,0
DA:3646,0
DA:3654,1
DA:3656,1
DA:3660,1
DA:3661,1
DA:3662,2
DA:3667,0
DA:3668,0
DA:3669,0
DA:3677,0
DA:3679,0
DA:3683,0
DA:3686,0
DA:3687,0
DA:3694,1
DA:3696,1
DA:3700,2
DA:3703,0
DA:3704,0
DA:3712,0
DA:3714,0
DA:3718,0
DA:3719,0
DA:3720,0
DA:3724,0
DA:3725,0
DA:3734,0
DA:3740,0
DA:3744,0
DA:3745,0
DA:3746,0
DA:3747,0
DA:3751,0
DA:3752,0
DA:3753,0
DA:3754,0
DA:3755,0
DA:3763,1
DA:3765,1
DA:3769,1
DA:3770,1
DA:3772,2
DA:3776,0
DA:3777,0
DA:3784,1
DA:3786,1
DA:3790,1
DA:3791,1
DA:3793,2
DA:3797,0
DA:3798,0
DA:3805,0
DA:3807,0
DA:3811,0
DA:3812,0
DA:3813,0
DA:3818,0
DA:3819,0
DA:3820,0
DA:3828,1
DA:3830,1
DA:3834,1
DA:3835,1
DA:3837,2
DA:3841,0
DA:3842,0
DA:3853,1
DA:3861,1
DA:3865,1
DA:3866,1
DA:3867,2
DA:3868,1
DA:3869,1
DA:3871,2
DA:3872,1
DA:3876,0
DA:3877,0
DA:3878,0
DA:3879,0
DA:3880,0
DA:3881,0
DA:3882,0
DA:3891,1
DA:3893,1
DA:3897,1
DA:3898,1
DA:3899,1
DA:3901,2
DA:3905,0
DA:3906,0
DA:3907,0
DA:3908,0
DA:3916,0
DA:3918,0
DA:3922,0
DA:3923,0
DA:3924,0
DA:3929,0
DA:3930,0
DA:3931,0
DA:3939,1
DA:3941,1
DA:3945,2
DA:3948,0
DA:3949,0
DA:3956,1
DA:3958,1
DA:3962,1
DA:3963,1
DA:3964,2
DA:3969,0
DA:3970,0
DA:3971,0
DA:3979,1
DA:3981,1
DA:3985,2
DA:3988,0
DA:3989,0
DA:3996,1
DA:3998,1
DA:4002,2
DA:4005,0
DA:4006,0
DA:4013,1
DA:4015,1
DA:4019,2
DA:4022,0
DA:4023,0
DA:4030,1
DA:4032,1
DA:4036,2
DA:4039,0
DA:4040,0
DA:4047,1
DA:4049,1
DA:4053,2
DA:4056,0
DA:4057,0
DA:4064,1
DA:4066,1
DA:4070,2
DA:4073,0
DA:4074,0
DA:4081,1
DA:4083,1
DA:4087,2
DA:4090,0
DA:4091,0
DA:4098,1
DA:4100,1
DA:4104,2
DA:4107,0
DA:4108,0
DA:4115,1
DA:4117,1
DA:4121,2
DA:4124,0
DA:4125,0
DA:4132,0
DA:4134,0
DA:4138,0
DA:4139,0
DA:4140,0
DA:4145,0
DA:4146,0
DA:4147,0
DA:4155,1
DA:4157,1
DA:4161,2
DA:4164,0
DA:4165,0
DA:4172,0
DA:4174,0
DA:4178,0
DA:4181,0
DA:4182,0
DA:4183,0
DA:4184,0
DA:4186,0
DA:4188,0
DA:4192,0
DA:4193,0
DA:4194,0
DA:4202,0
DA:4204,0
DA:4208,0
DA:4209,0
DA:4210,0
DA:4215,0
DA:4216,0
DA:4217,0
DA:4225,0
DA:4227,0
DA:4231,0
DA:4232,0
DA:4236,0
DA:4237,0
DA:4247,1
DA:4254,1
DA:4258,1
DA:4259,1
DA:4260,1
DA:4261,1
DA:4262,1
DA:4266,1
DA:4267,1
DA:4268,1
DA:4269,1
DA:4270,1
DA:4271,3
DA:4279,1
DA:4281,1
DA:4285,1
DA:4286,2
DA:4290,0
DA:4291,0
DA:4300,1
DA:4306,1
DA:4310,1
DA:4311,1
DA:4312,1
DA:4313,1
DA:4317,1
DA:4318,1
DA:4319,2
DA:4320,3
DA:4321,2
DA:4329,1
DA:4331,1
DA:4335,2
DA:4338,0
DA:4339,0
DA:4346,0
DA:4348,0
DA:4352,0
DA:4355,0
DA:4356,0
DA:4363,1
DA:4365,1
DA:4369,1
DA:4370,1
DA:4371,2
DA:4376,0
DA:4377,0
DA:4378,0
DA:4386,1
DA:4388,1
DA:4392,1
DA:4393,1
DA:4394,2
DA:4399,0
DA:4400,0
DA:4401,0
DA:4411,0
DA:4417,0
DA:4421,0
DA:4422,0
DA:4424,0
DA:4425,0
DA:4426,0
DA:4427,0
DA:4428,0
DA:4432,0
DA:4433,0
DA:4434,0
DA:4435,0
DA:4436,0
DA:4449,0
DA:4458,0
DA:4462,0
DA:4463,0
DA:4465,0
DA:4466,0
DA:4467,0
DA:4468,0
DA:4469,0
DA:4470,0
DA:4471,0
DA:4473,0
DA:4474,0
DA:4475,0
DA:4476,0
DA:4480,0
DA:4481,0
DA:4482,0
DA:4483,0
DA:4484,0
DA:4485,0
DA:4486,0
DA:4487,0
DA:4499,0
DA:4507,0
DA:4511,0
DA:4512,0
DA:4513,0
DA:4514,0
DA:4515,0
DA:4516,0
DA:4520,0
DA:4521,0
DA:4522,0
DA:4523,0
DA:4524,0
DA:4525,0
DA:4526,0
DA:4537,0
DA:4544,0
DA:4548,0
DA:4549,0
DA:4550,0
DA:4551,0
DA:4552,0
DA:4556,0
DA:4557,0
DA:4558,0
DA:4559,0
DA:4560,0
DA:4561,0
DA:4569,0
DA:4571,0
DA:4575,0
DA:4576,0
DA:4577,0
DA:4582,0
DA:4583,0
DA:4584,0
DA:4592,0
DA:4594,0
DA:4598,0
DA:4599,0
DA:4601,0
DA:4605,0
DA:4606,0
DA:4613,0
DA:4615,0
DA:4619,0
DA:4621,0
DA:4622,0
DA:4623,0
DA:4625,0
DA:4626,0
DA:4630,0
DA:4631,0
DA:4639,0
DA:4644,0
DA:4648,0
DA:4649,0
DA:4650,0
DA:4651,0
DA:4656,0
DA:4657,0
DA:4658,0
DA:4659,0
DA:4667,0
DA:4669,0
DA:4673,0
DA:4674,0
DA:4675,0
DA:4680,0
DA:4681,0
DA:4682,0
DA:4690,0
DA:4692,0
DA:4696,0
DA:4697,0
DA:4699,0
DA:4703,0
DA:4704,0
DA:4728,1
DA:4749,0
DA:4753,0
DA:4754,0
DA:4755,0
DA:4756,0
DA:4757,0
DA:4758,0
DA:4759,0
DA:4760,0
DA:4761,0
DA:4762,0
DA:4763,0
DA:4764,0
DA:4765,0
DA:4766,0
DA:4767,0
DA:4768,0
DA:4769,0
DA:4771,0
DA:4772,0
DA:4773,0
DA:4777,1
DA:4778,1
DA:4779,1
DA:4780,1
DA:4781,1
DA:4782,1
DA:4783,1
DA:4784,1
DA:4785,1
DA:4786,1
DA:4787,1
DA:4788,1
DA:4789,1
DA:4790,1
DA:4791,1
DA:4792,1
DA:4793,0
DA:4794,1
DA:4795,1
DA:4796,2
DA:4797,1
DA:4808,0
DA:4815,0
DA:4819,0
DA:4820,0
DA:4821,0
DA:4822,0
DA:4823,0
DA:4827,0
DA:4828,0
DA:4829,0
DA:4830,0
DA:4831,0
DA:4832,0
DA:4841,0
DA:4843,0
DA:4847,0
DA:4849,0
DA:4850,0
DA:4851,0
DA:4852,0
DA:4853,0
DA:4854,0
DA:4859,0
DA:4860,0
DA:4861,0
DA:4862,0
DA:4870,0
DA:4872,0
DA:4876,0
DA:4879,0
DA:4880,0
DA:4892,1
DA:4901,1
DA:4905,1
DA:4906,1
DA:4908,1
DA:4909,4
DA:4911,1
DA:4912,1
DA:4913,3
DA:4914,1
DA:4915,1
DA:4916,1
DA:4917,1
DA:4921,0
DA:4922,0
DA:4923,0
DA:4924,0
DA:4925,0
DA:4926,0
DA:4927,0
DA:4928,0
DA:4937,1
DA:4939,1
DA:4943,1
DA:4944,1
DA:4945,1
DA:4949,0
DA:4950,0
DA:4951,0
DA:4952,0
DA:4960,0
DA:4962,0
DA:4966,0
DA:4969,0
DA:4970,0
DA:4980,0
DA:4982,0
DA:4986,0
DA:4987,0
DA:4988,0
DA:4990,0
DA:4991,0
DA:4992,0
DA:4996,0
DA:4997,0
DA:4998,0
DA:4999,0
DA:5000,0
DA:5001,0
DA:5011,0
DA:5013,0
DA:5017,0
DA:5018,0
DA:5019,0
DA:5020,0
DA:5024,0
DA:5025,0
DA:5026,0
DA:5027,0
DA:5028,0
DA:5037,1
DA:5039,1
DA:5043,3
DA:5046,1
DA:5047,3
DA:5063,1
DA:5076,1
DA:5080,1
DA:5081,1
DA:5082,1
DA:5083,2
DA:5084,1
DA:5085,1
DA:5086,1
DA:5087,1
DA:5088,1
DA:5090,1
DA:5091,4
DA:5093,1
DA:5094,1
DA:5098,1
DA:5099,1
DA:5100,1
DA:5101,0
DA:5102,2
DA:5103,2
DA:5104,2
DA:5105,2
DA:5106,1
DA:5107,2
DA:5108,3
DA:5109,2
DA:5110,2
DA:5120,1
DA:5126,1
DA:5130,1
DA:5131,1
DA:5132,0
DA:5133,0
DA:5135,1
DA:5136,3
DA:5137,1
DA:5138,0
DA:5139,1
DA:5143,0
DA:5144,0
DA:5145,0
DA:5146,0
DA:5147,0
DA:5148,0
DA:5156,1
DA:5158,1
DA:5162,1
DA:5163,1
DA:5164,2
DA:5169,0
DA:5170,0
DA:5171,0
DA:5179,0
DA:5181,0
DA:5185,0
DA:5187,0
DA:5188,0
DA:5189,0
DA:5190,0
DA:5194,0
DA:5195,0
DA:5202,0
DA:5204,0
DA:5208,0
DA:5209,0
DA:5211,0
DA:5215,0
DA:5216,0
DA:5224,0
DA:5226,0
DA:5230,0
DA:5231,0
DA:5232,0
DA:5234,0
DA:5238,0
DA:5239,0
DA:5240,0
DA:5241,0
DA:5254,0
DA:5263,0
DA:5267,0
DA:5268,0
DA:5269,0
DA:5270,0
DA:5271,0
DA:5272,0
DA:5273,0
DA:5277,0
DA:5278,0
DA:5279,0
DA:5280,0
DA:5281,0
DA:5282,0
DA:5283,0
DA:5284,0
DA:5292,0
DA:5294,0
DA:5298,0
DA:5299,0
DA:5300,0
DA:5305,0
DA:5306,0
DA:5307,0
DA:5315,1
DA:5317,1
DA:5321,1
DA:5322,1
DA:5323,2
DA:5328,0
DA:5329,0
DA:5330,0
DA:5338,1
DA:5340,1
DA:5344,1
DA:5345,1
DA:5346,2
DA:5351,0
DA:5352,0
DA:5353,0
DA:5361,0
DA:5363,0
DA:5367,0
DA:5369,0
DA:5370,0
DA:5371,0
DA:5372,0
DA:5376,0
DA:5377,0
DA:5387,0
DA:5389,0
DA:5393,0
DA:5394,0
DA:5395,0
DA:5396,0
DA:5397,0
DA:5401,0
DA:5402,0
DA:5403,0
DA:5404,0
DA:5405,0
DA:5406,0
DA:5414,1
DA:5416,1
DA:5420,2
DA:5423,0
DA:5424,0
DA:5431,0
DA:5433,0
DA:5437,0
DA:5440,0
DA:5441,0
DA:5448,0
DA:5450,0
DA:5454,0
DA:5457,0
DA:5458,0
DA:5465,1
DA:5467,1
DA:5471,1
DA:5472,1
DA:5473,2
DA:5478,0
DA:5479,0
DA:5480,0
DA:5488,0
DA:5490,0
DA:5494,0
DA:5497,0
DA:5498,0
DA:5499,0
DA:5501,0
DA:5505,0
DA:5506,0
DA:5507,0
DA:5515,0
DA:5517,0
DA:5521,0
DA:5524,0
DA:5525,0
DA:5532,0
DA:5534,0
DA:5538,0
DA:5539,0
DA:5540,0
DA:5545,0
DA:5546,0
DA:5547,0
DA:5556,0
DA:5558,0
DA:5562,0
DA:5563,0
DA:5564,0
DA:5568,0
DA:5569,0
DA:5576,1
DA:5578,1
DA:5582,2
DA:5585,0
DA:5586,0
DA:5596,1
DA:5603,1
DA:5607,1
DA:5608,1
DA:5609,1
DA:5610,1
DA:5611,1
DA:5613,0
DA:5617,1
DA:5618,1
DA:5619,3
DA:5620,1
DA:5621,1
DA:5622,1
DA:5631,1
DA:5633,1
DA:5637,1
DA:5638,1
DA:5639,1
DA:5643,1
DA:5644,3
DA:5654,0
DA:5661,0
DA:5665,0
DA:5666,0
DA:5667,0
DA:5668,0
DA:5669,0
DA:5671,0
DA:5675,0
DA:5676,0
DA:5677,0
DA:5678,0
DA:5679,0
DA:5680,0
DA:5688,0
DA:5690,0
DA:5694,0
DA:5696,0
DA:5697,0
DA:5698,0
DA:5699,0
DA:5703,0
DA:5704,0
DA:5713,0
DA:5719,0
DA:5723,0
DA:5725,0
DA:5726,0
DA:5727,0
DA:5728,0
DA:5732,0
DA:5733,0
DA:5734,0
DA:5735,0
DA:5739,0
DA:5740,0
DA:5741,0
DA:5742,0
DA:5743,0
DA:5752,0
DA:5757,0
DA:5761,0
DA:5762,0
DA:5763,0
DA:5767,0
DA:5768,0
DA:5775,0
DA:5777,0
DA:5781,0
DA:5783,0
DA:5784,0
DA:5785,0
DA:5786,0
DA:5790,0
DA:5791,0
DA:5801,0
DA:5808,0
DA:5812,0
DA:5814,0
DA:5815,0
DA:5816,0
DA:5817,0
DA:5821,0
DA:5822,0
DA:5823,0
DA:5824,0
DA:5825,0
DA:5829,0
DA:5830,0
DA:5831,0
DA:5832,0
DA:5833,0
DA:5834,0
DA:5845,0
DA:5851,0
DA:5855,0
DA:5856,0
DA:5857,0
DA:5859,0
DA:5860,0
DA:5861,0
DA:5862,0
DA:5866,0
DA:5867,0
DA:5871,0
DA:5872,0
DA:5873,0
DA:5874,0
DA:5875,0
DA:5885,0
DA:5891,0
DA:5895,0
DA:5896,0
DA:5897,0
DA:5898,0
DA:5902,0
DA:5903,0
DA:5904,0
DA:5905,0
DA:5906,0
DA:5915,0
DA:5920,0
DA:5924,0
DA:5925,0
DA:5926,0
DA:5930,0
DA:5931,0
DA:5942,0
DA:5950,0
DA:5954,0
DA:5955,0
DA:5956,0
DA:5957,0
DA:5958,0
DA:5959,0
DA:5963,0
DA:5964,0
DA:5965,0
DA:5966,0
DA:5967,0
DA:5968,0
DA:5969,0
DA:5980,0
DA:5987,0
DA:5991,0
DA:5992,0
DA:5993,0
DA:5994,0
DA:5996,0
DA:5997,0
DA:5999,0
DA:6003,0
DA:6004,0
DA:6005,0
DA:6006,0
DA:6007,0
DA:6008,0
DA:6019,0
DA:6026,0
DA:6030,0
DA:6031,0
DA:6032,0
DA:6033,0
DA:6034,0
DA:6038,0
DA:6039,0
DA:6040,0
DA:6041,0
DA:6042,0
DA:6043,0
DA:6051,1
DA:6053,1
DA:6057,1
DA:6058,1
DA:6059,1
DA:6061,1
DA:6067,0
DA:6068,0
DA:6069,0
DA:6078,0
DA:6080,0
DA:6084,0
DA:6085,0
DA:6086,0
DA:6087,0
DA:6088,0
DA:6089,0
DA:6090,0
DA:6094,0
DA:6095,0
DA:6096,0
DA:6097,0
DA:6106,0
DA:6108,0
DA:6109,0
DA:6110,0
DA:6111,0
DA:6115,0
DA:6116,0
DA:6129,0
DA:6139,0
DA:6143,0
DA:6144,0
DA:6146,0
DA:6147,0
DA:6149,0
DA:6150,0
DA:6152,0
DA:6153,0
DA:6155,0
DA:6156,0
DA:6157,0
DA:6158,0
DA:6162,0
DA:6163,0
DA:6164,0
DA:6165,0
DA:6166,0
DA:6167,0
DA:6168,0
DA:6169,0
DA:6170,0
DA:6185,0
DA:6196,0
DA:6200,0
DA:6201,0
DA:6203,0
DA:6204,0
DA:6205,0
DA:6206,0
DA:6207,0
DA:6208,0
DA:6209,0
DA:6210,0
DA:6211,0
DA:6212,0
DA:6216,0
DA:6217,0
DA:6218,0
DA:6219,0
DA:6220,0
DA:6221,0
DA:6222,0
DA:6223,0
DA:6224,0
DA:6225,0
DA:6234,0
DA:6236,0
DA:6240,0
DA:6241,0
DA:6242,0
DA:6246,0
DA:6247,0
DA:6257,0
DA:6264,0
DA:6265,0
DA:6266,0
DA:6267,0
DA:6268,0
DA:6269,0
DA:6273,0
DA:6274,0
DA:6282,0
DA:6284,0
DA:6288,0
DA:6291,0
DA:6292,0
DA:6299,0
DA:6301,0
DA:6305,0
DA:6307,0
DA:6308,0
DA:6309,0
DA:6310,0
DA:6314,0
DA:6315,0
DA:6322,0
DA:6324,0
DA:6328,0
DA:6329,0
DA:6330,0
DA:6335,0
DA:6336,0
DA:6337,0
DA:6348,0
DA:6355,0
DA:6359,0
DA:6360,0
DA:6361,0
DA:6362,0
DA:6363,0
DA:6367,0
DA:6368,0
DA:6369,0
DA:6370,0
DA:6371,0
DA:6372,0
DA:6387,0
DA:6398,0
DA:6402,0
DA:6403,0
DA:6404,0
DA:6405,0
DA:6406,0
DA:6407,0
DA:6408,0
DA:6409,0
DA:6410,0
DA:6411,0
DA:6415,0
DA:6416,0
DA:6417,0
DA:6418,0
DA:6419,0
DA:6420,0
DA:6421,0
DA:6422,0
DA:6423,0
DA:6424,0
DA:6432,0
DA:6434,0
DA:6438,0
DA:6441,0
DA:6442,0
DA:6449,0
DA:6451,0
DA:6455,0
DA:6458,0
DA:6459,0
DA:6466,0
DA:6468,0
DA:6472,0
DA:6474,0
DA:6475,0
DA:6476,0
DA:6477,0
DA:6481,0
DA:6482,0
DA:6489,0
DA:6491,0
DA:6495,0
DA:6496,0
DA:6498,0
DA:6502,0
DA:6503,0
DA:6510,0
DA:6512,0
DA:6516,0
DA:6517,0
DA:6519,0
DA:6523,0
DA:6524,0
DA:6531,0
DA:6533,0
DA:6537,0
DA:6538,0
DA:6540,0
DA:6544,0
DA:6545,0
DA:6552,0
DA:6554,0
DA:6558,0
DA:6559,0
DA:6560,0
DA:6565,0
DA:6566,0
DA:6567,0
DA:6579,0
DA:6587,0
DA:6591,0
DA:6592,0
DA:6593,0
DA:6594,0
DA:6595,0
DA:6596,0
DA:6600,0
DA:6601,0
DA:6602,0
DA:6603,0
DA:6604,0
DA:6605,0
DA:6606,0
DA:6616,1
DA:6622,0
DA:6626,0
DA:6627,0
DA:6628,0
DA:6629,0
DA:6633,1
DA:6634,1
DA:6635,3
DA:6636,2
DA:6637,2
DA:6646,1
DA:6648,0
DA:6652,0
DA:6655,0
DA:6656,0
DA:6657,0
DA:6659,0
DA:6660,0
DA:6662,0
DA:6666,1
DA:6667,1
DA:6668,3
DA:6669,2
DA:6678,0
DA:6680,0
DA:6684,0
DA:6685,0
DA:6687,0
DA:6688,0
DA:6690,0
DA:6694,0
DA:6695,0
DA:6696,0
DA:6697,0
DA:6707,0
DA:6709,0
DA:6713,0
DA:6714,0
DA:6715,0
DA:6716,0
DA:6720,0
DA:6721,0
DA:6722,0
DA:6723,0
DA:6724,0
DA:6746,1
DA:6764,1
DA:6768,1
DA:6769,1
DA:6770,3
DA:6771,1
DA:6772,1
DA:6773,1
DA:6774,1
DA:6775,1
DA:6776,1
DA:6777,1
DA:6778,2
DA:6779,1
DA:6780,3
DA:6781,1
DA:6782,1
DA:6783,1
DA:6784,1
DA:6785,1
DA:6786,1
DA:6787,1
DA:6789,1
DA:6790,4
DA:6795,1
DA:6796,1
DA:6797,1
DA:6798,1
DA:6799,1
DA:6800,1
DA:6801,1
DA:6802,1
DA:6803,1
DA:6804,3
DA:6805,7
DA:6806,1
DA:6807,1
DA:6808,1
DA:6809,1
DA:6810,1
DA:6811,4
DA:6821,0
DA:6823,0
DA:6827,0
DA:6828,0
DA:6829,0
DA:6830,0
DA:6834,0
DA:6835,0
DA:6843,1
DA:6845,1
DA:6849,1
DA:6850,1
DA:6851,3
DA:6855,1
DA:6856,4
DA:6864,0
DA:6866,0
DA:6870,0
DA:6873,0
DA:6874,0
DA:6882,0
DA:6884,0
DA:6888,0
DA:6889,0
DA:6890,0
DA:6892,0
DA:6893,0
DA:6898,0
DA:6899,0
DA:6916,1
DA:6930,1
DA:6934,1
DA:6935,1
DA:6936,1
DA:6937,2
DA:6938,1
DA:6939,1
DA:6940,1
DA:6941,1
DA:6942,1
DA:6944,1
DA:6945,4
DA:6947,1
DA:6948,1
DA:6949,1
DA:6953,1
DA:6954,1
DA:6955,1
DA:6956,0
DA:6957,3
DA:6958,3
DA:6959,3
DA:6960,2
DA:6961,1
DA:6962,3
DA:6963,4
DA:6964,3
DA:6965,1
DA:6966,2
DA:6976,0
DA:6982,0
DA:6986,0
DA:6987,0
DA:6988,0
DA:6989,0
DA:6991,0
DA:6992,0
DA:6993,0
DA:6994,0
DA:6995,0
DA:6999,0
DA:7000,0
DA:7001,0
DA:7002,0
DA:7003,0
DA:7004,0
DA:7014,0
DA:7016,0
DA:7020,0
DA:7021,0
DA:7022,0
DA:7023,0
DA:7025,0
DA:7026,0
DA:7031,0
DA:7032,0
DA:7033,0
DA:7034,0
DA:7035,0
DA:7046,0
DA:7053,0
DA:7057,0
DA:7058,0
DA:7059,0
DA:7060,0
DA:7061,0
DA:7065,0
DA:7066,0
DA:7067,0
DA:7068,0
DA:7069,0
DA:7070,0
DA:7078,1
DA:7080,1
DA:7084,2
DA:7087,0
DA:7088,0
DA:7096,0
DA:7098,0
DA:7102,0
DA:7103,0
DA:7104,0
DA:7106,0
DA:7107,0
DA:7108,0
DA:7112,0
DA:7113,0
DA:7114,0
DA:7115,0
DA:7123,0
DA:7125,0
DA:7129,0
DA:7132,0
DA:7133,0
DA:7142,0
DA:7144,0
DA:7148,0
DA:7149,0
DA:7150,0
DA:7151,0
DA:7155,0
DA:7156,0
DA:7157,0
DA:7158,0
DA:7159,0
DA:7167,0
DA:7169,0
DA:7173,0
DA:7176,0
DA:7177,0
DA:7185,0
DA:7187,0
DA:7191,0
DA:7192,0
DA:7193,0
DA:7195,0
DA:7196,0
DA:7197,0
DA:7201,0
DA:7202,0
DA:7203,0
DA:7204,0
DA:7219,0
DA:7230,0
DA:7234,0
DA:7235,0
DA:7236,0
DA:7237,0
DA:7238,0
DA:7239,0
DA:7240,0
DA:7241,0
DA:7242,0
DA:7246,0
DA:7247,0
DA:7248,0
DA:7249,0
DA:7250,0
DA:7251,0
DA:7252,0
DA:7253,0
DA:7254,0
DA:7255,0
DA:7263,0
DA:7265,0
DA:7269,0
DA:7270,0
DA:7271,0
DA:7276,0
DA:7277,0
DA:7278,0
DA:7286,1
DA:7288,1
DA:7292,1
DA:7293,1
DA:7295,2
DA:7299,0
DA:7300,0
DA:7305,1
DA:7313,1
DA:7314,1
DA:7315,0
DA:7316,2
DA:7317,1
DA:7324,0
DA:7325,0
DA:7326,0
DA:7327,0
DA:7328,0
DA:7335,1
DA:7351,1
DA:7352,0
DA:7354,0
DA:7356,0
DA:7357,0
DA:7359,0
DA:7361,1
DA:7362,0
DA:7363,0
DA:7364,1
DA:7365,0
DA:7366,0
DA:7367,0
DA:7368,1
DA:7369,1
DA:7370,2
DA:7371,1
DA:7375,1
DA:7377,1
DA:7381,0
DA:7384,0
DA:7385,0
DA:7386,0
DA:7387,0
DA:7391,0
DA:7393,0
DA:7397,0
DA:7400,0
DA:7401,0
DA:7402,0
DA:7403,0
DA:7407,0
DA:7409,0
DA:7413,0
DA:7416,0
DA:7417,0
DA:7418,0
DA:7419,0
DA:7423,0
DA:7425,0
DA:7431,1
DA:7439,0
DA:7444,0
DA:7445,0
DA:7447,0
DA:7449,0
DA:7450,0
DA:7451,0
DA:7455,0
DA:7460,0
DA:7468,0
DA:7469,0
DA:7473,0
DA:7476,0
DA:7477,0
DA:7478,0
DA:7479,0
DA:7483,0
DA:7485,0
DA:7489,0
DA:7495,0
DA:7496,0
DA:7497,0
DA:7498,0
DA:7499,0
DA:7500,0
DA:7501,0
DA:7508,0
DA:7513,0
DA:7514,0
DA:7515,0
DA:7516,0
DA:7517,0
DA:7518,0
DA:7525,0
DA:7531,0
DA:7532,0
DA:7533,0
DA:7534,0
DA:7535,0
DA:7536,0
DA:7537,0
DA:7544,0
DA:7547,0
DA:7548,0
DA:7549,0
DA:7550,0
DA:7554,0
DA:7557,0
DA:7562,0
DA:7563,0
DA:7564,0
DA:7565,0
DA:7566,0
DA:7567,0
DA:7574,0
DA:7575,0
DA:7576,0
DA:7577,0
DA:7578,0
DA:7585,0
DA:7589,0
DA:7590,0
DA:7591,0
DA:7592,0
DA:7593,0
DA:7600,0
DA:7601,0
DA:7602,0
DA:7603,0
DA:7604,0
DA:7611,0
DA:7612,0
DA:7613,0
DA:7614,0
DA:7615,0
DA:7622,0
DA:7626,0
DA:7627,0
DA:7628,0
DA:7629,0
DA:7630,0
DA:7637,0
DA:7643,0
DA:7644,0
DA:7645,0
DA:7646,0
DA:7647,0
DA:7648,0
DA:7649,0
DA:7653,0
DA:7655,0
DA:7659,0
DA:7663,0
DA:7664,0
DA:7665,0
DA:7666,0
DA:7667,0
DA:7674,0
DA:7677,0
DA:7678,0
DA:7679,0
DA:7680,0
DA:7684,0
DA:7687,0
DA:7693,0
DA:7694,0
DA:7695,0
DA:7696,0
DA:7697,0
DA:7698,0
DA:7699,0
DA:7706,0
DA:7712,0
DA:7713,0
DA:7714,0
DA:7715,0
DA:7716,0
DA:7717,0
DA:7718,0
DA:7725,0
DA:7730,0
DA:7731,0
DA:7732,0
DA:7733,0
DA:7734,0
DA:7735,0
DA:7742,0
DA:7743,0
DA:7744,0
DA:7746,0
DA:7748,0
DA:7750,0
DA:7754,0
DA:7761,0
DA:7762,0
DA:7763,0
DA:7764,0
DA:7765,0
DA:7766,0
DA:7767,0
DA:7768,0
DA:7775,0
DA:7778,0
DA:7779,0
DA:7780,0
DA:7781,0
DA:7785,0
DA:7788,0
DA:7795,0
DA:7796,0
DA:7797,0
DA:7798,0
DA:7799,0
DA:7800,0
DA:7801,0
DA:7802,0
DA:7809,0
DA:7814,0
DA:7815,0
DA:7816,0
DA:7817,0
DA:7818,0
DA:7822,0
DA:7827,0
DA:7828,0
DA:7829,0
DA:7830,0
DA:7831,0
DA:7832,0
DA:7841,0
DA:7849,0
DA:7850,0
DA:7854,0
DA:7855,0
DA:7856,0
DA:7857,0
DA:7858,0
DA:7867,1
DA:7875,0
DA:7876,0
DA:7880,1
DA:7881,4
DA:7885,1
DA:7886,4
DA:7887,2
DA:7890,1
DA:7891,2
DA:7892,1
DA:7894,1
DA:7896,1
DA:7898,1
DA:7902,1
DA:7903,1
DA:7904,1
DA:7905,2
DA:7906,1
DA:7913,0
DA:7914,0
DA:7915,0
DA:7917,0
DA:7919,0
DA:7921,0
DA:7925,1
DA:7926,4
DA:7927,2
DA:7932,0
DA:7940,0
DA:7941,0
DA:7942,0
DA:7943,0
DA:7944,0
DA:7951,0
DA:7952,0
DA:7953,0
DA:7954,0
DA:7955,0
DA:7964,1
DA:7972,1
DA:7973,1
DA:7974,0
DA:7975,2
DA:7976,1
DA:7983,0
DA:7985,0
DA:7986,0
DA:7988,0
DA:7990,0
DA:7992,0
DA:7996,0
DA:7999,0
DA:8000,0
DA:8001,0
DA:8002,0
DA:8009,0
DA:8010,0
DA:8011,0
DA:8013,0
DA:8018,1
DA:8020,2
DA:8021,1
DA:8023,1
DA:8025,1
DA:8027,1
DA:8031,1
DA:8036,1
DA:8037,2
DA:8038,0
DA:8039,0
DA:8040,2
DA:8041,1
DA:8045,2
DA:8048,0
DA:8053,0
DA:8054,0
DA:8055,0
DA:8056,0
DA:8057,0
DA:8058,0
DA:8062,0
DA:8064,0
DA:8068,0
DA:8075,0
DA:8076,0
DA:8077,0
DA:8078,0
DA:8079,0
DA:8080,0
DA:8081,0
DA:8082,0
DA:8086,0
DA:8089,1
DA:8094,1
DA:8095,0
DA:8096,3
DA:8097,0
DA:8098,2
DA:8099,1
DA:8106,0
DA:8107,0
DA:8108,0
DA:8110,0
DA:8115,1
DA:8116,2
DA:8117,1
DA:8119,1
DA:8121,2
DA:8126,1
DA:8134,1
DA:8137,1
DA:8138,1
DA:8139,2
DA:8140,1
DA:8147,1
DA:8150,1
DA:8151,1
DA:8152,2
DA:8153,1
DA:8157,1
DA:8159,1
DA:8163,1
DA:8174,1
DA:8175,0
DA:8177,0
DA:8180,0
DA:8182,0
DA:8183,0
DA:8184,0
DA:8185,0
DA:8186,0
DA:8187,0
DA:8188,2
DA:8189,1
DA:8196,1
DA:8197,2
DA:8198,1
DA:8200,1
DA:8205,0
DA:8209,0
DA:8210,0
DA:8211,0
DA:8212,0
DA:8213,0
DA:8220,0
DA:8224,0
DA:8225,0
DA:8226,0
DA:8227,0
DA:8228,0
DA:8235,0
DA:8239,0
DA:8240,0
DA:8241,0
DA:8242,0
DA:8243,0
DA:8250,0
DA:8251,0
DA:8252,0
DA:8254,0
DA:8259,0
DA:8263,0
DA:8264,0
DA:8265,0
DA:8266,0
DA:8267,0
DA:8274,0
DA:8278,0
DA:8279,0
DA:8280,0
DA:8281,0
DA:8282,0
DA:8289,0
DA:8293,0
DA:8294,0
DA:8295,0
DA:8296,0
DA:8297,0
DA:8304,1
DA:8305,1
DA:8306,0
DA:8307,2
DA:8308,1
DA:8315,1
DA:8318,1
DA:8319,1
DA:8320,2
DA:8321,1
DA:8325,1
DA:8327,1
DA:8331,0
DA:8335,0
DA:8336,0
DA:8337,0
DA:8338,0
DA:8339,0
DA:8343,0
DA:8345,0
DA:8349,0
DA:8350,0
DA:8351,0
DA:8353,0
DA:8358,0
DA:8372,0
DA:8374,0
DA:8376,0
DA:8377,0
DA:8378,0
DA:8380,0
DA:8382,0
DA:8384,0
DA:8386,0
DA:8388,0
DA:8390,0
DA:8391,0
DA:8393,0
DA:8395,0
DA:8396,0
DA:8403,0
DA:8406,0
DA:8407,0
DA:8408,0
DA:8409,0
DA:8413,0
DA:8415,0
DA:8419,1
DA:8420,2
DA:8421,1
DA:8423,1
DA:8428,1
DA:8432,1
DA:8433,1
DA:8434,1
DA:8435,2
DA:8436,1
DA:8443,1
DA:8447,1
DA:8448,0
DA:8449,3
DA:8450,2
DA:8451,1
DA:8455,1
DA:8457,1
DA:8461,1
DA:8462,4
DA:8463,1
DA:8465,1
DA:8469,0
DA:8470,0
DA:8474,1
DA:8477,1
DA:8478,2
DA:8479,2
DA:8480,1
DA:8487,1
DA:8490,1
DA:8491,1
DA:8492,2
DA:8493,1
DA:8500,1
DA:8503,1
DA:8504,2
DA:8505,2
DA:8506,1
DA:8513,0
DA:8516,0
DA:8518,0
DA:8520,0
DA:8521,0
DA:8528,0
DA:8532,0
DA:8533,0
DA:8534,0
DA:8535,0
DA:8542,1
DA:8543,1
DA:8544,1
DA:8545,2
DA:8546,1
DA:8553,1
DA:8556,1
DA:8557,2
DA:8558,2
DA:8559,1
DA:8566,1
DA:8569,1
DA:8570,1
DA:8571,2
DA:8572,1
DA:8579,0
DA:8583,0
DA:8584,0
DA:8585,0
DA:8586,0
DA:8593,1
DA:8596,1
DA:8597,0
DA:8598,2
DA:8599,1
DA:8603,1
DA:8605,1
DA:8609,0
DA:8613,0
DA:8614,0
DA:8615,0
DA:8616,0
DA:8617,0
DA:8626,1
DA:8634,1
DA:8642,1
DA:8643,1
DA:8644,0
DA:8645,0
DA:8646,0
DA:8647,0
DA:8648,1
DA:8649,2
DA:8650,1
DA:8654,1
DA:8656,1
DA:8660,0
DA:8664,0
DA:8665,0
DA:8666,0
DA:8667,0
DA:8668,0
DA:8672,0
DA:8674,0
DA:8678,1
DA:8682,1
DA:8683,2
DA:8684,0
DA:8685,2
DA:8686,1
DA:8690,2
DA:8693,1
DA:8700,1
DA:8701,2
DA:8702,2
DA:8703,0
DA:8704,1
DA:8705,2
DA:8706,1
DA:8710,1
DA:8712,1
DA:8718,1
DA:8726,1
DA:8727,4
DA:8731,1
DA:8735,1
DA:8736,1
DA:8737,0
DA:8738,2
DA:8739,1
DA:8743,2
DA:8748,0
DA:8756,0
DA:8757,0
DA:8758,0
DA:8760,0
DA:8765,0
DA:8769,0
DA:8770,0
DA:8771,0
DA:8772,0
DA:8773,0
DA:8780,0
DA:8784,0
DA:8785,0
DA:8786,0
DA:8787,0
DA:8788,0
DA:8795,0
DA:8796,0
DA:8800,0
DA:8801,0
DA:8805,0
DA:8810,0
DA:8812,0
DA:8814,0
DA:8816,0
DA:8818,0
DA:8819,0
DA:8826,0
DA:8827,0
DA:8828,0
DA:8829,0
DA:8830,0
DA:8839,1
DA:8847,0
DA:8848,0
DA:8852,0
DA:8853,0
DA:8854,0
DA:8856,0
DA:8861,0
DA:8862,0
DA:8866,0
DA:8867,0
DA:8868,0
DA:8869,0
DA:8870,0
DA:8879,1
DA:8887,1
DA:8888,1
DA:8889,1
DA:8890,2
DA:8891,1
DA:8898,1
DA:8899,4
DA:8905,1
DA:8913,1
DA:8914,4
DA:8920,1
DA:8928,0
DA:8952,0
DA:8954,0
DA:8956,0
DA:8957,0
DA:8958,0
DA:8959,0
DA:8960,0
DA:8961,0
DA:8962,0
DA:8963,0
DA:8965,0
DA:8967,0
DA:8969,0
DA:8972,0
DA:8974,0
DA:8975,0
DA:8976,0
DA:8977,0
DA:8978,0
DA:8980,0
DA:8982,0
DA:8983,0
DA:8984,0
DA:8985,0
DA:8986,0
DA:8990,0
DA:8995,0
DA:9003,0
DA:9006,0
DA:9007,0
DA:9008,0
DA:9009,0
DA:9013,0
DA:9015,0
DA:9019,0
DA:9025,0
DA:9026,0
DA:9027,0
DA:9028,0
DA:9029,0
DA:9030,0
DA:9034,0
DA:9036,0
DA:9040,0
DA:9046,0
DA:9047,0
DA:9048,0
DA:9049,0
DA:9050,0
DA:9051,0
DA:9055,0
DA:9057,0
DA:9061,0
DA:9065,0
DA:9066,0
DA:9067,0
DA:9068,0
DA:9069,0
DA:9078,1
DA:9086,0
DA:9087,0
DA:9088,0
DA:9090,0
DA:9092,0
DA:9094,0
DA:9098,0
DA:9104,0
DA:9105,0
DA:9106,0
DA:9107,0
DA:9108,0
DA:9109,0
DA:9110,0
DA:9117,0
DA:9129,0
DA:9130,0
DA:9131,0
DA:9132,0
DA:9133,0
DA:9134,0
DA:9135,0
DA:9136,0
DA:9137,0
DA:9138,0
DA:9139,0
DA:9140,0
DA:9141,0
DA:9148,0
DA:9149,0
DA:9150,0
DA:9152,0
DA:9154,0
DA:9156,0
DA:9160,0
DA:9170,0
DA:9171,0
DA:9172,0
DA:9173,0
DA:9174,0
DA:9175,0
DA:9176,0
DA:9177,0
DA:9178,0
DA:9179,0
DA:9180,0
DA:9187,0
DA:9191,0
DA:9192,0
DA:9193,0
DA:9194,0
DA:9195,0
DA:9202,0
DA:9209,0
DA:9210,0
DA:9211,0
DA:9212,0
DA:9213,0
DA:9214,0
DA:9215,0
DA:9216,0
DA:9220,0
DA:9222,0
DA:9226,0
DA:9232,0
DA:9233,0
DA:9234,0
DA:9235,0
DA:9236,0
DA:9237,0
DA:9238,0
DA:9242,0
DA:9244,0
DA:9248,0
DA:9253,0
DA:9254,0
DA:9255,0
DA:9256,0
DA:9257,0
DA:9258,0
DA:9265,0
DA:9266,0
DA:9270,0
DA:9273,0
DA:9274,0
DA:9275,0
DA:9276,0
DA:9280,0
DA:9282,0
DA:9286,0
DA:9293,0
DA:9294,0
DA:9295,0
DA:9296,0
DA:9297,0
DA:9298,0
DA:9299,0
DA:9300,0
DA:9307,0
DA:9308,0
DA:9309,0
DA:9311,0
DA:9313,0
DA:9315,0
DA:9319,0
DA:9320,0
DA:9321,0
DA:9323,0
DA:9325,0
DA:9327,0
DA:9331,0
DA:9332,0
DA:9333,0
DA:9335,0
DA:9337,0
DA:9339,0
DA:9343,0
DA:9344,0
DA:9345,0
DA:9347,0
DA:9349,0
DA:9351,0
DA:9355,0
DA:9356,0
DA:9357,0
DA:9359,0
DA:9361,0
DA:9363,0
DA:9367,0
DA:9368,0
DA:9369,0
DA:9371,0
DA:9373,0
DA:9375,0
DA:9379,0
DA:9380,0
DA:9381,0
DA:9383,0
DA:9385,0
DA:9387,0
DA:9391,0
DA:9392,0
DA:9393,0
DA:9395,0
DA:9399,0
DA:9400,0
DA:9401,0
DA:9403,0
DA:9405,0
DA:9407,0
DA:9411,0
DA:9412,0
DA:9413,0
DA:9415,0
DA:9417,0
DA:9419,0
DA:9423,0
DA:9429,0
DA:9430,0
DA:9431,0
DA:9432,0
DA:9433,0
DA:9434,0
DA:9435,0
DA:9442,0
DA:9446,0
DA:9447,0
DA:9448,0
DA:9449,0
DA:9450,0
DA:9454,0
DA:9456,0
DA:9460,0
DA:9463,0
DA:9464,0
DA:9465,0
DA:9466,0
DA:9470,0
DA:9472,0
DA:9476,0
DA:9482,0
DA:9483,0
DA:9484,0
DA:9485,0
DA:9486,0
DA:9487,0
DA:9488,0
DA:9492,0
DA:9494,0
DA:9498,0
DA:9499,0
DA:9500,0
DA:9501,0
DA:9502,0
DA:9509,0
DA:9515,0
DA:9516,0
DA:9517,0
DA:9518,0
DA:9519,0
DA:9520,0
DA:9521,0
DA:9525,0
DA:9527,0
DA:9531,0
DA:9535,0
DA:9536,0
DA:9537,0
DA:9538,0
DA:9539,0
DA:9546,0
DA:9554,0
DA:9556,0
DA:9558,0
DA:9559,0
DA:9560,0
DA:9561,0
DA:9562,0
DA:9563,0
DA:9564,0
DA:9571,0
DA:9578,0
DA:9579,0
DA:9580,0
DA:9581,0
DA:9582,0
DA:9583,0
DA:9584,0
DA:9588,0
DA:9589,0
DA:9590,0
DA:9592,0
DA:9594,0
DA:9596,0
DA:9600,0
DA:9605,0
DA:9606,0
DA:9607,0
DA:9608,0
DA:9609,0
DA:9610,0
DA:9617,0
DA:9623,0
DA:9624,0
DA:9625,0
DA:9626,0
DA:9627,0
DA:9628,0
DA:9629,0
DA:9636,0
DA:9640,0
DA:9641,0
DA:9642,0
DA:9643,0
DA:9644,0
DA:9651,0
DA:9657,0
DA:9658,0
DA:9659,0
DA:9660,0
DA:9661,0
DA:9662,0
DA:9663,0
DA:9667,0
DA:9669,0
DA:9675,1
DA:9683,0
DA:9686,0
DA:9687,0
DA:9688,0
DA:9689,0
DA:9698,1
DA:9706,1
DA:9711,1
DA:9712,1
DA:9713,0
DA:9714,0
DA:9715,2
DA:9716,1
DA:9720,2
DA:9723,1
DA:9727,1
DA:9728,1
DA:9729,0
DA:9730,2
DA:9731,1
DA:9735,2
DA:9738,0
DA:9746,0
DA:9747,0
DA:9748,0
DA:9749,0
DA:9750,0
DA:9751,0
DA:9752,0
DA:9753,0
DA:9754,0
DA:9758,0
DA:9761,1
DA:9766,1
DA:9767,1
DA:9768,0
DA:9769,1
DA:9770,2
DA:9771,1
DA:9778,1
DA:9786,1
DA:9787,0
DA:9788,0
DA:9789,1
DA:9790,0
DA:9791,1
DA:9792,0
DA:9793,2
DA:9794,1
DA:9801,1
DA:9815,1
DA:9816,0
DA:9817,0
DA:9818,0
DA:9819,0
DA:9820,0
DA:9821,0
DA:9822,0
DA:9823,1
DA:9824,0
DA:9825,0
DA:9826,1
DA:9827,0
DA:9828,2
DA:9829,1
DA:9836,1
DA:9837,4
DA:9838,2
DA:9841,1
DA:9853,1
DA:9854,0
DA:9855,0
DA:9856,0
DA:9857,0
DA:9858,0
DA:9859,1
DA:9860,0
DA:9861,0
DA:9862,1
DA:9863,0
DA:9864,2
DA:9865,1
DA:9872,1
DA:9879,1
DA:9880,2
DA:9881,1
DA:9882,0
DA:9883,1
DA:9884,1
DA:9885,2
DA:9886,1
DA:9893,1
DA:9904,1
DA:9905,0
DA:9906,1
DA:9908,0
DA:9910,0
DA:9911,0
DA:9912,1
DA:9914,0
DA:9916,1
DA:9917,0
DA:9918,2
DA:9919,1
DA:9926,0
DA:9936,0
DA:9937,0
DA:9938,0
DA:9939,0
DA:9940,0
DA:9941,0
DA:9942,0
DA:9943,0
DA:9944,0
DA:9945,0
DA:9946,0
DA:9953,1
DA:9960,1
DA:9961,2
DA:9962,1
DA:9963,0
DA:9964,1
DA:9965,0
DA:9966,2
DA:9967,1
DA:9971,2
DA:9974,1
DA:9980,1
DA:9981,2
DA:9982,1
DA:9983,0
DA:9984,1
DA:9985,2
DA:9986,1
DA:9990,1
DA:9992,1
DA:9996,1
DA:10001,1
DA:10002,2
DA:10003,1
DA:10004,0
DA:10005,2
DA:10006,1
DA:10010,1
DA:10012,1
DA:10016,0
DA:10021,0
DA:10022,0
DA:10023,0
DA:10024,0
DA:10025,0
DA:10026,0
DA:10030,0
DA:10032,0
DA:10036,1
DA:10048,1
DA:10049,0
DA:10050,1
DA:10052,0
DA:10054,1
DA:10056,0
DA:10058,1
DA:10059,0
DA:10060,1
DA:10061,1
DA:10062,1
DA:10063,2
DA:10064,1
DA:10068,2
DA:10071,1
DA:10078,1
DA:10079,0
DA:10080,1
DA:10081,0
DA:10082,1
DA:10083,1
DA:10084,2
DA:10085,1
DA:10092,1
DA:10097,1
DA:10098,1
DA:10099,0
DA:10100,1
DA:10101,2
DA:10102,1
DA:10109,0
DA:10110,0
DA:10111,0
DA:10113,0
DA:10115,0
DA:10118,1
DA:10124,1
DA:10125,1
DA:10126,1
DA:10127,0
DA:10128,1
DA:10129,2
DA:10130,1
DA:10134,2
DA:10137,1
DA:10143,1
DA:10144,0
DA:10145,1
DA:10146,1
DA:10147,2
DA:10148,2
DA:10149,1
DA:10153,2
DA:10156,0
DA:10157,0
DA:10158,0
DA:10159,0
DA:10160,0
DA:10167,1
DA:10171,1
DA:10172,1
DA:10173,0
DA:10174,2
DA:10175,1
DA:10182,1
DA:10191,1
DA:10192,0
DA:10193,0
DA:10194,0
DA:10195,1
DA:10196,0
DA:10197,1
DA:10198,0
DA:10199,2
DA:10200,1
DA:10207,1
DA:10212,1
DA:10213,1
DA:10214,0
DA:10215,1
DA:10216,2
DA:10217,1
DA:10221,2
DA:10224,1
DA:10229,1
DA:10230,1
DA:10231,0
DA:10232,1
DA:10233,2
DA:10234,1
DA:10238,2
DA:10241,1
DA:10246,1
DA:10247,1
DA:10248,0
DA:10249,1
DA:10250,2
DA:10251,1
DA:10255,2
DA:10258,1
DA:10263,1
DA:10264,1
DA:10265,0
DA:10266,1
DA:10267,2
DA:10268,1
DA:10272,2
DA:10275,1
DA:10280,1
DA:10281,1
DA:10282,0
DA:10283,1
DA:10284,2
DA:10285,1
DA:10289,2
DA:10292,1
DA:10297,1
DA:10298,1
DA:10299,0
DA:10300,1
DA:10301,2
DA:10302,1
DA:10306,2
DA:10309,1
DA:10314,1
DA:10315,1
DA:10316,0
DA:10317,1
DA:10318,2
DA:10319,1
DA:10323,2
DA:10326,1
DA:10330,1
DA:10331,1
DA:10332,0
DA:10333,2
DA:10334,1
DA:10338,2
DA:10341,1
DA:10345,1
DA:10346,1
DA:10347,0
DA:10348,2
DA:10349,1
DA:10353,2
DA:10356,1
DA:10364,1
DA:10365,0
DA:10366,1
DA:10367,0
DA:10368,1
DA:10369,0
DA:10370,1
DA:10371,2
DA:10372,1
DA:10379,1
DA:10382,1
DA:10383,1
DA:10384,2
DA:10385,1
DA:10389,2
DA:10392,0
DA:10396,0
DA:10397,0
DA:10398,0
DA:10399,0
DA:10400,0
DA:10404,0
DA:10407,0
DA:10410,0
DA:10411,0
DA:10412,0
DA:10413,0
DA:10417,0
DA:10419,0
DA:10423,0
DA:10426,0
DA:10427,0
DA:10428,0
DA:10429,0
DA:10433,0
DA:10435,0
DA:10439,1
DA:10447,1
DA:10448,0
DA:10449,0
DA:10450,1
DA:10451,1
DA:10452,0
DA:10453,1
DA:10454,2
DA:10455,1
DA:10459,2
DA:10462,1
DA:10467,1
DA:10468,1
DA:10469,1
DA:10470,2
DA:10471,2
DA:10472,1
DA:10479,1
DA:10489,1
DA:10491,0
DA:10493,0
DA:10494,0
DA:10495,1
DA:10496,1
DA:10497,0
DA:10498,0
DA:10499,1
DA:10500,2
DA:10501,1
DA:10508,0
DA:10517,0
DA:10518,0
DA:10519,0
DA:10520,0
DA:10521,0
DA:10522,0
DA:10523,0
DA:10524,0
DA:10525,0
DA:10529,1
DA:10534,1
DA:10535,1
DA:10536,0
DA:10537,1
DA:10538,2
DA:10539,1
DA:10543,2
DA:10546,0
DA:10547,0
DA:10548,0
DA:10551,1
DA:10558,1
DA:10559,0
DA:10560,1
DA:10561,0
DA:10562,1
DA:10563,1
DA:10564,2
DA:10565,1
DA:10572,1
DA:10580,1
DA:10581,0
DA:10582,0
DA:10583,1
DA:10584,0
DA:10585,1
DA:10586,0
DA:10587,2
DA:10588,1
DA:10595,1
DA:10602,1
DA:10603,2
DA:10604,1
DA:10605,0
DA:10606,0
DA:10607,1
DA:10608,2
DA:10609,1
DA:10613,1
DA:10615,1
DA:10619,1
DA:10626,1
DA:10627,0
DA:10628,1
DA:10629,0
DA:10630,0
DA:10631,1
DA:10632,2
DA:10633,1
DA:10637,1
DA:10639,1
DA:10643,1
DA:10644,1
DA:10645,1
DA:10646,2
DA:10647,1
DA:10656,1
DA:10664,1
DA:10665,4
DA:10669,0
DA:10674,0
DA:10675,0
DA:10676,0
DA:10677,0
DA:10678,0
DA:10679,0
DA:10683,0
DA:10685,0
DA:10689,0
DA:10695,0
DA:10696,0
DA:10697,0
DA:10698,0
DA:10699,0
DA:10700,0
DA:10704,0
DA:10706,0
DA:10710,0
DA:10713,0
DA:10714,0
DA:10715,0
DA:10716,0
DA:10720,0
DA:10723,0
DA:10724,0
DA:10725,0
DA:10727,0
DA:10729,0
DA:10731,0
DA:10735,0
DA:10736,0
DA:10737,0
DA:10739,0
DA:10741,0
DA:10746,0
DA:10754,0
DA:10755,0
DA:10759,0
DA:10760,0
DA:10761,0
DA:10762,0
DA:10763,0
DA:10772,1
DA:10780,0
DA:10783,0
DA:10784,0
DA:10785,0
DA:10786,0
DA:10793,0
DA:10801,0
DA:10802,0
DA:10803,0
DA:10804,0
DA:10805,0
DA:10807,0
DA:10809,0
DA:10810,0
DA:10811,0
DA:10815,0
DA:10818,0
DA:10823,0
DA:10824,0
DA:10825,0
DA:10826,0
DA:10827,0
DA:10828,0
DA:10832,0
DA:10834,0
DA:10838,0
DA:10839,0
DA:10840,0
DA:10841,0
DA:10842,0
DA:10849,1
DA:10857,1
DA:10858,1
DA:10859,1
DA:10860,1
DA:10861,1
DA:10862,0
DA:10863,1
DA:10864,2
DA:10865,1
DA:10869,2
DA:10872,1
DA:10875,1
DA:10876,1
DA:10877,2
DA:10878,1
DA:10882,2
DA:10885,0
DA:10890,0
DA:10891,0
DA:10892,0
DA:10893,0
DA:10894,0
DA:10895,0
DA:10902,0
DA:10903,0
DA:10904,0
DA:10905,0
DA:10906,0
DA:10913,0
DA:10918,0
DA:10919,0
DA:10920,0
DA:10921,0
DA:10922,0
DA:10923,0
DA:10927,0
DA:10929,0
DA:10933,0
DA:10941,0
DA:10943,0
DA:10945,0
DA:10946,0
DA:10947,0
DA:10948,0
DA:10949,0
DA:10950,0
DA:10956,1
DA:10964,1
DA:10967,1
DA:10968,1
DA:10969,2
DA:10970,1
DA:10974,2
DA:10977,1
DA:10978,2
DA:10979,1
DA:10981,1
DA:10986,0
DA:10987,0
DA:10988,0
DA:10990,0
DA:10995,0
DA:10996,0
DA:10997,0
DA:10999,0
DA:11004,0
DA:11005,0
DA:11006,0
DA:11008,0
DA:11013,1
DA:11014,1
DA:11015,0
DA:11016,0
DA:11017,2
DA:11018,1
DA:11025,0
DA:11028,0
DA:11029,0
DA:11030,0
DA:11031,0
DA:11035,0
DA:11038,1
DA:11045,1
DA:11046,2
DA:11047,0
DA:11048,0
DA:11049,2
DA:11050,2
DA:11051,2
DA:11052,1
DA:11059,0
DA:11072,0
DA:11073,0
DA:11074,0
DA:11075,0
DA:11076,0
DA:11077,0
DA:11078,0
DA:11079,0
DA:11081,0
DA:11083,0
DA:11084,0
DA:11085,0
DA:11086,0
DA:11087,0
DA:11091,0
DA:11093,0
DA:11097,0
DA:11100,0
DA:11101,0
DA:11102,0
DA:11103,0
DA:11107,0
DA:11110,1
DA:11114,1
DA:11115,1
DA:11116,2
DA:11117,2
DA:11118,1
DA:11122,2
DA:11125,1
DA:11129,1
DA:11130,1
DA:11131,2
DA:11132,2
DA:11133,1
DA:11137,2
DA:11140,0
DA:11141,0
DA:11142,0
DA:11144,0
DA:11149,1
DA:11150,1
DA:11151,1
DA:11152,2
DA:11153,1
DA:11160,1
DA:11161,1
DA:11162,1
DA:11163,2
DA:11164,1
DA:11171,1
DA:11175,1
DA:11176,0
DA:11177,1
DA:11178,2
DA:11179,1
DA:11186,1
DA:11190,1
DA:11191,0
DA:11192,1
DA:11193,2
DA:11194,1
DA:11201,1
DA:11202,1
DA:11203,1
DA:11204,2
DA:11205,1
DA:11212,1
DA:11219,1
DA:11220,0
DA:11221,1
DA:11222,0
DA:11223,1
DA:11224,1
DA:11225,2
DA:11226,1
DA:11233,1
DA:11237,1
DA:11238,0
DA:11239,0
DA:11240,2
DA:11241,1
DA:11248,1
DA:11253,1
DA:11254,0
DA:11255,1
DA:11256,1
DA:11257,2
DA:11258,1
DA:11265,1
DA:11269,1
DA:11270,0
DA:11271,0
DA:11272,2
DA:11273,1
DA:11280,0
DA:11284,0
DA:11285,0
DA:11286,0
DA:11287,0
DA:11288,0
DA:11295,0
DA:11298,0
DA:11299,0
DA:11300,0
DA:11301,0
DA:11305,0
DA:11308,1
DA:11324,1
DA:11326,0
DA:11328,0
DA:11329,1
DA:11330,0
DA:11331,0
DA:11332,1
DA:11333,0
DA:11334,0
DA:11335,0
DA:11337,0
DA:11339,0
DA:11340,0
DA:11341,0
DA:11342,0
DA:11343,3
DA:11344,2
DA:11347,0
DA:11348,0
DA:11349,0
DA:11351,0
DA:11353,0
DA:11356,0
DA:11360,0
DA:11361,0
DA:11362,0
DA:11363,0
DA:11364,0
DA:11368,0
DA:11370,0
DA:11374,1
DA:11378,1
DA:11379,1
DA:11380,2
DA:11381,2
DA:11382,1
DA:11386,2
DA:11389,0
DA:11390,0
DA:11391,0
DA:11393,0
DA:11398,0
DA:11399,0
DA:11400,0
DA:11403,0
DA:11407,0
DA:11408,0
DA:11409,0
DA:11410,0
DA:11411,0
DA:11418,0
DA:11423,0
DA:11424,0
DA:11425,0
DA:11426,0
DA:11427,0
DA:11428,0
DA:11435,0
DA:11436,0
DA:11437,0
DA:11439,0
DA:11444,0
DA:11445,0
DA:11446,0
DA:11447,0
DA:11448,0
DA:11455,0
DA:11458,0
DA:11459,0
DA:11460,0
DA:11461,0
DA:11468,0
DA:11471,0
DA:11472,0
DA:11473,0
DA:11474,0
DA:11481,0
DA:11485,0
DA:11486,0
DA:11487,0
DA:11488,0
DA:11489,0
DA:11493,0
DA:11495,0
DA:11499,0
DA:11505,0
DA:11506,0
DA:11507,0
DA:11508,0
DA:11509,0
DA:11510,0
DA:11511,0
DA:11515,0
DA:11518,0
DA:11519,0
DA:11520,0
DA:11522,0
DA:11527,1
DA:11535,1
DA:11536,2
DA:11537,0
DA:11538,0
DA:11539,0
DA:11540,1
DA:11541,0
DA:11542,2
DA:11543,1
DA:11547,2
DA:11550,0
DA:11551,0
DA:11552,0
DA:11553,0
DA:11554,0
DA:11561,1
DA:11564,1
DA:11565,1
DA:11566,2
DA:11567,1
DA:11574,1
DA:11577,1
DA:11578,1
DA:11579,2
DA:11580,1
DA:11587,1
DA:11590,1
DA:11591,2
DA:11592,2
DA:11593,1
DA:11600,0
DA:11603,0
DA:11604,0
DA:11605,0
DA:11606,0
DA:11613,0
DA:11614,0
DA:11616,0
DA:11618,0
DA:11619,0
DA:11626,0
DA:11630,0
DA:11632,0
DA:11635,0
DA:11637,0
DA:11638,0
DA:11645,0
DA:11646,0
DA:11647,0
DA:11649,0
DA:11651,0
DA:11654,0
DA:11655,0
DA:11656,0
DA:11658,0
DA:11660,0
DA:11663,1
DA:11667,1
DA:11668,1
DA:11669,1
DA:11670,2
DA:11671,1
DA:11678,0
DA:11679,0
DA:11680,0
DA:11681,0
DA:11682,0
DA:11689,1
DA:11693,1
DA:11694,1
DA:11695,2
DA:11696,2
DA:11697,1
DA:11706,1
DA:11714,1
DA:11727,1
DA:11728,0
DA:11730,0
DA:11733,0
DA:11736,0
DA:11739,0
DA:11742,0
DA:11744,0
DA:11745,0
DA:11746,0
DA:11747,0
DA:11748,0
DA:11749,2
DA:11750,1
DA:11754,1
DA:11756,1
DA:11762,1
DA:11770,0
DA:11771,0
DA:11772,0
DA:11774,0
DA:11776,0
DA:11778,0
DA:11782,0
DA:11783,0
DA:11784,0
DA:11789,1
DA:11797,0
DA:11798,0
DA:11799,0
DA:11802,0
DA:11803,0
DA:11804,0
DA:11806,0
DA:11808,0
DA:11811,0
DA:11812,0
DA:11813,0
DA:11815,0
DA:11817,0
DA:11819,0
DA:11823,0
DA:11824,0
DA:11825,0
DA:11827,0
DA:11829,0
DA:11831,0
DA:11835,0
DA:11836,0
DA:11837,0
DA:11839,0
DA:11841,0
DA:11844,0
DA:11845,0
DA:11846,0
DA:11851,0
DA:11859,0
DA:11862,0
DA:11863,0
DA:11864,0
DA:11865,0
DA:11869,0
DA:11874,1
DA:11882,1
DA:11883,1
DA:11884,1
DA:11885,2
DA:11886,1
DA:11893,1
DA:11900,1
DA:11901,0
DA:11902,1
DA:11903,0
DA:11904,0
DA:11905,0
DA:11906,2
DA:11907,1
DA:11914,1
DA:11921,1
DA:11922,1
DA:11924,0
DA:11926,1
DA:11927,1
DA:11928,1
DA:11929,2
DA:11930,1
DA:11937,0
DA:11938,0
DA:11939,0
DA:11940,0
DA:11941,0
DA:11950,0
DA:11958,0
DA:11963,0
DA:11964,0
DA:11965,0
DA:11966,0
DA:11967,0
DA:11968,0
DA:11975,0
DA:11979,0
DA:11980,0
DA:11981,0
DA:11982,0
DA:11983,0
DA:11990,0
DA:11991,0
DA:11992,0
DA:11993,0
DA:11994,0
DA:12001,0
DA:12005,0
DA:12006,0
DA:12007,0
DA:12008,0
DA:12009,0
DA:12016,0
DA:12020,0
DA:12021,0
DA:12022,0
DA:12023,0
DA:12024,0
DA:12033,1
DA:12041,0
DA:12042,0
DA:12046,1
DA:12047,1
DA:12048,0
DA:12049,2
DA:12050,1
DA:12054,2
DA:12059,1
DA:12067,0
DA:12071,0
DA:12072,0
DA:12073,0
DA:12074,0
DA:12075,0
DA:12079,0
DA:12082,0
DA:12086,0
DA:12087,0
DA:12088,0
DA:12089,0
DA:12090,0
DA:12094,0
DA:12097,0
DA:12101,0
DA:12102,0
DA:12103,0
DA:12104,0
DA:12105,0
DA:12112,0
DA:12113,0
DA:12114,0
DA:12116,0
DA:12121,0
DA:12127,0
DA:12128,0
DA:12129,0
DA:12130,0
DA:12131,0
DA:12132,0
DA:12133,0
DA:12140,0
DA:12144,0
DA:12145,0
DA:12146,0
DA:12147,0
DA:12148,0
DA:12152,0
DA:12154,0
DA:12158,0
DA:12159,0
DA:12160,0
DA:12162,0
DA:12167,0
DA:12170,0
DA:12171,0
DA:12172,0
DA:12173,0
DA:12177,0
DA:12179,0
DA:12185,0
DA:12195,0
DA:12203,0
DA:12208,0
DA:12209,0
DA:12210,0
DA:12211,0
DA:12212,0
DA:12213,0
DA:12220,0
DA:12225,0
DA:12226,0
DA:12227,0
DA:12228,0
DA:12229,0
DA:12230,0
DA:12237,0
DA:12238,0
DA:12242,0
DA:12243,0
DA:12244,0
DA:12246,0
DA:12251,0
DA:12255,0
DA:12256,0
DA:12257,0
DA:12258,0
DA:12259,0
DA:12266,0
DA:12270,0
DA:12271,0
DA:12272,0
DA:12273,0
DA:12274,0
DA:12283,1
DA:12291,0
DA:12292,0
DA:12293,0
DA:12294,0
DA:12295,0
DA:12302,1
DA:12307,1
DA:12308,2
DA:12309,1
DA:12310,0
DA:12311,2
DA:12312,1
DA:12316,1
DA:12318,1
DA:12322,0
DA:12328,0
DA:12329,0
DA:12330,0
DA:12331,0
DA:12332,0
DA:12333,0
DA:12337,0
DA:12339,0
DA:12343,0
DA:12347,0
DA:12348,0
DA:12349,0
DA:12350,0
DA:12351,0
DA:12360,0
DA:12368,0
DA:12369,0
DA:12373,0
DA:12374,0
DA:12375,0
DA:12376,0
DA:12377,0
LF:4607
LH:1197
end_of_record
SF:D:\Devs\App8\playwright-dart\lib\src\interaction\element_handle.dart
DA:135,0
DA:138,0
DA:140,0
DA:141,0
DA:142,0
DA:145,1
DA:153,0
DA:159,0
DA:161,0
DA:164,0
DA:167,0
DA:173,0
DA:175,0
DA:178,0
DA:181,0
DA:186,0
DA:188,0
DA:193,0
DA:195,0
DA:197,0
DA:198,0
DA:199,0
DA:200,0
DA:204,0
DA:206,0
DA:207,0
DA:208,0
DA:209,0
DA:210,0
DA:211,0
DA:217,0
DA:218,0
DA:220,0
DA:222,0
DA:223,0
DA:226,1
DA:228,1
DA:231,0
DA:239,0
DA:242,0
DA:246,0
DA:249,0
DA:256,0
DA:259,0
DA:262,0
DA:266,0
DA:279,0
DA:293,0
DA:304,0
DA:316,0
DA:318,0
DA:321,0
DA:329,0
DA:338,0
DA:340,0
DA:343,0
DA:345,0
DA:348,0
DA:355,0
DA:363,0
DA:371,0
DA:380,0
DA:387,0
DA:395,0
DA:402,0
DA:410,0
DA:412,0
DA:416,0
DA:418,0
DA:419,0
DA:422,0
DA:424,0
DA:425,0
DA:428,0
DA:430,0
DA:431,0
DA:434,0
DA:436,0
DA:437,0
DA:440,0
DA:442,0
DA:443,0
DA:446,0
DA:448,0
DA:449,0
DA:452,0
DA:454,0
DA:455,0
DA:458,0
DA:460,0
DA:461,0
DA:464,0
DA:466,0
DA:467,0
DA:470,0
DA:472,0
DA:473,0
DA:476,0
DA:478,0
DA:479,0
DA:482,0
DA:484,0
DA:485,0
DA:488,0
DA:490,0
DA:491,0
DA:493,0
DA:494,0
DA:499,0
DA:501,0
DA:502,0
DA:504,0
DA:505,0
DA:510,0
DA:512,0
DA:516,0
DA:518,0
DA:519,0
DA:524,0
DA:526,0
DA:527,0
DA:529,0
DA:530,0
DA:531,0
DA:535,0
DA:538,0
DA:540,0
DA:542,0
DA:546,0
DA:553,0
DA:554,0
DA:557,0
DA:558,0
DA:563,0
DA:566,0
DA:576,0
DA:577,0
DA:578,0
DA:579,0
DA:581,0
DA:582,0
DA:583,0
DA:584,0
DA:585,0
DA:592,0
DA:593,0
DA:594,0
DA:598,0
DA:601,0
DA:603,0
DA:606,0
DA:616,0
DA:622,0
DA:626,0
DA:631,0
DA:637,0
DA:644,0
DA:650,0
DA:652,0
DA:653,0
LF:160
LH:3
end_of_record
SF:D:\Devs\App8\playwright-dart\lib\src\interaction\jshandle.dart
DA:34,1
DA:36,1
DA:39,0
DA:41,0
DA:43,0
DA:45,0
DA:46,0
DA:47,0
DA:50,1
DA:58,0
DA:64,0
DA:66,0
DA:69,0
DA:72,0
DA:78,0
DA:80,0
DA:83,0
DA:86,0
DA:91,0
DA:92,0
DA:97,0
DA:99,0
DA:101,0
DA:102,0
DA:103,0
DA:104,0
DA:108,0
DA:110,0
DA:111,0
DA:112,0
DA:113,0
DA:114,0
DA:115,0
DA:121,0
DA:122,0
DA:124,0
DA:126,0
DA:127,0
LF:38
LH:3
end_of_record
SF:D:\Devs\App8\playwright-dart\lib\src\interaction\locator_assertions.dart
DA:10,1
DA:12,5
DA:14,1
DA:15,3
DA:16,2
DA:18,1
DA:19,1
DA:23,1
DA:24,3
DA:25,2
DA:27,1
DA:28,1
DA:32,1
DA:37,3
DA:38,2
DA:40,1
DA:41,1
DA:43,1
DA:44,1
DA:49,1
DA:54,3
DA:55,2
DA:57,2
DA:58,1
DA:59,1
DA:64,0
DA:65,0
DA:66,0
DA:68,0
DA:69,0
DA:73,0
DA:74,0
DA:75,0
DA:77,0
DA:78,0
DA:82,0
DA:87,0
DA:88,0
DA:91,0
DA:92,0
DA:93,0
DA:97,0
DA:98,0
DA:99,0
DA:101,0
DA:102,0
DA:104,0
DA:105,0
DA:109,0
DA:110,0
DA:111,0
DA:113,0
DA:114,0
DA:116,0
DA:117,0
DA:121,0
DA:122,0
DA:123,0
DA:125,0
DA:126,0
DA:128,0
DA:129,0
LF:62
LH:25
end_of_record
SF:D:\Devs\App8\playwright-dart\lib\src\interaction\keyboard.dart
DA:6,1
DA:8,1
DA:9,2
DA:12,1
DA:13,2
DA:16,1
DA:17,2
DA:20,1
DA:21,2
DA:24,1
DA:25,2
LF:11
LH:11
end_of_record
SF:D:\Devs\App8\playwright-dart\lib\src\interaction\mouse.dart
DA:7,1
DA:9,1
DA:10,2
DA:13,1
DA:14,2
DA:20,1
DA:21,2
DA:27,1
DA:34,2
DA:43,1
DA:49,1
DA:52,0
DA:53,0
LF:13
LH:11
end_of_record
SF:D:\Devs\App8\playwright-dart\lib\src\interaction\file_chooser.dart
DA:10,1
DA:14,0
DA:15,0
LF:3
LH:1
end_of_record
SF:D:\Devs\App8\playwright-dart\lib\src\network\request.dart
DA:34,1
DA:36,2
DA:37,2
DA:38,2
DA:39,1
DA:41,1
DA:42,1
DA:43,1
DA:44,1
DA:45,1
DA:46,1
DA:47,1
DA:48,1
DA:51,1
DA:54,1
DA:55,1
DA:58,0
DA:60,0
DA:62,0
DA:65,0
DA:67,0
DA:69,0
DA:74,1
DA:75,1
DA:77,1
DA:78,1
DA:81,1
DA:83,1
DA:86,1
DA:92,0
DA:94,0
DA:96,0
DA:99,1
DA:108,1
DA:109,2
DA:112,0
DA:113,0
DA:116,0
DA:117,0
DA:120,1
DA:121,2
DA:124,1
DA:126,2
DA:128,2
DA:131,1
DA:133,5
DA:137,3
DA:138,1
DA:141,0
DA:142,1
DA:144,2
DA:147,0
DA:149,0
DA:150,0
DA:152,0
DA:155,0
DA:157,0
DA:158,0
DA:159,0
DA:160,0
DA:161,0
DA:165,0
DA:166,0
LF:63
LH:37
end_of_record
SF:D:\Devs\App8\playwright-dart\lib\src\network\response.dart
DA:32,0
DA:34,0
DA:36,0
DA:39,1
DA:41,6
DA:42,0
DA:43,0
DA:44,1
DA:51,2
DA:52,3
DA:53,2
DA:59,0
DA:60,0
DA:63,0
DA:64,0
DA:67,0
DA:68,0
DA:69,0
DA:71,0
DA:75,0
DA:76,0
DA:79,0
DA:81,0
DA:82,0
DA:84,0
DA:88,0
DA:89,0
DA:93,0
DA:95,0
DA:96,0
DA:100,0
DA:102,0
DA:103,0
DA:106,0
DA:108,0
DA:109,0
DA:112,0
DA:114,0
DA:115,0
DA:118,0
DA:120,0
DA:121,0
DA:122,0
DA:123,0
DA:124,0
DA:128,0
DA:129,0
DA:131,0
DA:132,0
DA:142,0
DA:143,0
LF:51
LH:6
end_of_record
SF:D:\Devs\App8\playwright-dart\lib\src\network\route.dart
DA:35,1
DA:44,1
DA:46,6
DA:49,1
DA:51,1
DA:55,1
DA:64,1
DA:66,0
DA:68,1
DA:78,1
DA:86,1
DA:95,0
DA:97,0
DA:100,0
DA:107,0
LF:15
LH:10
end_of_record
SF:D:\Devs\App8\playwright-dart\lib\src\network\api_request_context.dart
DA:68,1
DA:76,1
DA:93,1
DA:109,1
DA:112,1
DA:117,1
DA:119,1
DA:126,1
DA:135,0
DA:142,0
DA:151,0
DA:156,0
DA:158,0
DA:165,0
DA:174,0
DA:179,0
DA:181,0
DA:185,0
DA:189,1
DA:191,1
DA:195,0
DA:198,0
DA:199,0
DA:202,0
DA:203,0
DA:205,0
LF:26
LH:10
end_of_record
SF:D:\Devs\App8\playwright-dart\lib\src\network\websocket.dart
DA:19,0
DA:20,0
DA:22,0
DA:24,0
DA:27,0
DA:29,0
DA:30,0
DA:31,0
DA:34,0
DA:36,0
DA:37,0
DA:38,0
DA:41,0
DA:43,0
DA:44,0
DA:45,0
DA:48,0
DA:50,0
DA:53,0
DA:60,0
DA:63,0
DA:64,0
LF:22
LH:0
end_of_record
SF:D:\Devs\App8\playwright-dart\lib\src\network\websocket_route.dart
DA:18,0
DA:20,0
DA:21,0
DA:22,0
DA:25,0
DA:27,0
DA:28,0
DA:29,0
DA:32,0
DA:34,0
DA:35,0
DA:36,0
DA:39,0
DA:41,0
DA:42,0
DA:43,0
DA:46,0
DA:54,0
DA:56,0
DA:59,0
DA:61,0
DA:64,0
DA:66,0
DA:69,0
DA:71,0
DA:74,0
DA:80,0
DA:83,0
DA:89,0
LF:29
LH:0
end_of_record
SF:D:\Devs\App8\playwright-dart\lib\src\utils\tracing.dart
DA:43,1
DA:51,0
DA:58,0
DA:66,0
DA:71,0
DA:74,0
DA:79,0
DA:82,0
DA:84,0
DA:87,0
DA:92,0
DA:95,0
DA:97,0
DA:100,0
DA:106,0
DA:112,0
DA:114,0
DA:115,0
DA:119,0
DA:120,0
DA:121,0
DA:122,0
DA:126,0
DA:127,0
DA:128,0
DA:129,0
DA:131,0
DA:133,0
DA:135,0
DA:137,0
LF:30
LH:1
end_of_record
SF:D:\Devs\App8\playwright-dart\lib\src\utils\cdp_session.dart
DA:15,0
DA:17,0
DA:20,0
DA:22,0
DA:23,0
DA:24,0
DA:27,1
DA:35,1
DA:40,1
DA:41,1
DA:44,1
DA:46,1
LF:12
LH:6
end_of_record
SF:D:\Devs\App8\playwright-dart\lib\src\interaction\dialog.dart
DA:16,0
DA:17,0
DA:19,1
DA:27,1
DA:28,2
DA:29,1
DA:30,2
DA:31,1
DA:32,2
DA:34,1
DA:36,1
DA:39,1
DA:41,1
LF:13
LH:11
end_of_record
SF:D:\Devs\App8\playwright-dart\lib\src\utils\console_message.dart
DA:9,1
DA:12,3
DA:15,3
DA:18,0
DA:21,0
DA:24,0
LF:6
LH:3
end_of_record
SF:D:\Devs\App8\playwright-dart\lib\src\utils\video.dart
DA:9,0
DA:12,0
DA:13,0
DA:17,0
DA:18,0
DA:22,0
DA:23,0
LF:7
LH:0
end_of_record
SF:D:\Devs\App8\playwright-dart\lib\src\utils\worker.dart
DA:35,0
DA:37,0
DA:40,0
DA:42,0
DA:43,0
DA:44,0
DA:45,0
DA:46,0
DA:51,1
DA:59,0
DA:60,0
DA:62,0
DA:64,0
DA:67,1
DA:73,1
DA:75,1
DA:78,2
DA:81,0
DA:87,0
DA:89,0
DA:92,0
DA:93,0
DA:94,0
DA:99,0
DA:104,0
DA:105,0
DA:110,0
DA:112,0
DA:117,0
LF:29
LH:5
end_of_record
SF:D:\Devs\App8\playwright-dart\lib\src\utils\artifact.dart
DA:16,1
DA:24,1
DA:26,1
DA:27,1
DA:30,1
DA:32,1
DA:35,1
DA:37,1
DA:40,1
DA:42,1
DA:43,1
DA:47,1
DA:48,1
DA:49,0
DA:50,0
DA:51,1
DA:52,1
DA:54,0
DA:56,0
LF:19
LH:15
end_of_record
SF:D:\Devs\App8\playwright-dart\lib\src\infrastructure\stream.dart
DA:11,1
DA:19,1
DA:21,1
DA:22,2
DA:25,0
DA:27,0
LF:6
LH:4
end_of_record
SF:D:\Devs\App8\playwright-dart\lib\src\infrastructure\writable_stream.dart
DA:10,0
DA:18,0
DA:20,0
DA:23,0
DA:25,0
LF:5
LH:0
end_of_record
SF:D:\Devs\App8\playwright-dart\lib\src\debugging\debugger.dart
DA:13,0
DA:15,0
DA:16,0
DA:17,0
DA:20,1
DA:28,0
DA:30,0
DA:33,0
DA:35,0
DA:39,0
DA:41,0
DA:44,0
DA:46,0
LF:13
LH:1
end_of_record
SF:D:\Devs\App8\playwright-dart\lib\src\debugging\debug_controller.dart
DA:28,0
DA:30,0
DA:31,0
DA:32,0
DA:35,0
DA:37,0
DA:38,0
DA:39,0
DA:42,0
DA:44,0
DA:45,0
DA:46,0
DA:49,0
DA:51,0
DA:52,0
DA:53,0
DA:56,0
DA:58,0
DA:59,0
DA:60,0
DA:63,0
DA:71,0
DA:76,0
DA:80,0
DA:82,0
DA:84,0
DA:90,0
DA:96,0
DA:98,0
DA:100,0
DA:101,0
DA:102,0
DA:103,0
DA:104,0
DA:105,0
LF:35
LH:0
end_of_record
SF:D:\Devs\App8\playwright-dart\lib\src\debugging\binding_call.dart
DA:11,0
DA:19,0
DA:21,0
DA:24,0
DA:27,0
DA:28,0
DA:29,0
DA:30,0
LF:8
LH:0
end_of_record
SF:D:\Devs\App8\playwright-dart\lib\src\debugging\event_target.dart
DA:9,0
DA:17,0
DA:19,0
LF:3
LH:0
end_of_record
SF:D:\Devs\App8\playwright-dart\lib\src\debugging\disposable.dart
DA:9,1
DA:17,1
DA:19,1
LF:3
LH:3
end_of_record
SF:D:\Devs\App8\playwright-dart\lib\src\platform\android.dart
DA:14,1
DA:22,0
DA:28,0
DA:33,0
LF:4
LH:1
end_of_record
SF:D:\Devs\App8\playwright-dart\lib\src\platform\android_device.dart
DA:87,0
DA:89,0
DA:90,0
DA:91,0
DA:94,0
DA:96,0
DA:97,0
DA:98,0
DA:101,0
DA:103,0
DA:106,0
DA:114,0
DA:120,0
DA:127,0
DA:133,0
DA:140,0
DA:146,0
DA:153,0
DA:160,0
DA:168,0
DA:175,0
DA:183,0
DA:188,0
DA:191,0
DA:198,0
DA:206,0
DA:213,0
DA:221,0
DA:229,0
DA:238,0
DA:246,0
DA:255,0
DA:257,0
DA:260,0
DA:262,0
DA:265,0
DA:267,0
DA:270,0
DA:272,0
DA:275,0
DA:277,0
DA:280,0
DA:282,0
DA:285,0
DA:287,0
DA:290,0
DA:297,0
DA:303,0
DA:306,0
DA:308,0
DA:311,0
DA:313,0
DA:316,0
DA:318,0
DA:321,0
DA:323,0
DA:326,0
DA:330,0
DA:333,0
DA:335,0
LF:60
LH:0
end_of_record
SF:D:\Devs\App8\playwright-dart\lib\src\platform\android_socket.dart
DA:12,0
DA:14,0
DA:17,0
DA:19,0
DA:20,0
DA:21,0
DA:24,0
DA:32,0
DA:34,0
DA:37,0
DA:39,0
LF:11
LH:0
end_of_record
SF:D:\Devs\App8\playwright-dart\lib\src\platform\electron.dart
DA:32,1
DA:40,0
DA:65,0
DA:78,0
DA:81,0
DA:87,0
LF:6
LH:1
end_of_record
SF:D:\Devs\App8\playwright-dart\lib\src\platform\electron_application.dart
DA:28,0
DA:30,0
DA:31,0
DA:32,0
DA:33,0
DA:34,0
DA:39,0
DA:41,0
DA:44,0
DA:52,0
DA:56,0
DA:59,0
DA:65,0
DA:68,0
DA:70,0
DA:73,0
DA:79,0
DA:82,0
DA:84,0
DA:87,0
DA:92,0
LF:21
LH:0
end_of_record
SF:D:\Devs\App8\playwright-dart\lib\src\infrastructure\connection.dart
DA:62,1
DA:63,3
DA:64,3
DA:65,2
DA:67,1
DA:69,2
DA:71,1
DA:73,2
DA:75,1
DA:77,2
DA:79,1
DA:81,2
DA:83,1
DA:85,2
DA:87,3
DA:88,3
DA:89,1
DA:91,2
DA:93,1
DA:95,2
DA:97,1
DA:99,2
DA:101,1
DA:103,2
DA:105,3
DA:106,1
DA:108,0
DA:110,1
DA:112,0
DA:114,1
DA:116,2
DA:118,1
DA:120,2
DA:122,1
DA:124,2
DA:126,1
DA:128,2
DA:130,1
DA:132,0
DA:134,1
DA:136,2
DA:138,1
DA:140,2
DA:142,1
DA:144,0
DA:146,1
DA:148,2
DA:150,1
DA:152,2
DA:154,1
DA:156,2
DA:158,1
DA:160,0
DA:162,1
DA:164,0
DA:166,1
DA:168,2
DA:170,1
DA:172,0
DA:174,1
DA:176,0
DA:178,1
DA:180,2
DA:182,1
DA:184,0
DA:186,1
DA:187,1
DA:189,0
DA:191,1
DA:193,0
DA:197,1
DA:198,2
DA:201,1
DA:206,1
DA:207,2
DA:209,2
DA:210,1
DA:214,0
DA:215,1
DA:218,1
DA:219,2
DA:221,1
DA:222,2
DA:225,2
DA:227,1
DA:230,1
DA:231,1
DA:232,2
DA:235,1
DA:239,2
DA:241,1
DA:242,2
DA:243,1
DA:244,1
DA:245,1
DA:246,2
DA:248,2
DA:251,3
DA:258,1
DA:259,1
DA:260,2
DA:262,1
DA:263,1
DA:264,1
DA:265,1
DA:267,2
DA:269,2
DA:271,1
DA:273,1
DA:274,2
DA:275,1
DA:280,0
DA:283,0
DA:294,1
DA:295,2
DA:296,1
DA:301,2
DA:303,3
DA:304,2
DA:306,1
DA:308,0
DA:312,1
DA:313,1
DA:314,2
DA:315,0
DA:317,2
DA:320,1
DA:321,2
DA:324,1
DA:325,1
DA:326,1
DA:327,1
DA:328,4
DA:330,0
DA:332,0
DA:337,0
LF:136
LH:117
end_of_record
SF:D:\Devs\App8\playwright-dart\lib\src\infrastructure\channel_owner.dart
DA:13,3
DA:15,1
DA:16,2
DA:17,3
DA:23,1
DA:30,4
DA:31,1
DA:32,4
DA:36,1
DA:38,1
DA:39,4
DA:42,4
DA:44,2
DA:45,2
DA:49,4
DA:50,1
DA:52,2
DA:55,1
DA:59,1
DA:60,2
DA:61,0
DA:67,3
DA:73,0
DA:75,0
DA:79,0
LF:25
LH:21
end_of_record
SF:D:\Devs\App8\playwright-dart\lib\src\infrastructure\driver.dart
DA:6,1
DA:7,1
DA:8,1
DA:10,1
DA:12,1
DA:14,2
LF:6
LH:6
end_of_record
SF:D:\Devs\App8\playwright-dart\lib\src\infrastructure\transport.dart
DA:24,1
DA:25,3
DA:26,1
DA:27,2
DA:28,1
DA:30,1
DA:31,2
DA:35,3
DA:36,0
DA:40,1
DA:42,1
DA:43,3
DA:47,4
DA:48,1
DA:49,2
DA:50,2
DA:53,4
DA:57,4
DA:58,3
DA:59,1
DA:61,1
DA:62,1
DA:63,2
DA:65,1
DA:66,2
DA:70,1
DA:72,1
DA:74,1
DA:77,1
DA:78,1
DA:80,0
DA:84,1
DA:86,1
DA:87,2
DA:89,5
DA:90,3
DA:93,1
DA:95,2
DA:98,1
DA:99,1
DA:101,1
DA:102,1
DA:110,0
DA:111,0
DA:112,0
DA:113,0
DA:115,0
DA:116,0
DA:117,0
DA:118,0
DA:123,0
DA:125,0
DA:128,0
DA:130,0
DA:133,0
DA:134,0
DA:136,0
DA:137,0
LF:58
LH:40
end_of_record
SF:D:\Devs\App8\playwright-dart\lib\src\infrastructure\file_payload.dart
DA:8,1
DA:14,1
DA:15,5
LF:3
LH:3
end_of_record
SF:D:\Devs\App8\playwright-dart\lib\src\infrastructure\serialization.dart
DA:4,1
DA:5,2
DA:6,2
DA:7,2
DA:8,1
DA:9,2
DA:10,2
DA:11,1
DA:12,1
DA:13,1
DA:14,2
DA:16,1
DA:17,5
DA:19,1
DA:20,1
DA:21,3
DA:22,4
DA:29,1
DA:30,3
DA:33,1
DA:34,1
DA:35,3
DA:36,1
DA:37,2
DA:38,2
DA:39,2
DA:40,3
DA:41,0
DA:43,1
DA:44,1
DA:45,1
DA:46,0
DA:48,1
DA:49,1
DA:50,6
DA:51,1
DA:52,1
DA:54,0
DA:60,1
DA:63,1
DA:64,0
DA:66,1
DA:67,1
DA:69,2
DA:70,2
DA:71,1
DA:72,0
DA:73,1
DA:74,0
DA:75,1
DA:76,2
DA:80,1
DA:81,1
DA:82,1
DA:89,1
DA:92,1
DA:93,0
DA:95,1
DA:96,1
DA:98,1
DA:99,2
DA:100,1
DA:101,0
DA:102,1
DA:103,0
DA:104,0
DA:105,0
DA:107,0
DA:110,2
DA:115,1
DA:116,1
DA:117,1
LF:72
LH:60
end_of_record
SF:D:\Devs\App8\playwright-dart\lib\src\infrastructure\root.dart
DA:9,0
DA:17,0
DA:21,0
LF:3
LH:0
end_of_record
SF:D:\Devs\App8\playwright-dart\lib\src\network\socks_support.dart
DA:20,0
DA:22,0
DA:23,0
DA:24,0
DA:27,0
DA:29,0
DA:30,0
DA:31,0
DA:34,0
DA:36,0
DA:37,0
DA:38,0
DA:41,0
DA:49,0
DA:55,0
DA:58,0
DA:60,0
DA:63,0
DA:65,0
DA:68,0
DA:70,0
DA:73,0
DA:75,0
LF:23
LH:0
end_of_record
SF:D:\Devs\App8\playwright-dart\lib\src\infrastructure\json_pipe.dart
DA:12,0
DA:14,0
DA:15,0
DA:16,0
DA:19,0
DA:21,0
DA:22,0
DA:23,0
DA:26,0
DA:34,0
DA:36,0
DA:39,0
DA:41,0
LF:13
LH:0
end_of_record
SF:D:\Devs\App8\playwright-dart\lib\src\infrastructure\local_utils.dart
DA:47,1
DA:54,0
DA:63,0
DA:73,1
DA:75,1
DA:76,1
DA:79,1
DA:88,1
DA:98,0
DA:100,0
DA:103,0
DA:109,0
DA:118,0
DA:127,0
DA:135,0
DA:138,0
DA:144,0
DA:149,0
DA:152,0
DA:154,0
DA:157,0
DA:159,0
DA:162,0
DA:168,0
DA:173,0
LF:25
LH:6
end_of_record
SF:D:\Devs\App8\playwright-dart\lib\src\utils\download.dart
DA:11,1
DA:13,0
DA:14,3
DA:15,3
DA:16,3
DA:17,3
LF:6
LH:5
end_of_record
SF:D:\Devs\App8\playwright-dart\lib\src\network\route_from_har.dart
DA:5,1
DA:11,1
DA:13,5
DA:16,2
DA:18,2
DA:20,2
DA:21,1
DA:22,4
DA:24,1
DA:26,4
DA:28,2
DA:30,1
DA:31,1
DA:32,2
DA:33,1
DA:34,5
DA:36,1
DA:37,1
DA:41,1
DA:42,3
DA:46,2
DA:47,0
DA:51,2
DA:52,1
DA:53,1
DA:54,1
DA:55,1
DA:56,1
DA:61,0
DA:62,0
DA:66,0
DA:68,0
DA:70,0
DA:74,0
DA:75,0
LF:35
LH:27
end_of_record
SF:D:\Devs\App8\playwright-dart\lib\src\infrastructure\driver_downloader.dart
DA:8,0
DA:9,0
DA:11,0
DA:13,0
DA:14,0
DA:18,0
DA:19,0
DA:20,0
DA:25,0
DA:28,1
DA:29,1
DA:31,4
DA:33,0
DA:36,1
DA:37,1
DA:39,2
DA:40,2
DA:41,4
DA:42,1
DA:45,0
DA:47,0
DA:48,0
DA:51,0
DA:53,0
DA:54,0
DA:56,0
DA:57,0
DA:58,0
DA:59,0
DA:63,0
DA:65,0
DA:66,0
DA:67,0
DA:69,0
DA:71,0
DA:72,0
DA:75,0
DA:79,0
DA:81,0
DA:82,0
DA:86,0
DA:88,0
DA:89,0
DA:92,0
DA:93,0
DA:94,0
DA:97,1
DA:98,1
DA:99,1
DA:100,1
DA:102,2
DA:106,0
DA:107,0
DA:109,0
DA:111,0
DA:112,0
DA:113,0
DA:114,0
DA:115,0
DA:118,0
DA:119,0
LF:61
LH:14
end_of_record
SF:D:\Devs\App8\playwright-dart\lib\src\core\frame_locator.dart
DA:9,1
DA:11,1
DA:12,1
DA:13,1
DA:14,2
DA:18,1
DA:19,1
DA:20,1
DA:21,2
DA:25,0
DA:26,0
DA:27,0
DA:29,0
DA:31,0
DA:32,0
DA:35,1
DA:36,1
DA:37,2
DA:38,1
DA:41,0
DA:43,0
DA:44,0
DA:47,0
DA:49,0
DA:50,0
DA:53,0
DA:55,0
DA:56,0
DA:59,0
DA:61,0
DA:62,0
DA:65,0
DA:66,0
LF:33
LH:13
end_of_record
SF:D:\Devs\App8\playwright-dart\lib\src\interaction\touchscreen.dart
DA:6,1
DA:8,1
DA:9,2
LF:3
LH:3
end_of_record
SF:D:\Devs\App8\playwright-dart\lib\src\utils\logger.dart
DA:8,1
DA:10,0
DA:12,0
DA:17,0
DA:18,0
DA:19,0
DA:23,0
DA:24,0
DA:30,0
DA:31,0
DA:32,0
LF:11
LH:1
end_of_record
SF:D:\Devs\App8\playwright-dart\lib\src\utils\version.dart
DA:8,1
DA:10,1
DA:11,1
DA:13,2
DA:14,2
DA:15,1
DA:16,1
LF:7
LH:7
end_of_record
