SF:C:\Users\akoap\AppData\Local\Pub\Cache\hosted\pub.dev\test_core-0.6.18\lib\src\bootstrap\vm.dart
DA:17,1
DA:18,1
DA:19,1
DA:21,1
DA:22,2
DA:23,3
DA:25,2
DA:26,0
DA:27,0
DA:28,0
DA:34,0
DA:38,0
DA:39,0
DA:40,0
DA:43,0
DA:44,0
DA:45,0
DA:46,0
DA:47,0
DA:49,0
DA:50,0
DA:51,0
DA:52,0
DA:53,0
LF:24
LH:7
end_of_record
SF:D:\Devs\App8\playwright-dart\test\playwright_test.dart
DA:54,1
DA:55,2
DA:56,1
DA:59,2
DA:60,1
DA:63,1
DA:64,1
DA:65,1
DA:66,1
DA:67,1
DA:68,1
DA:69,1
DA:70,1
DA:71,1
DA:72,1
DA:73,1
DA:74,1
DA:75,1
DA:76,1
DA:77,1
DA:78,1
DA:79,1
DA:80,1
DA:81,1
DA:82,1
DA:83,1
DA:84,1
DA:85,1
DA:86,1
DA:87,1
DA:88,1
DA:89,1
DA:90,1
DA:91,1
DA:92,1
DA:93,1
DA:94,1
DA:95,1
DA:96,1
DA:97,1
DA:98,1
DA:99,1
DA:100,1
DA:101,1
DA:102,1
DA:103,1
LF:46
LH:46
end_of_record
SF:D:\Devs\App8\playwright-dart\test\test_helper.dart
DA:11,1
DA:12,1
DA:14,1
DA:16,1
DA:17,2
DA:21,1
DA:23,1
DA:31,1
DA:36,2
DA:38,0
DA:42,1
DA:43,1
DA:45,1
DA:48,1
DA:56,1
DA:57,1
LF:16
LH:15
end_of_record
SF:D:\Devs\App8\playwright-dart\test\src\locator_test_cases.dart
DA:3,1
DA:4,2
DA:5,1
DA:8,2
DA:9,1
DA:12,2
DA:13,2
DA:14,1
DA:28,2
DA:29,2
DA:31,2
DA:32,2
DA:35,2
DA:36,1
DA:43,1
DA:44,1
DA:46,3
DA:49,2
DA:50,1
DA:52,1
DA:53,2
DA:55,1
DA:56,2
DA:58,1
DA:59,2
DA:62,2
DA:63,1
DA:65,1
DA:66,2
DA:68,1
DA:69,3
DA:72,2
DA:73,1
DA:78,3
DA:79,4
DA:82,2
DA:83,1
DA:88,3
DA:89,4
DA:92,2
DA:93,1
DA:95,1
DA:96,1
DA:97,2
DA:100,2
DA:101,1
DA:103,1
DA:104,2
DA:105,3
DA:108,2
DA:109,1
DA:114,1
DA:115,1
DA:116,1
DA:119,2
DA:120,1
DA:122,3
DA:125,2
DA:126,1
DA:128,3
DA:131,2
DA:132,1
DA:140,4
DA:143,2
DA:144,1
DA:146,1
DA:147,1
DA:149,2
LF:68
LH:68
end_of_record
SF:D:\Devs\App8\playwright-dart\test\src\network_test_cases.dart
DA:3,1
DA:4,2
DA:5,1
DA:8,2
DA:9,1
DA:12,2
DA:13,2
DA:14,2
DA:15,1
DA:18,1
DA:21,1
DA:32,2
DA:35,2
DA:36,2
DA:37,1
DA:39,1
DA:40,1
DA:41,1
DA:48,1
DA:50,1
DA:55,3
DA:59,2
DA:60,2
DA:61,2
DA:62,1
DA:64,2
DA:69,1
DA:70,3
DA:72,1
DA:75,1
DA:76,2
DA:77,3
DA:78,3
DA:81,2
DA:82,2
DA:83,1
DA:85,1
DA:86,1
DA:87,1
DA:88,1
DA:95,1
DA:97,1
DA:98,3
DA:100,1
DA:105,3
DA:107,1
DA:108,2
DA:110,1
DA:111,3
DA:113,1
DA:114,1
DA:116,1
DA:117,3
DA:118,3
DA:120,1
DA:121,3
DA:124,2
DA:125,2
DA:126,1
DA:128,2
DA:133,1
DA:134,1
DA:135,3
DA:137,1
DA:142,3
DA:143,2
DA:146,2
DA:147,2
DA:148,1
DA:150,2
DA:155,1
DA:156,1
DA:157,3
DA:159,1
DA:164,2
DA:165,4
DA:169,2
DA:170,2
DA:172,2
DA:173,1
DA:174,1
DA:176,2
DA:181,1
DA:182,1
DA:186,1
DA:187,3
DA:188,3
DA:191,2
DA:193,2
DA:194,1
DA:195,1
DA:197,2
DA:202,1
DA:203,1
DA:207,1
DA:208,2
DA:211,2
DA:213,2
DA:214,1
DA:215,1
DA:217,2
DA:222,1
DA:223,1
DA:227,1
DA:228,2
DA:231,2
DA:233,2
DA:234,1
DA:235,1
DA:238,1
DA:240,1
DA:241,2
DA:245,2
DA:246,2
DA:247,2
DA:248,1
DA:251,1
DA:252,1
DA:257,2
DA:259,2
DA:261,1
DA:263,2
DA:268,1
DA:269,1
DA:273,1
DA:274,2
DA:277,2
DA:278,2
DA:279,1
DA:282,1
DA:283,1
LF:131
LH:131
end_of_record
SF:D:\Devs\App8\playwright-dart\test\src\page_test_cases.dart
DA:3,1
DA:4,2
DA:5,1
DA:8,2
DA:9,1
DA:12,2
DA:13,2
DA:14,1
DA:15,1
DA:16,2
DA:19,2
DA:20,1
DA:21,2
DA:24,2
DA:25,1
DA:26,1
DA:29,2
DA:33,2
DA:34,2
DA:35,2
DA:36,1
DA:37,2
DA:40,2
DA:41,1
DA:42,1
DA:43,3
DA:44,3
DA:47,2
DA:49,1
DA:52,1
DA:53,0
DA:54,1
DA:57,3
DA:60,1
DA:62,1
DA:63,0
DA:64,1
DA:67,3
LF:38
LH:36
end_of_record
SF:D:\Devs\App8\playwright-dart\test\src\mouse_keyboard_test_cases.dart
DA:3,1
DA:4,2
DA:5,1
DA:8,2
DA:9,1
DA:12,2
DA:13,2
DA:14,1
DA:24,1
DA:25,2
DA:27,2
DA:28,2
DA:31,2
DA:32,1
DA:46,1
DA:47,4
DA:49,2
DA:51,1
DA:52,4
LF:19
LH:19
end_of_record
SF:D:\Devs\App8\playwright-dart\test\src\browser_context_test_cases.dart
DA:3,1
DA:4,2
DA:5,1
DA:8,2
DA:9,1
DA:12,2
DA:13,2
DA:14,2
DA:16,2
DA:17,1
DA:25,2
DA:26,1
DA:27,4
DA:28,4
DA:30,1
DA:31,2
DA:32,1
DA:34,1
DA:38,2
DA:39,2
DA:40,2
DA:43,2
DA:44,1
DA:52,2
DA:53,1
DA:55,2
DA:56,1
DA:58,1
DA:59,1
DA:63,2
DA:64,2
DA:66,2
DA:67,1
DA:69,1
DA:73,2
DA:74,2
DA:76,2
DA:77,1
DA:80,1
DA:84,2
DA:85,2
DA:87,1
DA:88,1
DA:90,1
DA:94,1
DA:98,2
DA:99,2
DA:101,1
DA:102,1
DA:108,1
DA:112,2
DA:113,2
DA:115,1
DA:116,1
DA:118,1
DA:122,2
DA:123,2
DA:125,1
DA:126,1
DA:128,1
DA:129,3
DA:132,1
DA:136,2
DA:137,2
DA:139,1
DA:141,1
DA:145,2
DA:146,2
DA:148,1
DA:149,1
DA:151,1
DA:155,2
DA:156,2
DA:158,1
DA:160,1
DA:164,2
DA:165,2
DA:167,1
DA:169,1
DA:173,2
DA:174,2
DA:176,1
DA:178,1
DA:182,2
DA:183,2
DA:185,1
DA:186,1
DA:188,1
DA:192,2
DA:193,2
DA:195,1
DA:196,1
DA:197,1
DA:199,1
DA:203,2
DA:204,2
DA:206,1
DA:207,1
DA:209,1
DA:213,2
DA:214,2
DA:216,1
DA:217,1
DA:218,1
DA:219,1
DA:221,1
DA:225,2
DA:226,2
DA:228,1
DA:234,1
DA:238,2
DA:239,2
DA:245,1
DA:249,2
DA:250,2
DA:252,2
DA:253,1
DA:254,1
DA:267,1
DA:271,2
DA:272,2
DA:273,2
DA:274,1
DA:275,2
DA:278,2
DA:279,2
DA:281,1
DA:282,1
DA:284,1
DA:288,2
DA:289,2
DA:291,1
DA:292,1
DA:294,1
DA:298,2
DA:299,2
DA:301,1
DA:302,1
DA:304,1
DA:308,2
DA:309,2
DA:311,1
DA:312,1
DA:314,1
DA:318,2
DA:319,2
DA:321,1
DA:322,1
DA:324,1
DA:328,2
DA:329,2
DA:331,1
DA:332,1
DA:334,1
DA:338,2
DA:339,2
DA:341,1
DA:342,1
DA:344,1
DA:348,2
DA:349,2
DA:350,1
LF:162
LH:162
end_of_record
SF:D:\Devs\App8\playwright-dart\test\src\frame_test_cases.dart
DA:3,1
DA:4,2
DA:5,1
DA:8,2
DA:9,1
DA:12,2
DA:13,2
DA:14,1
DA:19,1
DA:23,1
DA:24,1
DA:25,2
DA:28,2
DA:29,1
DA:38,1
DA:42,2
DA:46,2
DA:47,2
DA:50,1
DA:54,1
DA:55,1
DA:56,3
DA:59,2
DA:60,1
DA:65,1
DA:66,1
DA:67,3
DA:70,2
DA:71,1
DA:78,1
DA:79,1
DA:80,1
DA:81,3
LF:33
LH:33
end_of_record
SF:D:\Devs\App8\playwright-dart\test\src\dialog_test_cases.dart
DA:4,1
DA:5,2
DA:6,1
DA:9,2
DA:10,1
DA:13,2
DA:14,2
DA:15,1
DA:18,3
DA:19,1
DA:21,2
DA:24,1
DA:26,1
DA:27,3
DA:28,3
DA:30,1
DA:33,2
DA:34,1
DA:36,3
DA:37,3
DA:38,3
DA:39,1
DA:40,1
DA:42,2
DA:44,1
DA:53,1
DA:54,1
DA:57,2
DA:60,1
DA:62,3
DA:63,3
DA:64,1
DA:65,1
DA:67,2
DA:69,1
DA:78,1
DA:79,1
DA:82,2
DA:83,1
DA:85,3
DA:86,3
DA:87,3
DA:88,3
DA:89,1
DA:90,1
DA:92,2
DA:94,1
DA:103,1
DA:104,2
DA:107,2
DA:110,1
DA:112,3
DA:113,3
DA:114,1
DA:115,1
DA:117,2
DA:119,1
DA:128,1
DA:129,1
LF:59
LH:59
end_of_record
SF:D:\Devs\App8\playwright-dart\test\src\real_world_test_cases.dart
DA:3,1
DA:4,2
DA:5,1
DA:8,2
DA:9,1
DA:12,2
DA:13,2
DA:14,1
DA:17,1
DA:20,1
DA:21,1
DA:22,2
DA:25,1
DA:26,3
DA:27,3
DA:30,1
DA:31,2
DA:32,3
DA:36,1
DA:37,1
DA:41,1
DA:42,1
DA:43,2
DA:46,2
DA:49,2
DA:51,1
DA:53,1
DA:54,1
DA:55,1
DA:57,1
DA:58,2
DA:59,1
DA:63,2
DA:66,2
DA:67,2
DA:68,1
DA:70,1
DA:71,1
DA:72,1
DA:74,1
DA:75,2
DA:76,1
DA:78,2
DA:80,1
DA:82,1
DA:83,1
DA:86,1
DA:87,2
DA:91,1
DA:94,1
DA:97,1
DA:98,4
DA:100,2
LF:53
LH:53
end_of_record
SF:D:\Devs\App8\playwright-dart\test\src\screenshot_test_cases.dart
DA:3,1
DA:4,2
DA:5,1
DA:8,2
DA:9,1
DA:12,2
DA:13,2
DA:14,1
DA:17,1
DA:19,1
DA:21,3
DA:22,3
DA:23,3
DA:24,3
LF:14
LH:14
end_of_record
SF:D:\Devs\App8\playwright-dart\test\src\console_test_cases.dart
DA:3,1
DA:4,2
DA:5,1
DA:8,2
DA:9,1
DA:12,2
DA:13,2
DA:16,2
DA:18,2
DA:20,1
DA:24,3
DA:25,3
LF:12
LH:12
end_of_record
SF:D:\Devs\App8\playwright-dart\test\src\emulation_test_cases.dart
DA:3,1
DA:4,2
DA:5,1
DA:8,2
DA:9,1
DA:12,2
DA:13,2
DA:15,1
DA:16,1
DA:19,1
DA:20,1
DA:22,2
DA:23,2
DA:26,2
DA:28,1
DA:29,1
DA:30,1
DA:35,2
DA:38,1
DA:40,1
DA:53,1
DA:54,3
DA:55,3
DA:57,1
LF:24
LH:24
end_of_record
SF:D:\Devs\App8\playwright-dart\test\src\touchscreen_test_cases.dart
DA:3,1
DA:4,2
DA:5,1
DA:8,2
DA:9,1
DA:12,2
DA:13,2
DA:14,2
DA:15,1
DA:17,1
DA:19,1
DA:30,1
DA:35,1
DA:38,2
DA:39,5
DA:40,5
DA:43,1
DA:44,1
DA:46,1
LF:19
LH:19
end_of_record
SF:D:\Devs\App8\playwright-dart\test\src\waiting_test_cases.dart
DA:3,1
DA:4,2
DA:5,1
DA:8,2
DA:9,1
DA:12,2
DA:13,2
DA:14,1
DA:26,1
DA:27,2
DA:28,2
DA:31,2
DA:32,1
DA:39,1
DA:40,1
DA:43,2
DA:44,1
DA:45,1
DA:46,1
DA:47,1
DA:48,2
DA:49,1
DA:53,2
DA:54,4
DA:56,1
DA:60,2
DA:62,1
DA:67,3
DA:68,3
LF:29
LH:29
end_of_record
SF:D:\Devs\App8\playwright-dart\test\src\file_upload_test_cases.dart
DA:4,1
DA:5,2
DA:6,1
DA:9,2
DA:10,1
DA:13,2
DA:14,2
DA:15,1
DA:30,1
DA:33,1
DA:36,3
DA:39,1
DA:41,1
DA:42,1
DA:44,2
DA:45,2
DA:48,2
DA:49,1
DA:53,2
DA:56,2
DA:60,2
DA:61,2
DA:62,3
LF:23
LH:23
end_of_record
SF:D:\Devs\App8\playwright-dart\test\src\page_navigation_test_cases.dart
DA:3,1
DA:4,2
DA:5,1
DA:8,2
DA:9,1
DA:12,2
DA:13,2
DA:14,1
DA:15,1
DA:16,2
DA:19,1
DA:20,3
DA:23,1
DA:24,1
DA:25,2
DA:28,2
DA:29,1
DA:30,1
DA:32,1
DA:33,1
DA:34,2
DA:35,3
DA:37,1
DA:38,1
DA:39,2
DA:42,2
DA:43,1
DA:44,1
DA:45,2
DA:46,2
DA:49,2
DA:50,1
DA:51,1
DA:52,1
DA:53,2
DA:56,2
DA:57,2
DA:58,1
DA:61,1
DA:64,1
DA:65,2
DA:67,1
DA:71,2
DA:72,2
DA:73,1
DA:76,1
DA:79,1
DA:82,2
DA:83,1
DA:86,1
DA:89,1
DA:92,2
DA:93,1
DA:96,1
DA:99,1
DA:102,2
DA:103,1
DA:104,1
DA:107,1
DA:111,2
DA:112,2
DA:113,1
DA:119,1
DA:120,2
DA:123,2
DA:124,1
DA:130,1
DA:131,2
DA:134,2
DA:135,1
DA:138,1
DA:139,2
DA:142,2
DA:143,1
DA:144,1
DA:145,2
DA:148,2
DA:149,1
DA:150,1
DA:151,2
DA:154,2
DA:155,1
DA:156,1
DA:157,2
DA:160,2
DA:161,1
DA:165,2
DA:166,2
DA:167,2
DA:168,2
DA:171,2
DA:172,1
DA:176,2
DA:177,2
DA:178,2
LF:95
LH:95
end_of_record
SF:D:\Devs\App8\playwright-dart\test\src\locator_advanced_test_cases.dart
DA:3,1
DA:4,2
DA:5,1
DA:8,2
DA:9,1
DA:12,2
DA:13,2
DA:14,1
DA:19,1
DA:20,1
DA:22,2
DA:23,2
DA:24,2
DA:25,2
DA:28,2
DA:29,1
DA:34,3
DA:35,3
DA:36,3
DA:37,3
DA:40,2
DA:41,1
DA:46,3
DA:47,3
DA:50,2
DA:51,1
DA:52,4
DA:54,2
DA:55,4
DA:58,2
DA:59,1
DA:60,1
DA:61,2
DA:62,1
DA:66,2
DA:67,1
DA:68,1
DA:69,2
DA:70,1
DA:75,2
DA:76,2
DA:77,1
DA:86,2
DA:87,4
DA:90,2
DA:91,1
DA:101,2
DA:102,2
DA:104,2
DA:105,2
DA:108,2
DA:109,1
DA:118,2
DA:119,1
DA:120,2
DA:121,1
DA:125,2
DA:126,1
DA:127,2
DA:128,4
DA:131,2
DA:132,1
DA:142,2
DA:143,2
DA:144,3
DA:147,2
DA:148,1
DA:156,2
DA:157,2
DA:159,1
DA:162,2
DA:165,2
DA:166,1
DA:176,2
DA:177,2
DA:180,2
DA:181,1
DA:192,2
DA:193,4
DA:196,2
DA:197,1
DA:210,3
DA:211,2
DA:214,2
DA:215,1
DA:216,2
DA:218,1
DA:221,2
DA:225,2
DA:226,2
DA:227,1
DA:232,2
DA:233,3
DA:236,2
DA:237,1
DA:242,1
DA:243,3
DA:246,2
DA:247,1
DA:252,2
DA:253,1
DA:254,2
DA:255,1
DA:259,2
DA:260,1
DA:262,2
DA:263,4
DA:266,2
DA:267,1
DA:268,1
DA:269,2
DA:270,1
DA:275,2
DA:276,2
DA:277,1
DA:282,3
DA:283,3
DA:285,3
DA:286,3
DA:289,2
DA:290,1
DA:299,1
DA:300,2
DA:301,3
DA:303,2
DA:304,3
DA:307,2
DA:308,1
DA:314,1
DA:315,4
DA:316,4
DA:317,4
DA:320,2
DA:321,1
DA:326,1
DA:327,2
DA:328,1
DA:330,1
DA:331,2
DA:332,1
LF:140
LH:140
end_of_record
SF:D:\Devs\App8\playwright-dart\test\src\evaluate_test_cases.dart
DA:3,1
DA:4,2
DA:5,1
DA:8,2
DA:9,1
DA:12,2
DA:13,2
DA:14,1
DA:15,2
DA:18,2
DA:19,2
DA:23,2
DA:26,2
DA:27,1
DA:28,3
DA:31,2
DA:32,1
DA:33,2
DA:34,3
DA:35,3
DA:38,2
DA:39,1
DA:40,1
DA:43,2
DA:44,2
DA:45,2
DA:48,2
DA:49,1
DA:50,2
DA:53,2
DA:54,1
DA:55,1
DA:58,2
DA:59,1
DA:60,2
DA:63,2
DA:64,1
DA:65,2
DA:68,2
DA:69,1
DA:70,3
DA:71,2
DA:74,2
DA:75,2
DA:76,1
DA:77,1
DA:80,1
DA:81,1
DA:84,3
DA:87,2
DA:88,1
DA:96,1
DA:99,2
DA:103,2
DA:104,2
DA:105,1
DA:114,1
DA:117,2
DA:118,2
DA:121,2
DA:122,1
DA:129,1
DA:130,2
LF:63
LH:63
end_of_record
SF:D:\Devs\App8\playwright-dart\test\src\page_advanced_test_cases.dart
DA:3,1
DA:4,2
DA:5,1
DA:8,2
DA:9,1
DA:12,2
DA:13,2
DA:14,1
DA:15,1
DA:18,2
DA:19,2
DA:22,2
DA:23,1
DA:24,1
DA:25,1
DA:28,2
DA:32,2
DA:33,2
DA:34,2
DA:35,1
DA:40,2
DA:41,3
DA:42,1
DA:45,1
DA:46,2
DA:50,2
DA:51,2
DA:52,1
DA:57,1
DA:58,1
DA:59,2
DA:62,2
DA:63,1
DA:72,1
DA:73,2
DA:77,2
DA:78,2
DA:79,1
DA:87,1
DA:88,2
DA:91,2
DA:92,1
DA:100,1
DA:101,1
DA:102,2
DA:105,2
DA:106,1
DA:114,1
DA:115,2
DA:118,2
DA:119,1
DA:120,1
DA:121,3
DA:124,2
DA:125,1
DA:133,1
DA:134,1
DA:135,3
DA:138,2
DA:139,1
DA:147,1
DA:148,2
DA:152,2
DA:153,2
DA:154,1
DA:162,1
DA:163,2
DA:167,2
DA:168,2
DA:169,1
DA:176,1
DA:177,2
DA:178,1
DA:179,1
DA:180,1
DA:185,2
DA:186,2
DA:187,1
DA:188,1
DA:190,1
DA:191,1
DA:192,2
DA:193,2
LF:83
LH:83
end_of_record
SF:D:\Devs\App8\playwright-dart\test\src\browser_context_advanced_test_cases.dart
DA:3,1
DA:4,2
DA:5,1
DA:8,2
DA:9,1
DA:12,2
DA:13,2
DA:14,2
DA:15,2
DA:16,1
DA:19,1
DA:22,2
DA:23,3
DA:24,1
DA:27,1
DA:28,2
DA:29,1
DA:33,2
DA:34,2
DA:35,2
DA:38,2
DA:42,1
DA:43,1
DA:46,1
DA:50,2
DA:53,1
DA:56,1
DA:60,3
DA:62,1
DA:66,2
DA:67,2
DA:68,2
DA:69,1
DA:71,1
DA:72,1
DA:73,1
DA:74,2
DA:77,1
DA:78,1
DA:79,1
DA:80,2
DA:82,1
DA:86,2
DA:87,2
DA:88,2
DA:89,1
DA:91,1
DA:95,1
DA:99,1
DA:102,1
DA:103,1
DA:104,1
DA:105,2
DA:107,1
DA:111,2
DA:112,2
DA:113,2
DA:114,1
DA:116,1
DA:117,1
DA:119,1
DA:120,1
DA:122,1
DA:126,2
DA:127,2
DA:128,2
DA:129,1
DA:131,1
DA:132,1
DA:134,2
DA:135,2
DA:137,1
DA:141,2
DA:142,2
DA:143,2
DA:144,1
DA:146,1
DA:152,1
DA:155,1
DA:156,2
DA:158,1
LF:81
LH:81
end_of_record
SF:D:\Devs\App8\playwright-dart\test\src\network_advanced_test_cases.dart
DA:3,1
DA:4,2
DA:5,1
DA:8,2
DA:9,1
DA:12,2
DA:13,2
DA:14,2
DA:18,1
DA:22,2
DA:23,1
DA:27,1
DA:28,1
DA:29,2
DA:32,2
DA:33,1
DA:34,1
DA:35,2
DA:39,2
DA:40,2
DA:44,2
DA:45,2
DA:46,2
DA:47,1
DA:50,1
DA:51,2
DA:52,2
DA:55,2
DA:59,2
DA:60,2
DA:61,2
DA:62,1
DA:64,1
DA:65,1
DA:66,1
DA:73,1
DA:75,1
DA:83,2
DA:84,2
DA:88,2
DA:89,2
DA:90,2
DA:91,1
DA:93,1
DA:94,1
DA:95,1
DA:101,1
DA:103,1
DA:108,3
DA:111,2
DA:112,2
DA:113,1
DA:115,1
DA:116,1
DA:117,1
DA:123,1
DA:125,1
DA:130,2
DA:133,2
DA:134,2
DA:135,1
DA:138,1
DA:147,1
DA:151,2
DA:152,2
DA:156,2
DA:157,2
DA:158,2
DA:159,1
DA:161,2
DA:166,1
DA:168,1
DA:176,2
DA:177,1
DA:178,3
DA:181,2
DA:182,2
DA:183,1
DA:186,2
DA:188,1
DA:196,3
DA:197,3
DA:199,2
DA:200,2
DA:201,3
LF:85
LH:85
end_of_record
SF:D:\Devs\App8\playwright-dart\test\src\input_devices_test_cases.dart
DA:4,1
DA:5,2
DA:6,1
DA:9,2
DA:10,1
DA:13,2
DA:14,2
DA:15,1
DA:16,1
DA:17,2
DA:18,3
DA:21,2
DA:22,1
DA:35,1
DA:36,2
DA:37,2
DA:38,2
DA:39,2
DA:42,2
DA:43,1
DA:44,1
DA:45,2
DA:46,1
DA:47,1
DA:48,1
DA:52,2
DA:53,1
DA:63,1
DA:64,2
DA:65,2
DA:69,2
DA:70,2
DA:71,1
DA:82,2
DA:83,1
DA:84,1
DA:85,2
DA:86,2
DA:89,2
DA:90,1
DA:101,2
DA:102,1
DA:103,1
DA:104,2
DA:105,2
DA:108,2
DA:109,1
DA:117,2
DA:118,2
DA:121,2
DA:122,1
DA:131,2
DA:132,2
DA:133,2
DA:134,2
DA:135,2
DA:138,2
DA:139,1
DA:147,2
DA:148,2
DA:151,2
DA:152,1
DA:160,2
DA:161,3
DA:165,2
DA:166,2
DA:168,2
DA:169,1
DA:171,1
DA:174,1
DA:182,2
DA:183,2
DA:185,1
DA:186,1
DA:191,2
DA:192,2
DA:193,1
DA:194,1
DA:195,2
DA:196,2
DA:197,2
DA:198,3
DA:201,2
DA:202,1
DA:203,1
DA:204,2
DA:205,2
DA:206,2
DA:207,3
DA:210,2
DA:211,1
DA:212,1
DA:214,2
DA:215,2
DA:216,3
LF:95
LH:95
end_of_record
SF:D:\Devs\App8\playwright-dart\test\src\websocket_connect_test_cases.dart
DA:5,1
DA:6,2
DA:10,2
DA:14,2
DA:15,2
DA:17,1
DA:19,2
DA:21,0
DA:24,0
DA:29,2
DA:33,1
DA:34,1
DA:36,1
DA:37,1
DA:38,2
DA:40,1
DA:42,1
LF:17
LH:15
end_of_record
SF:D:\Devs\App8\playwright-dart\test\src\lifecycle_test_cases.dart
DA:4,1
DA:5,2
DA:9,2
DA:13,2
DA:14,2
DA:15,1
DA:16,2
DA:19,1
DA:23,1
DA:24,3
DA:25,1
DA:26,2
DA:27,2
DA:29,1
DA:35,2
DA:36,1
DA:38,2
DA:39,1
DA:43,2
DA:44,1
DA:47,1
DA:50,1
DA:51,3
DA:52,1
DA:53,2
DA:54,2
DA:56,1
LF:27
LH:27
end_of_record
SF:D:\Devs\App8\playwright-dart\test\src\tracing_test_cases.dart
DA:5,1
DA:6,2
DA:7,1
DA:10,2
DA:11,1
DA:14,2
DA:15,2
DA:16,1
DA:17,2
DA:18,2
DA:20,1
DA:21,2
DA:23,2
DA:27,2
DA:29,1
DA:30,1
DA:31,1
DA:33,1
DA:35,1
DA:36,1
DA:37,1
DA:40,1
DA:41,3
DA:44,1
DA:45,1
DA:46,2
DA:49,2
DA:50,2
DA:52,1
DA:53,1
LF:30
LH:30
end_of_record
SF:D:\Devs\App8\playwright-dart\test\src\storage_state_test_cases.dart
DA:5,1
DA:6,2
DA:7,1
DA:10,2
DA:11,1
DA:14,2
DA:15,2
DA:16,2
DA:17,2
DA:18,1
DA:26,1
DA:28,2
DA:29,5
DA:30,5
DA:33,2
DA:34,1
DA:35,2
DA:38,1
DA:39,1
DA:40,4
DA:41,4
DA:43,1
DA:46,2
DA:47,2
DA:52,2
DA:53,2
DA:55,1
DA:56,1
DA:58,1
DA:62,1
DA:65,2
DA:66,2
DA:68,1
DA:69,1
DA:70,1
DA:73,2
DA:75,1
DA:77,1
DA:78,1
DA:80,1
DA:82,0
LF:41
LH:40
end_of_record
SF:D:\Devs\App8\playwright-dart\test\src\pdf_test_cases.dart
DA:3,1
DA:4,2
DA:5,1
DA:8,2
DA:9,1
DA:12,2
DA:13,2
DA:14,1
DA:16,1
DA:18,1
DA:19,3
DA:22,3
DA:23,3
DA:24,3
DA:25,3
LF:15
LH:15
end_of_record
SF:D:\Devs\App8\playwright-dart\test\src\init_script_test_cases.dart
DA:3,1
DA:4,2
DA:5,1
DA:8,2
DA:9,1
DA:12,2
DA:13,2
DA:14,1
DA:15,1
DA:17,1
DA:18,2
DA:21,2
DA:22,2
DA:23,1
DA:25,1
DA:26,1
DA:28,1
DA:29,2
DA:30,1
LF:19
LH:19
end_of_record
SF:D:\Devs\App8\playwright-dart\test\src\cdp_session_test_cases.dart
DA:3,1
DA:4,2
DA:5,1
DA:8,2
DA:9,1
DA:12,2
DA:13,2
DA:14,1
DA:15,1
DA:18,1
DA:19,1
DA:20,2
DA:22,1
DA:25,2
DA:26,2
DA:28,1
DA:29,1
DA:30,2
DA:32,1
LF:19
LH:19
end_of_record
SF:D:\Devs\App8\playwright-dart\test\src\worker_test_cases.dart
DA:4,1
DA:9,2
DA:10,1
DA:11,2
DA:12,1
DA:15,2
DA:16,1
DA:17,1
DA:20,2
DA:21,2
DA:22,1
DA:24,2
DA:26,1
DA:32,1
DA:33,2
DA:35,1
LF:16
LH:16
end_of_record
SF:D:\Devs\App8\playwright-dart\test\src\download_test_cases.dart
DA:6,1
DA:11,2
DA:12,1
DA:13,2
DA:15,1
DA:16,1
DA:22,2
DA:23,1
DA:24,1
DA:27,2
DA:28,2
DA:29,1
DA:31,2
DA:34,1
DA:38,2
DA:43,1
DA:44,1
DA:47,1
DA:48,5
DA:50,2
DA:52,1
DA:53,1
DA:56,1
DA:57,2
DA:58,1
LF:25
LH:25
end_of_record
SF:D:\Devs\App8\playwright-dart\test\src\api_request_context_test_cases.dart
DA:4,1
DA:7,2
DA:8,1
DA:11,2
DA:12,1
DA:15,2
DA:16,2
DA:17,1
DA:19,1
DA:21,3
DA:22,3
DA:23,3
DA:25,1
DA:28,2
DA:29,1
DA:31,1
DA:36,3
DA:38,1
LF:18
LH:18
end_of_record
SF:D:\Devs\App8\playwright-dart\test\src\locator_assertions_test_cases.dart
DA:3,1
DA:4,2
DA:5,1
DA:8,2
DA:9,1
DA:12,2
DA:13,2
DA:14,1
DA:15,1
DA:18,1
DA:23,2
DA:26,2
DA:27,1
DA:28,1
DA:31,1
DA:36,2
DA:39,2
DA:40,1
DA:41,3
DA:42,3
DA:45,2
DA:46,1
DA:47,4
DA:48,4
LF:24
LH:24
end_of_record
SF:D:\Devs\App8\playwright-dart\test\src\route_from_har_test_cases.dart
DA:4,1
DA:5,2
DA:6,1
DA:9,2
DA:10,1
DA:13,2
DA:14,2
DA:15,3
DA:44,2
DA:48,2
DA:49,1
DA:53,1
DA:56,1
DA:57,1
DA:62,2
DA:64,1
DA:67,2
DA:68,2
LF:18
LH:18
end_of_record
SF:D:\Devs\App8\playwright-dart\test\src\selectors_test_cases.dart
DA:3,1
DA:4,2
DA:5,1
DA:8,2
DA:9,1
DA:15,2
DA:16,2
DA:26,3
DA:27,1
DA:28,3
DA:31,2
DA:40,3
DA:41,1
DA:43,2
DA:46,2
DA:61,3
DA:62,1
DA:63,2
DA:64,2
DA:65,1
DA:68,2
DA:71,2
DA:86,3
DA:87,1
DA:88,1
DA:89,2
DA:90,1
DA:93,2
DA:96,2
DA:111,3
DA:112,1
DA:113,1
DA:114,2
DA:115,1
DA:118,2
DA:125,2
DA:126,2
DA:128,3
DA:131,2
DA:132,3
DA:133,2
DA:134,1
DA:136,1
DA:137,3
DA:139,1
DA:147,2
DA:148,2
DA:150,3
DA:152,2
DA:153,1
DA:156,3
DA:157,1
DA:158,1
DA:159,1
DA:160,1
DA:162,1
DA:163,1
DA:164,1
DA:165,1
DA:168,2
DA:169,1
DA:172,3
DA:175,2
DA:180,1
DA:184,1
DA:185,1
DA:186,1
DA:187,1
DA:188,1
DA:189,1
DA:190,1
DA:192,1
DA:193,1
DA:194,1
DA:195,1
DA:202,2
DA:203,2
DA:204,1
DA:206,2
DA:207,2
DA:211,2
DA:213,2
DA:216,2
DA:217,1
DA:220,1
DA:221,1
DA:222,1
DA:224,2
DA:227,2
DA:228,1
DA:231,1
DA:232,1
DA:234,2
DA:237,2
DA:238,1
DA:241,3
DA:242,3
DA:249,2
DA:250,2
DA:251,1
DA:255,2
DA:256,2
DA:259,2
DA:260,2
DA:263,3
DA:265,2
DA:269,1
DA:270,1
DA:271,1
DA:273,2
DA:276,2
DA:277,1
DA:281,1
DA:282,1
DA:283,1
DA:284,3
DA:285,3
DA:287,1
DA:288,1
DA:289,1
DA:292,3
DA:295,2
DA:296,1
DA:297,2
DA:298,2
DA:301,2
DA:302,1
DA:307,2
DA:309,2
DA:312,2
DA:313,1
DA:318,1
DA:319,2
DA:320,1
DA:322,1
DA:323,2
DA:324,1
DA:332,2
DA:333,2
DA:334,1
DA:341,1
DA:342,1
DA:343,1
DA:346,1
DA:347,1
DA:348,1
DA:351,1
DA:352,1
DA:353,1
DA:357,4
DA:359,1
DA:360,2
DA:361,1
DA:363,1
DA:365,1
DA:366,1
DA:367,1
DA:375,2
DA:376,2
DA:377,1
DA:383,3
DA:384,3
DA:385,3
DA:387,4
DA:388,1
DA:389,2
DA:390,1
DA:392,1
DA:393,2
DA:394,1
DA:402,2
DA:403,2
DA:404,1
DA:410,1
DA:411,1
DA:412,1
DA:414,3
DA:415,1
DA:416,1
DA:417,1
DA:420,4
DA:421,1
DA:422,2
DA:423,1
DA:425,1
DA:426,2
DA:427,1
DA:435,2
DA:436,2
DA:437,1
DA:445,1
DA:446,1
DA:448,3
DA:452,1
DA:453,1
DA:455,3
DA:458,2
DA:459,1
DA:465,1
DA:466,1
DA:468,3
DA:469,3
DA:474,1
DA:475,1
DA:477,3
DA:482,1
DA:483,1
DA:485,1
DA:488,2
DA:489,1
DA:492,1
DA:493,1
DA:495,3
DA:499,1
DA:500,1
DA:502,1
DA:509,2
DA:510,2
DA:511,1
DA:512,1
DA:513,1
DA:514,1
DA:516,1
DA:517,1
DA:518,1
DA:520,1
DA:521,1
DA:522,1
DA:526,2
DA:527,1
DA:529,1
DA:530,1
DA:531,1
DA:534,3
DA:537,2
DA:538,1
DA:539,1
DA:540,1
DA:541,1
DA:543,3
DA:546,2
DA:547,1
DA:559,2
DA:560,1
DA:561,2
DA:562,1
DA:567,2
DA:568,1
DA:572,1
DA:573,1
DA:574,1
DA:576,1
DA:577,1
DA:578,1
DA:586,2
DA:587,2
DA:588,1
DA:598,1
DA:599,1
DA:600,1
DA:602,1
DA:603,1
DA:607,1
DA:609,1
DA:610,1
DA:611,1
DA:613,1
DA:614,1
DA:615,1
DA:617,3
DA:624,2
DA:625,2
DA:626,1
DA:633,3
DA:635,1
DA:640,1
DA:641,1
DA:642,1
DA:646,2
DA:647,1
DA:653,3
DA:655,1
DA:660,1
DA:661,1
DA:662,1
DA:666,2
DA:667,1
DA:673,3
DA:676,1
DA:677,1
DA:679,3
DA:686,2
DA:687,2
DA:688,1
DA:694,3
DA:695,1
DA:696,1
DA:697,1
DA:699,1
DA:700,1
DA:701,1
DA:705,2
DA:706,1
DA:716,1
DA:717,2
DA:718,1
DA:726,2
DA:727,2
DA:728,1
DA:737,1
DA:738,2
DA:739,1
DA:743,2
DA:744,1
DA:747,1
DA:748,1
DA:749,1
DA:753,2
DA:754,1
DA:761,1
DA:762,1
DA:763,1
DA:766,1
DA:767,1
DA:768,1
LF:325
LH:325
end_of_record
SF:D:\Devs\App8\playwright-dart\test\src\jshandle_test_cases.dart
DA:3,1
DA:4,2
DA:5,1
DA:8,2
DA:9,1
DA:12,2
DA:13,2
DA:14,1
DA:15,1
DA:17,1
DA:18,2
DA:19,3
DA:20,3
DA:22,1
DA:25,2
DA:26,1
DA:28,1
DA:29,3
DA:31,1
DA:32,3
DA:34,1
DA:35,1
DA:36,1
DA:39,2
DA:40,1
DA:42,1
DA:43,3
DA:44,4
DA:45,4
DA:47,1
DA:50,2
DA:51,1
DA:53,1
DA:54,2
DA:56,1
DA:57,3
DA:59,1
DA:60,1
LF:38
LH:38
end_of_record
SF:D:\Devs\App8\playwright-dart\test\src\element_handle_test_cases.dart
DA:3,1
DA:4,2
DA:5,1
DA:8,2
DA:9,1
DA:12,2
DA:13,2
DA:14,1
DA:18,1
DA:21,1
DA:22,1
DA:24,1
DA:25,1
DA:26,3
DA:27,3
DA:28,3
DA:29,3
DA:31,1
DA:34,2
DA:35,1
DA:39,1
DA:42,1
DA:43,1
DA:45,1
DA:46,1
DA:47,3
DA:49,1
DA:50,1
DA:51,3
DA:53,1
DA:56,2
DA:57,1
DA:62,1
DA:65,1
DA:66,1
DA:68,1
DA:71,2
DA:73,1
DA:76,1
DA:78,1
DA:82,1
DA:84,1
DA:85,1
DA:87,1
DA:88,1
DA:91,2
DA:92,1
DA:96,1
DA:99,1
DA:101,1
DA:102,1
DA:104,1
DA:107,2
DA:109,1
LF:54
LH:54
end_of_record
SF:D:\Devs\App8\playwright-dart\test\src\page_assertions_test_cases.dart
DA:3,1
DA:4,2
DA:5,1
DA:8,2
DA:9,1
DA:12,2
DA:13,2
DA:14,1
DA:15,2
DA:18,2
DA:21,1
DA:24,2
DA:27,2
DA:28,1
DA:29,3
DA:32,2
DA:33,1
DA:34,3
DA:37,2
DA:38,1
DA:39,2
DA:42,2
DA:43,1
DA:44,3
DA:47,2
DA:48,1
DA:49,2
LF:27
LH:27
end_of_record
SF:D:\Devs\App8\playwright-dart\test\src\get_by_role_aria_test_cases.dart
DA:3,1
DA:4,2
DA:5,1
DA:8,2
DA:9,1
DA:12,2
DA:13,2
DA:14,1
DA:18,1
DA:19,1
DA:20,1
DA:23,2
DA:24,1
DA:28,1
DA:29,1
DA:30,1
DA:33,2
DA:36,1
DA:41,1
DA:42,1
DA:43,1
DA:44,1
DA:45,1
DA:48,2
DA:49,1
DA:53,1
DA:54,1
DA:55,1
DA:58,2
DA:59,1
DA:64,1
DA:65,1
DA:66,1
DA:69,2
DA:70,1
DA:76,1
DA:77,1
DA:78,1
DA:79,1
DA:82,2
DA:83,1
DA:84,2
DA:85,1
DA:86,1
LF:44
LH:44
end_of_record
SF:D:\Devs\App8\playwright-dart\test\src\locator_filter_visible_test_cases.dart
DA:3,1
DA:4,2
DA:5,1
DA:8,2
DA:9,1
DA:12,2
DA:13,2
DA:14,1
DA:19,2
DA:20,1
DA:21,1
DA:24,2
DA:25,1
DA:30,2
DA:31,1
DA:32,2
DA:35,2
DA:36,1
DA:41,1
DA:42,1
DA:43,1
DA:44,1
DA:48,2
DA:49,2
DA:50,1
DA:53,1
DA:54,1
DA:55,1
DA:56,1
DA:60,2
DA:61,2
DA:62,1
DA:63,1
DA:64,2
DA:67,2
DA:68,1
DA:69,2
DA:70,3
DA:73,2
DA:74,1
DA:75,2
DA:76,3
DA:79,2
DA:80,1
DA:81,1
DA:82,3
LF:46
LH:46
end_of_record
SF:D:\Devs\App8\playwright-dart\test\src\page_properties_test_cases.dart
DA:3,1
DA:4,2
DA:5,1
DA:8,2
DA:9,1
DA:12,2
DA:13,2
DA:15,1
DA:16,1
DA:19,2
DA:20,2
DA:21,3
DA:25,2
DA:26,2
DA:27,1
DA:28,1
DA:31,2
DA:34,2
DA:35,1
DA:36,2
DA:40,2
DA:41,2
DA:44,1
DA:49,1
DA:51,1
DA:52,0
DA:54,0
DA:60,1
DA:62,2
LF:29
LH:27
end_of_record
SF:D:\Devs\App8\playwright-dart\test\src\response_request_fixes_test_cases.dart
DA:3,1
DA:4,2
DA:5,1
DA:8,2
DA:9,1
DA:12,2
DA:13,2
DA:14,1
DA:16,2
DA:17,3
DA:20,1
DA:21,0
DA:23,3
DA:27,0
DA:28,0
DA:34,2
DA:35,2
DA:36,1
DA:37,3
DA:39,1
DA:40,2
DA:43,1
DA:45,1
DA:46,0
LF:24
LH:20
end_of_record
SF:C:\Users\akoap\AppData\Local\Pub\Cache\hosted\pub.dev\yaml-3.1.3\lib\src\equality.dart
DA:15,0
DA:16,0
DA:22,0
DA:31,0
DA:32,0
DA:33,0
DA:36,0
DA:37,0
DA:38,0
DA:46,0
DA:47,0
DA:49,0
DA:50,0
DA:51,0
DA:52,0
DA:53,0
DA:54,0
DA:56,0
DA:59,0
DA:60,0
DA:65,0
DA:66,0
DA:68,0
DA:69,0
DA:76,0
DA:77,0
DA:79,0
DA:80,0
DA:81,0
DA:91,0
DA:92,0
DA:93,0
DA:103,0
DA:104,0
DA:106,0
DA:107,0
DA:109,0
DA:111,0
DA:113,0
DA:114,0
DA:115,0
DA:116,0
DA:117,0
DA:118,0
DA:120,0
DA:123,0
DA:127,0
LF:47
LH:0
end_of_record
SF:C:\Users\akoap\AppData\Local\Pub\Cache\hosted\pub.dev\collection-1.19.1\lib\src\unmodifiable_wrappers.dart
DA:23,0
DA:29,0
DA:30,0
DA:35,0
DA:36,0
DA:40,0
DA:41,0
DA:45,0
DA:46,0
DA:50,0
DA:51,0
DA:55,0
DA:56,0
DA:60,0
DA:61,0
DA:65,0
DA:66,0
DA:70,0
DA:71,0
DA:75,0
DA:76,0
DA:80,0
DA:81,0
DA:85,0
DA:86,0
DA:90,0
DA:91,0
DA:95,0
DA:96,0
DA:108,1
DA:120,0
DA:121,0
DA:126,0
DA:127,0
DA:131,0
DA:132,0
DA:136,0
DA:137,0
DA:141,0
DA:142,0
DA:146,0
DA:147,0
DA:151,0
DA:152,0
DA:156,0
DA:157,0
DA:161,0
DA:162,0
DA:168,0
DA:169,0
DA:174,0
DA:175,0
DA:179,0
DA:180,0
DA:184,0
DA:185,0
DA:189,0
DA:190,0
DA:194,0
DA:195,0
DA:199,0
DA:203,0
LF:62
LH:1
end_of_record
SF:C:\Users\akoap\AppData\Local\Pub\Cache\hosted\pub.dev\yaml-3.1.3\lib\src\yaml_node.dart
DA:32,0
DA:35,0
DA:60,0
DA:63,0
DA:64,0
DA:73,0
DA:84,0
DA:86,0
DA:89,0
DA:90,0
DA:91,0
DA:93,0
DA:94,0
DA:105,0
DA:108,0
DA:109,0
DA:111,0
DA:113,0
DA:123,0
DA:134,0
DA:136,0
DA:139,0
DA:140,0
DA:141,0
DA:143,0
DA:144,0
DA:146,0
DA:148,0
DA:167,0
DA:168,0
DA:169,0
DA:173,0
DA:174,0
DA:175,0
DA:178,0
DA:180,0
DA:182,0
DA:183,0
DA:189,0
DA:190,0
LF:40
LH:0
end_of_record
SF:C:\Users\akoap\AppData\Local\Pub\Cache\hosted\pub.dev\yaml-3.1.3\lib\src\error_listener.dart
DA:20,0
DA:21,0
LF:2
LH:0
end_of_record
SF:C:\Users\akoap\AppData\Local\Pub\Cache\hosted\pub.dev\yaml-3.1.3\lib\src\yaml_exception.dart
DA:12,0
LF:1
LH:0
end_of_record
SF:C:\Users\akoap\AppData\Local\Pub\Cache\hosted\pub.dev\yaml-3.1.3\lib\src\event.dart
DA:19,0
DA:21,0
DA:22,0
DA:27,0
DA:42,0
DA:46,0
DA:48,0
DA:54,0
DA:63,0
DA:65,0
DA:71,0
DA:79,0
DA:81,0
DA:82,0
DA:93,0
DA:95,0
DA:96,0
DA:97,0
DA:98,0
DA:104,0
DA:119,0
DA:121,0
DA:122,0
DA:127,0
DA:139,0
DA:144,0
DA:156,0
LF:27
LH:0
end_of_record
SF:C:\Users\akoap\AppData\Local\Pub\Cache\hosted\pub.dev\yaml-3.1.3\lib\src\parser.dart
DA:41,0
DA:49,0
DA:51,0
DA:52,0
DA:58,0
DA:60,0
DA:61,0
DA:63,0
DA:64,0
DA:69,0
DA:70,0
DA:71,0
DA:72,0
DA:73,0
DA:74,0
DA:75,0
DA:76,0
DA:77,0
DA:78,0
DA:79,0
DA:80,0
DA:81,0
DA:82,0
DA:83,0
DA:84,0
DA:85,0
DA:88,0
DA:89,0
DA:90,0
DA:91,0
DA:92,0
DA:93,0
DA:94,0
DA:97,0
DA:98,0
DA:99,0
DA:100,0
DA:101,0
DA:102,0
DA:103,0
DA:104,0
DA:105,0
DA:106,0
DA:107,0
DA:108,0
DA:109,0
DA:110,0
DA:111,0
DA:112,0
DA:113,0
DA:114,0
DA:115,0
DA:116,0
DA:117,0
DA:118,0
DA:119,0
DA:120,0
DA:122,0
DA:131,0
DA:132,0
DA:133,0
DA:135,0
DA:136,0
DA:146,0
DA:147,0
DA:154,0
DA:155,0
DA:158,0
DA:159,0
DA:160,0
DA:161,0
DA:163,0
DA:164,0
DA:165,0
DA:166,0
DA:169,0
DA:170,0
DA:171,0
DA:172,0
DA:176,0
DA:177,0
DA:178,0
DA:179,0
DA:180,0
DA:183,0
DA:184,0
DA:185,0
DA:186,0
DA:197,0
DA:198,0
DA:200,0
DA:201,0
DA:202,0
DA:203,0
DA:204,0
DA:205,0
DA:206,0
DA:207,0
DA:209,0
DA:220,0
DA:221,0
DA:222,0
DA:224,0
DA:225,0
DA:226,0
DA:227,0
DA:229,0
DA:260,0
DA:261,0
DA:263,0
DA:264,0
DA:265,0
DA:266,0
DA:271,0
DA:272,0
DA:273,0
DA:274,0
DA:275,0
DA:278,0
DA:280,0
DA:281,0
DA:284,0
DA:285,0
DA:286,0
DA:287,0
DA:288,0
DA:289,0
DA:294,0
DA:295,0
DA:297,0
DA:299,0
DA:302,0
DA:306,0
DA:307,0
DA:308,0
DA:312,0
DA:314,0
DA:316,0
DA:317,0
DA:318,0
DA:322,0
DA:323,0
DA:324,0
DA:328,0
DA:329,0
DA:330,0
DA:334,0
DA:335,0
DA:336,0
DA:340,0
DA:341,0
DA:342,0
DA:347,0
DA:348,0
DA:351,0
DA:359,0
DA:360,0
DA:362,0
DA:363,0
DA:364,0
DA:366,0
DA:367,0
DA:368,0
DA:369,0
DA:371,0
DA:372,0
DA:376,0
DA:377,0
DA:378,0
DA:379,0
DA:382,0
DA:383,0
DA:390,0
DA:391,0
DA:393,0
DA:394,0
DA:395,0
DA:398,0
DA:399,0
DA:401,0
DA:402,0
DA:403,0
DA:404,0
DA:405,0
DA:406,0
DA:408,0
DA:409,0
DA:423,0
DA:424,0
DA:425,0
DA:426,0
DA:427,0
DA:429,0
DA:430,0
DA:431,0
DA:432,0
DA:433,0
DA:435,0
DA:436,0
DA:443,0
DA:444,0
DA:445,0
DA:448,0
DA:449,0
DA:450,0
DA:451,0
DA:454,0
DA:455,0
DA:468,0
DA:469,0
DA:471,0
DA:472,0
DA:473,0
DA:476,0
DA:477,0
DA:478,0
DA:479,0
DA:480,0
DA:481,0
DA:482,0
DA:484,0
DA:485,0
DA:502,0
DA:503,0
DA:504,0
DA:506,0
DA:508,0
DA:509,0
DA:511,0
DA:514,0
DA:517,0
DA:518,0
DA:519,0
DA:520,0
DA:521,0
DA:522,0
DA:523,0
DA:527,0
DA:528,0
DA:529,0
DA:537,0
DA:538,0
DA:540,0
DA:541,0
DA:542,0
DA:547,0
DA:548,0
DA:549,0
DA:551,0
DA:552,0
DA:561,0
DA:562,0
DA:564,0
DA:565,0
DA:566,0
DA:567,0
DA:568,0
DA:569,0
DA:573,0
DA:574,0
DA:582,0
DA:583,0
DA:584,0
DA:600,0
DA:601,0
DA:602,0
DA:604,0
DA:606,0
DA:607,0
DA:609,0
DA:612,0
DA:615,0
DA:616,0
DA:617,0
DA:618,0
DA:619,0
DA:620,0
DA:621,0
DA:623,0
DA:624,0
DA:626,0
DA:627,0
DA:628,0
DA:632,0
DA:633,0
DA:634,0
DA:642,0
DA:643,0
DA:646,0
DA:647,0
DA:650,0
DA:651,0
DA:652,0
DA:653,0
DA:654,0
DA:655,0
DA:659,0
DA:660,0
DA:664,0
DA:665,0
DA:668,0
DA:669,0
DA:672,0
DA:673,0
DA:674,0
DA:675,0
DA:677,0
DA:680,0
DA:681,0
DA:684,0
DA:685,0
DA:688,0
DA:689,0
DA:692,0
DA:693,0
DA:694,0
DA:695,0
DA:696,0
DA:699,0
DA:702,0
DA:704,0
DA:705,0
DA:712,0
DA:714,0
DA:716,0
DA:719,0
DA:801,1
DA:803,0
DA:804,0
LF:329
LH:1
end_of_record
SF:C:\Users\akoap\AppData\Local\Pub\Cache\hosted\pub.dev\yaml-3.1.3\lib\src\style.dart
DA:47,0
DA:49,1
DA:51,0
DA:52,0
DA:75,1
DA:77,0
DA:78,0
LF:7
LH:2
end_of_record
SF:C:\Users\akoap\AppData\Local\Pub\Cache\hosted\pub.dev\yaml-3.1.3\lib\src\yaml_document.dart
DA:36,0
DA:39,0
DA:41,0
DA:42,0
DA:53,0
DA:55,0
DA:56,0
DA:67,0
DA:69,0
DA:70,0
LF:10
LH:0
end_of_record
SF:C:\Users\akoap\AppData\Local\Pub\Cache\hosted\pub.dev\yaml-3.1.3\lib\src\loader.dart
DA:33,0
DA:37,0
DA:39,0
DA:41,0
DA:42,0
DA:43,0
DA:46,0
DA:51,0
DA:52,0
DA:54,0
DA:55,0
DA:56,0
DA:60,0
DA:61,0
DA:62,0
DA:67,0
DA:68,0
DA:70,0
DA:71,0
DA:73,0
DA:75,0
DA:76,0
DA:77,0
DA:78,0
DA:79,0
DA:83,0
DA:84,0
DA:85,0
DA:86,0
DA:87,0
DA:88,0
DA:89,0
DA:93,0
DA:100,0
DA:104,0
DA:105,0
DA:108,0
DA:112,0
DA:114,0
DA:115,0
DA:116,0
DA:117,0
DA:119,0
DA:122,0
DA:127,0
DA:128,0
DA:129,0
DA:130,0
DA:131,0
DA:134,0
DA:135,0
DA:136,0
DA:138,0
DA:139,0
DA:140,0
DA:141,0
DA:144,0
DA:149,0
DA:150,0
DA:151,0
DA:152,0
DA:153,0
DA:156,0
DA:157,0
DA:158,0
DA:160,0
DA:161,0
DA:162,0
DA:163,0
DA:164,0
DA:165,0
DA:168,0
DA:169,0
DA:172,0
DA:177,0
DA:178,0
DA:179,0
DA:180,0
DA:182,0
DA:183,0
DA:184,0
DA:186,0
DA:187,0
DA:188,0
DA:190,0
DA:191,0
DA:192,0
DA:194,0
DA:195,0
DA:196,0
DA:198,0
DA:203,0
DA:204,0
DA:210,0
DA:212,0
DA:213,0
DA:216,0
DA:218,0
DA:219,0
DA:220,0
DA:221,0
DA:222,0
DA:223,0
DA:230,0
DA:231,0
DA:232,0
DA:233,0
DA:234,0
DA:235,0
DA:236,0
DA:243,0
DA:244,0
DA:245,0
DA:252,0
DA:254,0
DA:256,0
DA:262,0
DA:264,0
DA:266,0
DA:267,0
DA:270,0
DA:271,0
DA:272,0
DA:275,0
DA:278,0
DA:280,0
DA:282,0
DA:283,0
DA:284,0
DA:289,0
DA:290,0
DA:291,0
DA:292,0
DA:298,0
DA:301,0
DA:309,0
DA:310,0
DA:312,0
DA:314,0
DA:315,0
DA:316,0
DA:318,0
DA:319,0
DA:320,0
DA:321,0
DA:325,0
DA:328,0
DA:330,0
DA:331,0
DA:332,0
DA:334,0
DA:335,0
DA:336,0
LF:153
LH:0
end_of_record
SF:C:\Users\akoap\AppData\Local\Pub\Cache\hosted\pub.dev\yaml-3.1.3\lib\src\null_span.dart
DA:20,0
DA:21,0
DA:25,0
LF:3
LH:0
end_of_record
SF:C:\Users\akoap\AppData\Local\Pub\Cache\hosted\pub.dev\source_span-1.10.2\lib\src\span_mixin.dart
DA:19,0
DA:20,0
DA:22,0
DA:23,0
DA:25,0
DA:27,0
DA:28,0
DA:31,0
DA:33,0
DA:34,0
DA:35,0
DA:38,0
DA:39,0
DA:40,0
DA:41,0
DA:43,0
DA:44,0
DA:47,0
DA:48,0
DA:49,0
DA:52,0
DA:54,0
DA:55,0
DA:56,0
DA:57,0
DA:59,0
DA:60,0
DA:62,0
DA:63,0
DA:66,0
DA:69,0
DA:71,0
DA:72,0
DA:75,0
DA:77,0
DA:79,0
DA:80,0
DA:82,0
DA:83,0
LF:39
LH:0
end_of_record
SF:C:\Users\akoap\AppData\Local\Pub\Cache\hosted\pub.dev\yaml-3.1.3\lib\src\scanner.dart
DA:157,0
DA:161,0
DA:164,0
DA:167,0
DA:170,0
DA:173,0
DA:178,0
DA:179,0
DA:182,0
DA:183,0
DA:184,0
DA:185,0
DA:186,0
DA:187,0
DA:188,0
DA:189,0
DA:190,0
DA:191,0
DA:192,0
DA:193,0
DA:194,0
DA:195,0
DA:196,0
DA:197,0
DA:198,0
DA:201,0
DA:202,0
DA:203,0
DA:210,0
DA:211,0
DA:213,0
DA:214,0
DA:215,0
DA:216,0
DA:217,0
DA:218,0
DA:226,0
DA:227,0
DA:228,0
DA:233,0
DA:234,0
DA:236,0
DA:237,0
DA:238,0
DA:244,0
DA:250,0
DA:251,0
DA:254,0
DA:255,0
DA:256,0
DA:264,0
DA:265,0
DA:268,0
DA:269,0
DA:270,0
DA:278,0
DA:279,0
DA:280,0
DA:281,0
DA:284,0
DA:288,0
DA:291,0
DA:292,0
DA:293,0
DA:295,0
DA:296,0
DA:297,0
DA:298,0
DA:303,0
DA:304,0
DA:305,0
DA:309,0
DA:310,0
DA:311,0
DA:312,0
DA:316,0
DA:318,0
DA:319,0
DA:322,0
DA:327,0
DA:328,0
DA:333,0
DA:335,0
DA:339,0
DA:340,0
DA:341,0
DA:345,0
DA:346,0
DA:347,0
DA:349,0
DA:350,0
DA:354,0
DA:355,0
DA:356,0
DA:360,0
DA:361,0
DA:362,0
DA:366,0
DA:367,0
DA:373,0
DA:374,0
DA:375,0
DA:377,0
DA:378,0
DA:380,0
DA:381,0
DA:383,0
DA:384,0
DA:386,0
DA:387,0
DA:389,0
DA:390,0
DA:392,0
DA:393,0
DA:395,0
DA:396,0
DA:398,0
DA:399,0
DA:401,0
DA:402,0
DA:404,0
DA:405,0
DA:406,0
DA:408,0
DA:409,0
DA:410,0
DA:412,0
DA:413,0
DA:414,0
DA:415,0
DA:419,0
DA:420,0
DA:421,0
DA:423,0
DA:426,0
DA:427,0
DA:428,0
DA:430,0
DA:433,0
DA:434,0
DA:438,0
DA:439,0
DA:440,0
DA:441,0
DA:442,0
DA:443,0
DA:448,0
DA:449,0
DA:451,0
DA:455,0
DA:457,0
DA:463,0
DA:464,0
DA:468,0
DA:469,0
DA:470,0
DA:480,0
DA:482,0
DA:484,0
DA:485,0
DA:486,0
DA:487,0
DA:490,0
DA:496,0
DA:500,0
DA:504,0
DA:506,0
DA:509,0
DA:510,0
DA:511,0
DA:512,0
DA:513,0
DA:514,0
DA:519,0
DA:520,0
DA:521,0
DA:522,0
DA:523,0
DA:526,0
DA:530,0
DA:531,0
DA:535,0
DA:536,0
DA:537,0
DA:546,0
DA:548,0
DA:549,0
DA:553,0
DA:556,0
DA:558,0
DA:560,0
DA:568,0
DA:569,0
DA:571,0
DA:572,0
DA:573,0
DA:581,0
DA:584,0
DA:587,0
DA:588,0
DA:592,0
DA:593,0
DA:594,0
DA:595,0
DA:596,0
DA:601,0
DA:602,0
DA:603,0
DA:604,0
DA:605,0
DA:606,0
DA:610,0
DA:611,0
DA:612,0
DA:613,0
DA:616,0
DA:617,0
DA:618,0
DA:619,0
DA:621,0
DA:626,0
DA:627,0
DA:628,0
DA:629,0
DA:630,0
DA:635,0
DA:636,0
DA:637,0
DA:638,0
DA:639,0
DA:643,0
DA:644,0
DA:645,0
DA:646,0
DA:650,0
DA:651,0
DA:652,0
DA:653,0
DA:654,0
DA:657,0
DA:658,0
DA:665,0
DA:666,0
DA:667,0
DA:671,0
DA:672,0
DA:673,0
DA:674,0
DA:675,0
DA:678,0
DA:679,0
DA:683,0
DA:684,0
DA:688,0
DA:689,0
DA:693,0
DA:694,0
DA:698,0
DA:699,0
DA:700,0
DA:703,0
DA:706,0
DA:707,0
DA:708,0
DA:709,0
DA:712,0
DA:717,0
DA:718,0
DA:719,0
DA:720,0
DA:723,0
DA:724,0
DA:727,0
DA:733,0
DA:734,0
DA:735,0
DA:736,0
DA:740,0
DA:741,0
DA:742,0
DA:743,0
DA:747,0
DA:748,0
DA:749,0
DA:750,0
DA:755,0
DA:756,0
DA:757,0
DA:758,0
DA:763,0
DA:764,0
DA:765,0
DA:766,0
DA:770,0
DA:771,0
DA:772,0
DA:773,0
DA:777,0
DA:781,0
DA:787,0
DA:788,0
DA:789,0
DA:790,0
DA:793,0
DA:794,0
DA:799,0
DA:802,0
DA:803,0
DA:806,0
DA:821,0
DA:822,0
DA:825,0
DA:828,0
DA:829,0
DA:830,0
DA:831,0
DA:832,0
DA:834,0
DA:838,0
DA:839,0
DA:846,0
DA:847,0
DA:849,0
DA:850,0
DA:851,0
DA:854,0
DA:864,0
DA:867,0
DA:868,0
DA:869,0
DA:872,0
DA:873,0
DA:874,0
DA:875,0
DA:876,0
DA:877,0
DA:887,0
DA:888,0
DA:890,0
DA:891,0
DA:892,0
DA:894,0
DA:903,0
DA:904,0
DA:905,0
DA:906,0
DA:909,0
DA:910,0
DA:911,0
DA:914,0
DA:921,0
DA:922,0
DA:924,0
DA:925,0
DA:926,0
DA:929,0
DA:931,0
DA:932,0
DA:933,0
DA:936,0
DA:940,0
DA:941,0
DA:944,0
DA:948,0
DA:949,0
DA:950,0
DA:952,0
DA:954,0
DA:955,0
DA:956,0
DA:957,0
DA:958,0
DA:959,0
DA:960,0
DA:961,0
DA:962,0
DA:963,0
DA:964,0
DA:965,0
DA:966,0
DA:970,0
DA:972,0
DA:977,0
DA:980,0
DA:983,0
DA:985,0
DA:986,0
DA:989,0
DA:991,0
DA:996,0
DA:998,0
DA:999,0
DA:1001,0
DA:1004,0
DA:1017,0
DA:1021,0
DA:1022,0
DA:1024,0
DA:1028,0
DA:1029,0
DA:1030,0
DA:1032,0
DA:1034,0
DA:1035,0
DA:1040,0
DA:1043,0
DA:1051,0
DA:1052,0
DA:1053,0
DA:1058,0
DA:1068,0
DA:1069,0
DA:1070,0
DA:1072,0
DA:1073,0
DA:1074,0
DA:1078,0
DA:1082,0
DA:1083,0
DA:1086,0
DA:1091,0
DA:1092,0
DA:1093,0
DA:1094,0
DA:1097,0
DA:1099,0
DA:1100,0
DA:1101,0
DA:1104,0
DA:1106,0
DA:1108,0
DA:1109,0
DA:1110,0
DA:1113,0
DA:1115,0
DA:1116,0
DA:1117,0
DA:1118,0
DA:1123,0
DA:1124,0
DA:1127,0
DA:1128,0
DA:1129,0
DA:1132,0
DA:1138,0
DA:1139,0
DA:1144,0
DA:1149,0
DA:1153,0
DA:1154,0
DA:1158,0
DA:1163,0
DA:1167,0
DA:1171,0
DA:1173,0
DA:1178,0
DA:1181,0
DA:1183,0
DA:1184,0
DA:1185,0
DA:1187,0
DA:1188,0
DA:1193,0
DA:1196,0
DA:1202,0
DA:1203,0
DA:1205,0
DA:1213,0
DA:1215,0
DA:1218,0
DA:1219,0
DA:1220,0
DA:1223,0
DA:1229,0
DA:1230,0
DA:1233,0
DA:1235,0
DA:1241,0
DA:1245,0
DA:1246,0
DA:1247,0
DA:1250,0
DA:1255,0
DA:1256,0
DA:1259,0
DA:1260,0
DA:1264,0
DA:1265,0
DA:1267,0
DA:1268,0
DA:1270,0
DA:1271,0
DA:1272,0
DA:1273,0
DA:1276,0
DA:1278,0
DA:1279,0
DA:1282,0
DA:1283,0
DA:1287,0
DA:1288,0
DA:1289,0
DA:1291,0
DA:1292,0
DA:1294,0
DA:1295,0
DA:1297,0
DA:1298,0
DA:1299,0
DA:1301,0
DA:1302,0
DA:1304,0
DA:1305,0
DA:1307,0
DA:1308,0
DA:1310,0
DA:1311,0
DA:1313,0
DA:1314,0
DA:1316,0
DA:1317,0
DA:1318,0
DA:1319,0
DA:1323,0
DA:1325,0
DA:1326,0
DA:1328,0
DA:1329,0
DA:1331,0
DA:1332,0
DA:1334,0
DA:1335,0
DA:1337,0
DA:1340,0
DA:1343,0
DA:1347,0
DA:1348,0
DA:1351,0
DA:1352,0
DA:1356,0
DA:1357,0
DA:1358,0
DA:1359,0
DA:1360,0
DA:1361,0
DA:1364,0
DA:1368,0
DA:1369,0
DA:1370,0
DA:1373,0
DA:1376,0
DA:1381,0
DA:1385,0
DA:1387,0
DA:1388,0
DA:1389,0
DA:1392,0
DA:1394,0
DA:1399,0
DA:1400,0
DA:1403,0
DA:1410,0
DA:1411,0
DA:1413,0
DA:1416,0
DA:1417,0
DA:1422,0
DA:1424,0
DA:1429,0
DA:1430,0
DA:1431,0
DA:1432,0
DA:1435,0
DA:1436,0
DA:1440,0
DA:1443,0
DA:1445,0
DA:1447,0
DA:1448,0
DA:1449,0
DA:1451,0
DA:1456,0
DA:1457,0
DA:1463,0
DA:1464,0
DA:1465,0
DA:1467,0
DA:1468,0
DA:1471,0
DA:1473,0
DA:1474,0
DA:1476,0
DA:1477,0
DA:1478,0
DA:1479,0
DA:1482,0
DA:1483,0
DA:1485,0
DA:1489,0
DA:1490,0
DA:1491,0
DA:1493,0
DA:1499,0
DA:1503,0
DA:1505,0
DA:1506,0
DA:1510,0
DA:1511,0
DA:1512,0
DA:1513,0
DA:1514,0
DA:1518,0
DA:1519,0
DA:1523,0
DA:1524,0
DA:1527,0
DA:1529,0
DA:1534,0
DA:1535,0
DA:1536,0
DA:1540,0
DA:1543,0
DA:1544,0
DA:1549,0
DA:1550,0
DA:1552,0
DA:1553,0
DA:1554,0
DA:1555,0
DA:1561,0
DA:1562,0
DA:1563,0
DA:1564,0
DA:1565,0
DA:1566,0
DA:1567,0
DA:1569,0
DA:1576,0
DA:1577,0
DA:1580,0
DA:1581,0
DA:1582,0
DA:1583,0
DA:1584,0
DA:1587,0
DA:1588,0
DA:1589,0
DA:1590,0
DA:1594,0
DA:1595,0
DA:1598,0
DA:1599,0
DA:1602,0
DA:1605,0
DA:1608,0
DA:1609,0
DA:1610,0
DA:1611,0
DA:1614,0
DA:1615,0
DA:1616,0
DA:1617,0
DA:1621,0
DA:1622,0
DA:1623,0
DA:1628,0
DA:1629,0
DA:1630,0
DA:1631,0
DA:1637,0
DA:1638,0
DA:1641,0
DA:1674,0
LF:673
LH:0
end_of_record
SF:C:\Users\akoap\AppData\Local\Pub\Cache\hosted\pub.dev\yaml-3.1.3\lib\src\token.dart
DA:18,0
DA:20,0
DA:21,0
DA:26,0
DA:37,0
DA:39,0
DA:40,0
DA:45,0
DA:56,0
DA:58,0
DA:59,0
DA:64,0
DA:71,0
DA:73,0
DA:74,0
DA:79,0
DA:86,0
DA:88,0
DA:89,0
DA:94,0
DA:105,0
DA:107,0
DA:108,0
DA:113,0
DA:124,0
DA:126,0
DA:127,0
LF:27
LH:0
end_of_record
SF:C:\Users\akoap\AppData\Local\Pub\Cache\hosted\pub.dev\yaml-3.1.3\lib\src\utils.dart
DA:13,0
DA:14,0
DA:29,0
DA:32,0
DA:33,0
DA:37,0
DA:40,0
LF:7
LH:0
end_of_record
SF:C:\Users\akoap\AppData\Local\Pub\Cache\hosted\pub.dev\source_span-1.10.2\lib\src\span_exception.dart
DA:11,0
DA:18,0
DA:21,0
DA:30,0
DA:32,0
DA:33,0
DA:43,0
DA:44,0
DA:46,0
DA:66,0
DA:68,0
DA:80,0
DA:82,0
DA:86,0
DA:89,0
DA:93,0
DA:94,0
DA:98,0
DA:108,0
DA:109,0
DA:111,0
LF:21
LH:0
end_of_record
SF:C:\Users\akoap\AppData\Local\Pub\Cache\hosted\pub.dev\yaml-3.1.3\lib\src\yaml_node_wrapper.dart
DA:32,0
DA:35,0
DA:36,0
DA:38,0
DA:40,0
DA:42,0
DA:44,0
DA:45,0
DA:48,0
DA:50,0
DA:51,0
DA:52,0
DA:56,0
DA:57,0
DA:59,0
DA:61,0
DA:72,0
DA:74,0
DA:76,0
DA:78,0
DA:81,0
DA:82,0
DA:83,0
DA:86,0
DA:87,0
DA:89,0
DA:91,0
DA:108,0
DA:111,0
DA:112,0
DA:114,0
DA:116,0
DA:119,0
DA:121,0
DA:123,0
DA:126,0
DA:127,0
DA:130,0
DA:132,0
DA:133,0
DA:134,0
DA:138,0
DA:140,0
DA:143,0
DA:144,0
DA:146,0
DA:148,0
DA:159,0
DA:160,0
DA:162,0
DA:164,0
DA:167,0
DA:169,0
DA:170,0
DA:172,0
DA:174,0
DA:177,0
DA:178,0
DA:180,0
DA:182,0
DA:185,0
DA:186,0
DA:187,0
DA:188,0
LF:64
LH:0
end_of_record
SF:C:\Users\akoap\AppData\Local\Pub\Cache\hosted\pub.dev\yaml-3.1.3\lib\yaml.dart
DA:39,0
DA:41,0
DA:45,0
DA:52,0
DA:54,0
DA:58,0
DA:65,0
DA:67,0
DA:69,0
DA:71,0
DA:72,0
DA:75,0
DA:77,0
DA:93,0
DA:94,0
DA:96,0
DA:97,0
DA:99,0
DA:100,0
DA:105,0
DA:106,0
DA:107,0
DA:115,0
DA:116,0
DA:118,0
DA:119,0
DA:121,0
DA:122,0
LF:28
LH:0
end_of_record
SF:C:\Users\akoap\AppData\Local\Pub\Cache\hosted\pub.dev\vm_service-15.2.0\lib\src\_stream_helpers.dart
DA:23,0
DA:28,0
DA:30,0
DA:32,0
DA:33,0
DA:34,0
DA:36,0
DA:37,0
DA:38,0
DA:47,0
DA:48,0
DA:49,0
DA:52,0
DA:54,0
DA:57,0
DA:61,0
DA:66,0
DA:67,0
DA:68,0
DA:70,0
DA:72,0
DA:73,0
DA:74,0
DA:77,0
DA:78,0
DA:79,0
DA:82,0
DA:86,0
DA:89,0
DA:93,0
DA:94,0
DA:96,0
DA:97,0
DA:98,0
DA:99,0
DA:101,0
DA:105,0
DA:106,0
DA:116,0
DA:117,0
DA:118,0
DA:119,0
DA:120,0
DA:121,0
DA:124,0
DA:125,0
DA:129,0
DA:136,0
DA:137,0
DA:139,0
DA:141,0
DA:143,0
DA:144,0
DA:146,0
DA:150,0
DA:151,0
DA:152,0
DA:154,0
DA:160,0
DA:161,0
DA:162,0
DA:163,0
DA:164,0
DA:168,0
DA:169,0
DA:170,0
DA:171,0
DA:172,0
DA:173,0
DA:178,0
DA:179,0
DA:180,0
DA:183,0
DA:184,0
DA:185,0
DA:196,0
DA:197,0
DA:198,0
DA:202,0
DA:203,0
DA:205,0
DA:206,0
DA:207,0
DA:208,0
DA:210,0
DA:213,0
DA:214,0
DA:216,0
DA:218,0
DA:219,0
DA:225,0
DA:229,0
DA:230,0
DA:231,0
DA:234,0
DA:240,0
DA:244,0
DA:245,0
DA:246,0
DA:247,0
DA:248,0
DA:249,0
DA:257,0
DA:258,0
DA:259,0
DA:260,0
DA:264,0
DA:265,0
DA:268,0
DA:271,0
DA:272,0
DA:274,0
DA:275,0
DA:276,0
DA:277,0
DA:281,0
DA:282,0
DA:283,0
DA:285,0
DA:288,0
DA:289,0
DA:292,0
DA:294,0
DA:295,0
DA:297,0
DA:298,0
DA:299,0
DA:303,0
DA:306,0
DA:307,0
DA:310,0
DA:311,0
DA:312,0
DA:313,0
DA:314,0
DA:316,0
DA:317,0
DA:318,0
DA:322,0
LF:139
LH:0
end_of_record
SF:C:\Users\akoap\AppData\Local\Pub\Cache\hosted\pub.dev\vm_service-15.2.0\lib\src\dart_io_extensions.dart
DA:14,0
DA:16,0
DA:17,0
DA:19,0
DA:20,0
DA:27,0
DA:28,0
DA:31,0
DA:32,0
DA:33,0
DA:34,0
DA:43,0
DA:45,0
DA:46,0
DA:47,0
DA:52,0
DA:53,0
DA:54,0
DA:61,0
DA:62,0
DA:63,0
DA:67,0
DA:68,0
DA:69,0
DA:70,0
DA:80,0
DA:84,0
DA:85,0
DA:88,0
DA:91,0
DA:92,0
DA:93,0
DA:98,0
DA:99,0
DA:100,0
DA:112,0
DA:116,0
DA:117,0
DA:119,0
DA:125,0
DA:129,0
DA:130,0
DA:138,0
DA:139,0
DA:140,0
DA:148,0
DA:155,0
DA:158,0
DA:165,0
DA:166,0
DA:173,0
DA:174,0
DA:177,0
DA:182,0
DA:185,0
DA:187,0
DA:190,0
DA:191,0
DA:192,0
DA:197,0
DA:198,0
DA:199,0
DA:200,0
DA:201,0
DA:202,0
DA:203,0
DA:204,0
DA:205,0
DA:206,0
DA:207,0
DA:208,0
DA:209,0
DA:215,0
DA:216,0
DA:251,0
DA:252,0
DA:253,0
DA:254,0
DA:255,0
DA:256,0
DA:257,0
DA:258,0
DA:259,0
DA:260,0
DA:261,0
DA:266,0
DA:267,0
DA:269,0
DA:275,0
DA:277,0
DA:281,0
DA:282,0
DA:284,0
DA:289,0
DA:293,0
DA:294,0
DA:295,0
DA:297,0
DA:298,0
DA:307,0
DA:308,0
DA:310,0
DA:313,0
DA:315,0
DA:320,0
DA:321,0
DA:323,0
DA:324,0
DA:325,0
DA:326,0
DA:327,0
DA:328,0
DA:329,0
DA:331,0
DA:333,0
DA:336,0
DA:348,0
DA:349,0
DA:351,0
DA:352,0
DA:353,0
DA:354,0
DA:355,0
DA:356,0
DA:357,0
DA:358,0
DA:359,0
DA:360,0
DA:361,0
DA:362,0
DA:364,0
DA:365,0
DA:366,0
DA:368,0
DA:407,0
DA:410,0
DA:426,0
DA:427,0
DA:429,0
DA:431,0
DA:433,0
DA:434,0
DA:436,0
DA:462,0
DA:463,0
DA:465,0
DA:466,0
DA:467,0
DA:468,0
DA:469,0
DA:470,0
DA:471,0
DA:472,0
DA:473,0
DA:474,0
DA:476,0
DA:495,0
DA:510,0
DA:515,0
DA:521,0
DA:527,0
DA:536,0
DA:542,0
DA:548,0
DA:554,0
DA:560,0
DA:563,0
DA:564,0
DA:565,0
DA:574,0
DA:581,0
DA:582,0
DA:588,0
DA:589,0
DA:591,0
DA:592,0
DA:593,0
DA:594,0
DA:595,0
DA:597,0
DA:618,0
DA:619,0
DA:621,0
DA:622,0
DA:623,0
DA:624,0
DA:626,0
DA:643,0
DA:644,0
DA:646,0
DA:647,0
DA:649,0
DA:650,0
DA:652,0
DA:653,0
DA:654,0
DA:655,0
DA:656,0
DA:657,0
DA:658,0
DA:659,0
DA:660,0
DA:661,0
DA:662,0
DA:663,0
DA:664,0
DA:666,0
DA:682,0
DA:683,0
DA:741,0
DA:742,0
DA:744,0
DA:746,0
DA:752,0
DA:753,0
DA:755,0
DA:760,0
DA:764,0
DA:765,0
DA:778,0
DA:779,0
DA:781,0
DA:790,0
DA:794,0
DA:795,0
DA:796,0
DA:797,0
DA:798,0
DA:799,0
DA:800,0
DA:802,0
DA:820,0
DA:828,0
DA:829,0
DA:831,0
DA:834,0
DA:838,0
DA:839,0
DA:842,0
DA:846,0
DA:853,0
DA:854,0
DA:856,0
DA:861,0
DA:865,0
DA:866,0
DA:879,0
DA:880,0
DA:882,0
DA:893,0
DA:897,0
DA:898,0
DA:899,0
DA:900,0
DA:901,0
DA:902,0
DA:904,0
DA:906,0
DA:908,0
DA:939,0
DA:940,0
DA:942,0
DA:944,0
DA:948,0
DA:949,0
DA:951,0
DA:955,0
LF:267
LH:0
end_of_record
SF:C:\Users\akoap\AppData\Local\Pub\Cache\hosted\pub.dev\vm_service-15.2.0\lib\src\vm_service.dart
DA:37,0
DA:40,0
DA:41,0
DA:43,0
DA:46,0
DA:47,0
DA:48,0
DA:49,0
DA:54,0
DA:55,0
DA:57,0
DA:59,0
DA:60,0
DA:65,0
DA:69,0
DA:77,0
DA:81,0
DA:82,0
DA:83,0
DA:84,0
DA:85,0
DA:95,0
DA:98,0
DA:99,0
DA:100,0
DA:103,0
DA:105,0
DA:111,0
DA:112,0
DA:113,0
DA:115,0
DA:118,0
DA:209,0
DA:274,0
DA:281,0
DA:283,0
DA:284,0
DA:285,0
DA:307,0
DA:310,0
DA:313,0
DA:320,0
DA:321,0
DA:323,0
DA:324,0
DA:331,0
DA:339,0
DA:340,0
DA:341,0
DA:343,0
DA:344,0
DA:345,0
DA:346,0
DA:349,0
DA:357,0
DA:367,0
DA:368,0
DA:371,0
DA:374,0
DA:377,0
DA:380,0
DA:383,0
DA:386,0
DA:389,0
DA:392,0
DA:395,0
DA:398,0
DA:399,0
DA:402,0
DA:405,0
DA:408,0
DA:438,0
DA:444,0
DA:445,0
DA:446,0
DA:447,0
DA:448,0
DA:481,0
DA:487,0
DA:488,0
DA:489,0
DA:490,0
DA:491,0
DA:509,0
DA:511,0
DA:512,0
DA:523,0
DA:524,0
DA:529,0
DA:559,0
DA:565,0
DA:566,0
DA:567,0
DA:568,0
DA:569,0
DA:577,0
DA:578,0
DA:583,0
DA:584,0
DA:628,0
DA:636,0
DA:637,0
DA:638,0
DA:639,0
DA:640,0
DA:642,0
DA:643,0
DA:690,0
DA:698,0
DA:699,0
DA:700,0
DA:701,0
DA:702,0
DA:704,0
DA:705,0
DA:744,0
DA:752,0
DA:753,0
DA:754,0
DA:755,0
DA:756,0
DA:758,0
DA:759,0
DA:777,0
DA:779,0
DA:780,0
DA:781,0
DA:782,0
DA:800,0
DA:806,0
DA:807,0
DA:808,0
DA:809,0
DA:810,0
DA:823,0
DA:824,0
DA:849,0
DA:851,0
DA:861,0
DA:896,0
DA:902,0
DA:903,0
DA:904,0
DA:905,0
DA:906,0
DA:945,0
DA:953,0
DA:954,0
DA:955,0
DA:956,0
DA:957,0
DA:959,0
DA:960,0
DA:999,0
DA:1006,0
DA:1007,0
DA:1008,0
DA:1009,0
DA:1011,0
DA:1012,0
DA:1024,0
DA:1025,0
DA:1041,0
DA:1042,0
DA:1054,0
DA:1055,0
DA:1067,0
DA:1068,0
DA:1080,0
DA:1081,0
DA:1093,0
DA:1094,0
DA:1128,0
DA:1135,0
DA:1136,0
DA:1137,0
DA:1138,0
DA:1139,0
DA:1140,0
DA:1167,0
DA:1169,0
DA:1170,0
DA:1171,0
DA:1172,0
DA:1206,0
DA:1208,0
DA:1209,0
DA:1210,0
DA:1217,0
DA:1218,0
DA:1250,0
DA:1256,0
DA:1257,0
DA:1258,0
DA:1259,0
DA:1260,0
DA:1268,0
DA:1269,0
DA:1290,0
DA:1291,0
DA:1314,0
DA:1315,0
DA:1316,0
DA:1317,0
DA:1318,0
DA:1329,0
DA:1330,0
DA:1393,0
DA:1404,0
DA:1405,0
DA:1406,0
DA:1407,0
DA:1408,0
DA:1409,0
DA:1410,0
DA:1411,0
DA:1412,0
DA:1414,0
DA:1421,0
DA:1426,0
DA:1458,0
DA:1460,0
DA:1461,0
DA:1462,0
DA:1472,0
DA:1479,0
DA:1494,0
DA:1495,0
DA:1509,0
DA:1510,0
DA:1528,0
DA:1530,0
DA:1531,0
DA:1532,0
DA:1533,0
DA:1549,0
DA:1550,0
DA:1560,0
DA:1561,0
DA:1584,0
DA:1591,0
DA:1592,0
DA:1593,0
DA:1594,0
DA:1595,0
DA:1596,0
DA:1610,0
DA:1611,0
DA:1612,0
DA:1627,0
DA:1628,0
DA:1659,0
DA:1661,0
DA:1662,0
DA:1663,0
DA:1664,0
DA:1676,0
DA:1678,0
DA:1698,0
DA:1701,0
DA:1720,0
DA:1723,0
DA:1724,0
DA:1726,0
DA:1727,0
DA:1755,0
DA:1756,0
DA:1768,0
DA:1770,0
DA:1785,0
DA:1786,0
DA:1802,0
DA:1804,0
DA:1805,0
DA:1810,0
DA:1826,0
DA:1827,0
DA:1835,0
DA:1836,0
DA:1844,0
DA:1846,0
DA:1887,0
DA:1888,0
DA:1892,0
DA:1894,0
DA:1900,0
DA:1903,0
DA:1905,0
DA:1907,0
DA:1909,0
DA:1911,0
DA:1915,0
DA:1916,0
DA:1919,0
DA:1920,0
DA:1921,0
DA:1922,0
DA:1923,0
DA:1924,0
DA:1928,0
DA:1929,0
DA:1931,0
DA:1933,0
DA:1934,0
DA:1945,0
DA:1949,0
DA:1950,0
DA:1951,0
DA:1953,0
DA:1957,0
DA:1959,0
DA:1960,0
DA:1961,0
DA:1962,0
DA:1964,0
DA:1968,0
DA:1969,0
DA:1970,0
DA:1971,0
DA:1972,0
DA:1977,0
DA:1978,0
DA:1979,0
DA:1981,0
DA:1984,0
DA:1986,0
DA:1987,0
DA:1988,0
DA:1989,0
DA:1990,0
DA:1991,0
DA:1992,0
DA:1993,0
DA:1994,0
DA:1995,0
DA:1997,0
DA:2001,0
DA:2003,0
DA:2004,0
DA:2005,0
DA:2006,0
DA:2007,0
DA:2008,0
DA:2009,0
DA:2010,0
DA:2011,0
DA:2012,0
DA:2013,0
DA:2014,0
DA:2015,0
DA:2016,0
DA:2020,0
DA:2022,0
DA:2023,0
DA:2024,0
DA:2025,0
DA:2026,0
DA:2028,0
DA:2030,0
DA:2031,0
DA:2032,0
DA:2034,0
DA:2037,0
DA:2042,0
DA:2043,0
DA:2045,0
DA:2046,0
DA:2047,0
DA:2049,0
DA:2050,0
DA:2051,0
DA:2052,0
DA:2053,0
DA:2054,0
DA:2056,0
DA:2057,0
DA:2062,0
DA:2063,0
DA:2064,0
DA:2065,0
DA:2069,0
DA:2070,0
DA:2071,0
DA:2072,0
DA:2073,0
DA:2076,0
DA:2077,0
DA:2078,0
DA:2079,0
DA:2080,0
DA:2081,0
DA:2082,0
DA:2084,0
DA:2088,0
DA:2089,0
DA:2091,0
DA:2092,0
DA:2093,0
DA:2097,0
DA:2098,0
DA:2100,0
DA:2103,0
DA:2105,0
DA:2106,0
DA:2107,0
DA:2109,0
DA:2209,0
DA:2210,0
DA:2211,0
DA:2215,0
DA:2216,0
DA:2221,0
DA:2222,0
DA:2230,0
DA:2232,0
DA:2234,0
DA:2236,0
DA:2238,0
DA:2242,0
DA:2246,0
DA:2247,0
DA:2248,0
DA:2249,0
DA:2252,0
DA:2254,0
DA:2255,0
DA:2257,0
DA:2267,0
DA:2268,0
DA:2270,0
DA:2271,0
DA:2276,0
DA:2277,0
DA:2281,0
DA:2283,0
DA:2285,0
DA:2286,0
DA:2300,0
DA:2302,0
DA:2653,0
DA:2654,0
DA:2674,0
DA:2681,0
DA:2682,0
DA:2683,0
DA:2684,0
DA:2686,0
DA:2688,0
DA:2689,0
DA:2690,0
DA:2691,0
DA:2692,0
DA:2693,0
DA:2694,0
DA:2696,0
DA:2699,0
DA:2700,0
DA:2701,0
DA:2702,0
DA:2703,0
DA:2704,0
DA:2705,0
DA:2706,0
DA:2707,0
DA:2710,0
DA:2712,0
DA:2721,0
DA:2722,0
DA:2737,0
DA:2743,0
DA:2745,0
DA:2746,0
DA:2747,0
DA:2748,0
DA:2750,0
DA:2751,0
DA:2752,0
DA:2753,0
DA:2756,0
DA:2757,0
DA:2769,0
DA:2770,0
DA:2786,0
DA:2794,0
DA:2795,0
DA:2796,0
DA:2798,0
DA:2799,0
DA:2800,0
DA:2801,0
DA:2803,0
DA:2806,0
DA:2807,0
DA:2808,0
DA:2809,0
DA:2810,0
DA:2811,0
DA:2812,0
DA:2813,0
DA:2816,0
DA:2817,0
DA:2818,0
DA:2819,0
DA:2829,0
DA:2830,0
DA:2851,0
DA:2858,0
DA:2862,0
DA:2863,0
DA:2864,0
DA:2865,0
DA:2866,0
DA:2867,0
DA:2869,0
DA:2871,0
DA:2874,0
DA:2875,0
DA:2876,0
DA:2877,0
DA:2878,0
DA:2879,0
DA:2880,0
DA:2881,0
DA:2882,0
DA:2884,0
DA:2887,0
DA:2888,0
DA:2890,0
DA:2891,0
DA:2893,0
DA:2894,0
DA:2895,0
DA:2896,0
DA:2901,0
DA:2902,0
DA:2920,0
DA:2926,0
DA:2930,0
DA:2931,0
DA:2933,0
DA:2935,0
DA:2937,0
DA:2938,0
DA:2939,0
DA:2941,0
DA:2944,0
DA:2945,0
DA:2946,0
DA:2947,0
DA:2948,0
DA:2949,0
DA:2950,0
DA:2951,0
DA:2952,0
DA:2954,0
DA:2957,0
DA:2958,0
DA:2960,0
DA:2961,0
DA:2963,0
DA:2964,0
DA:2969,0
DA:2970,0
DA:3051,0
DA:3073,0
DA:3077,0
DA:3078,0
DA:3080,0
DA:3082,0
DA:3084,0
DA:3085,0
DA:3087,0
DA:3088,0
DA:3089,0
DA:3090,0
DA:3091,0
DA:3092,0
DA:3093,0
DA:3094,0
DA:3095,0
DA:3097,0
DA:3099,0
DA:3101,0
DA:3102,0
DA:3103,0
DA:3104,0
DA:3106,0
DA:3107,0
DA:3108,0
DA:3109,0
DA:3110,0
DA:3111,0
DA:3112,0
DA:3113,0
DA:3114,0
DA:3115,0
DA:3117,0
DA:3120,0
DA:3121,0
DA:3122,0
DA:3123,0
DA:3124,0
DA:3125,0
DA:3126,0
DA:3127,0
DA:3128,0
DA:3129,0
DA:3130,0
DA:3131,0
DA:3132,0
DA:3133,0
DA:3134,0
DA:3135,0
DA:3136,0
DA:3137,0
DA:3138,0
DA:3139,0
DA:3140,0
DA:3142,0
DA:3143,0
DA:3144,0
DA:3145,0
DA:3146,0
DA:3147,0
DA:3150,0
DA:3151,0
DA:3153,0
DA:3154,0
DA:3156,0
DA:3161,0
DA:3162,0
DA:3181,0
DA:3189,0
DA:3191,0
DA:3192,0
DA:3193,0
DA:3194,0
DA:3195,0
DA:3196,0
DA:3198,0
DA:3201,0
DA:3202,0
DA:3203,0
DA:3204,0
DA:3205,0
DA:3206,0
DA:3207,0
DA:3208,0
DA:3211,0
DA:3212,0
DA:3213,0
DA:3214,0
DA:3218,0
DA:3219,0
DA:3223,0
DA:3227,0
DA:3228,0
DA:3229,0
DA:3230,0
DA:3231,0
DA:3233,0
DA:3236,0
DA:3237,0
DA:3238,0
DA:3239,0
DA:3242,0
DA:3243,0
DA:3248,0
DA:3249,0
DA:3263,0
DA:3268,0
DA:3272,0
DA:3273,0
DA:3274,0
DA:3275,0
DA:3276,0
DA:3277,0
DA:3279,0
DA:3282,0
DA:3283,0
DA:3284,0
DA:3285,0
DA:3286,0
DA:3287,0
DA:3288,0
DA:3289,0
DA:3292,0
DA:3293,0
DA:3295,0
DA:3296,0
DA:3298,0
DA:3299,0
DA:3304,0
DA:3305,0
DA:3322,0
DA:3327,0
DA:3331,0
DA:3332,0
DA:3333,0
DA:3334,0
DA:3335,0
DA:3336,0
DA:3338,0
DA:3341,0
DA:3342,0
DA:3343,0
DA:3344,0
DA:3345,0
DA:3346,0
DA:3347,0
DA:3348,0
DA:3351,0
DA:3352,0
DA:3354,0
DA:3355,0
DA:3357,0
DA:3358,0
DA:3362,0
DA:3363,0
DA:3368,0
DA:3371,0
DA:3375,0
DA:3376,0
DA:3377,0
DA:3379,0
DA:3382,0
DA:3383,0
DA:3384,0
DA:3385,0
DA:3386,0
DA:3389,0
DA:3390,0
DA:3392,0
DA:3393,0
DA:3395,0
DA:3396,0
DA:3402,0
DA:3403,0
DA:3416,0
DA:3421,0
DA:3425,0
DA:3426,0
DA:3427,0
DA:3429,0
DA:3430,0
DA:3431,0
DA:3432,0
DA:3434,0
DA:3437,0
DA:3438,0
DA:3439,0
DA:3440,0
DA:3441,0
DA:3442,0
DA:3443,0
DA:3446,0
DA:3447,0
DA:3449,0
DA:3450,0
DA:3452,0
DA:3454,0
DA:3458,0
DA:3459,0
DA:3464,0
DA:3468,0
DA:3469,0
DA:3470,0
DA:3472,0
DA:3473,0
DA:3476,0
DA:3477,0
DA:3482,0
DA:3483,0
DA:3513,0
DA:3524,0
DA:3525,0
DA:3526,0
DA:3527,0
DA:3528,0
DA:3529,0
DA:3530,0
DA:3531,0
DA:3532,0
DA:3533,0
DA:3534,0
DA:3535,0
DA:3536,0
DA:3537,0
DA:3539,0
DA:3542,0
DA:3543,0
DA:3544,0
DA:3545,0
DA:3546,0
DA:3547,0
DA:3548,0
DA:3549,0
DA:3550,0
DA:3551,0
DA:3552,0
DA:3555,0
DA:3556,0
DA:3557,0
DA:3558,0
DA:3562,0
DA:3563,0
DA:3593,0
DA:3604,0
DA:3605,0
DA:3606,0
DA:3607,0
DA:3608,0
DA:3609,0
DA:3610,0
DA:3611,0
DA:3612,0
DA:3613,0
DA:3614,0
DA:3615,0
DA:3616,0
DA:3618,0
DA:3619,0
DA:3620,0
DA:3621,0
DA:3622,0
DA:3623,0
DA:3624,0
DA:3625,0
DA:3626,0
DA:3629,0
DA:3630,0
DA:3631,0
DA:3632,0
DA:3637,0
DA:3638,0
DA:3683,0
DA:3694,0
DA:3695,0
DA:3696,0
DA:3697,0
DA:3698,0
DA:3699,0
DA:3700,0
DA:3701,0
DA:3702,0
DA:3704,0
DA:3705,0
DA:3706,0
DA:3707,0
DA:3708,0
DA:3709,0
DA:3710,0
DA:3711,0
DA:3712,0
DA:3713,0
DA:3716,0
DA:3718,0
DA:3723,0
DA:3724,0
DA:3732,0
DA:3736,0
DA:3740,0
DA:3741,0
DA:3742,0
DA:3743,0
DA:3745,0
DA:3748,0
DA:3749,0
DA:3750,0
DA:3751,0
DA:3752,0
DA:3753,0
DA:3756,0
DA:3757,0
DA:3759,0
DA:3760,0
DA:3762,0
DA:3763,0
DA:3769,0
DA:3770,0
DA:3790,0
DA:3796,0
DA:3800,0
DA:3801,0
DA:3802,0
DA:3804,0
DA:3807,0
DA:3809,0
DA:3811,0
DA:3814,0
DA:3815,0
DA:3816,0
DA:3817,0
DA:3818,0
DA:3819,0
DA:3820,0
DA:3821,0
DA:3822,0
DA:3823,0
DA:3826,0
DA:3827,0
DA:3829,0
DA:3830,0
DA:3832,0
DA:3833,0
DA:3842,0
DA:3843,0
DA:4072,0
DA:4107,0
DA:4108,0
DA:4110,0
DA:4112,0
DA:4114,0
DA:4115,0
DA:4117,0
DA:4119,0
DA:4120,0
DA:4122,0
DA:4124,0
DA:4126,0
DA:4128,0
DA:4130,0
DA:4131,0
DA:4132,0
DA:4133,0
DA:4134,0
DA:4135,0
DA:4136,0
DA:4138,0
DA:4139,0
DA:4140,0
DA:4141,0
DA:4142,0
DA:4144,0
DA:4145,0
DA:4146,0
DA:4147,0
DA:4148,0
DA:4149,0
DA:4150,0
DA:4151,0
DA:4152,0
DA:4154,0
DA:4156,0
DA:4157,0
DA:4159,0
DA:4162,0
DA:4163,0
DA:4164,0
DA:4165,0
DA:4166,0
DA:4167,0
DA:4168,0
DA:4169,0
DA:4170,0
DA:4171,0
DA:4172,0
DA:4173,0
DA:4175,0
DA:4176,0
DA:4177,0
DA:4178,0
DA:4179,0
DA:4180,0
DA:4181,0
DA:4182,0
DA:4183,0
DA:4184,0
DA:4185,0
DA:4186,0
DA:4187,0
DA:4188,0
DA:4189,0
DA:4190,0
DA:4192,0
DA:4193,0
DA:4195,0
DA:4196,0
DA:4197,0
DA:4198,0
DA:4199,0
DA:4200,0
DA:4201,0
DA:4202,0
DA:4203,0
DA:4204,0
DA:4205,0
DA:4206,0
DA:4207,0
DA:4208,0
DA:4209,0
DA:4210,0
DA:4211,0
DA:4212,0
DA:4213,0
DA:4214,0
DA:4215,0
DA:4216,0
DA:4219,0
DA:4220,0
DA:4225,0
DA:4226,0
DA:4259,0
DA:4268,0
DA:4272,0
DA:4273,0
DA:4274,0
DA:4276,0
DA:4278,0
DA:4279,0
DA:4280,0
DA:4282,0
DA:4284,0
DA:4286,0
DA:4289,0
DA:4290,0
DA:4291,0
DA:4292,0
DA:4293,0
DA:4294,0
DA:4295,0
DA:4296,0
DA:4297,0
DA:4298,0
DA:4299,0
DA:4300,0
DA:4303,0
DA:4304,0
DA:4306,0
DA:4307,0
DA:4309,0
DA:4310,0
DA:4311,0
DA:4312,0
DA:4317,0
DA:4318,0
DA:4365,0
DA:4375,0
DA:4379,0
DA:4380,0
DA:4381,0
DA:4383,0
DA:4385,0
DA:4386,0
DA:4387,0
DA:4389,0
DA:4391,0
DA:4392,0
DA:4393,0
DA:4395,0
DA:4398,0
DA:4399,0
DA:4400,0
DA:4401,0
DA:4402,0
DA:4403,0
DA:4404,0
DA:4405,0
DA:4406,0
DA:4407,0
DA:4408,0
DA:4409,0
DA:4410,0
DA:4411,0
DA:4414,0
DA:4415,0
DA:4417,0
DA:4418,0
DA:4420,0
DA:4421,0
DA:4422,0
DA:4423,0
DA:4428,0
DA:4429,0
DA:4446,0
DA:4453,0
DA:4454,0
DA:4455,0
DA:4456,0
DA:4457,0
DA:4459,0
DA:4460,0
DA:4461,0
DA:4462,0
DA:4463,0
DA:4464,0
DA:4467,0
DA:4469,0
DA:4474,0
DA:4475,0
DA:4480,0
DA:4484,0
DA:4485,0
DA:4486,0
DA:4487,0
DA:4488,0
DA:4490,0
DA:4493,0
DA:4494,0
DA:4495,0
DA:4496,0
DA:4499,0
DA:4500,0
DA:4504,0
DA:4505,0
DA:4524,0
DA:4533,0
DA:4534,0
DA:4535,0
DA:4537,0
DA:4539,0
DA:4541,0
DA:4542,0
DA:4543,0
DA:4544,0
DA:4546,0
DA:4549,0
DA:4550,0
DA:4551,0
DA:4552,0
DA:4553,0
DA:4554,0
DA:4555,0
DA:4556,0
DA:4557,0
DA:4558,0
DA:4559,0
DA:4560,0
DA:4563,0
DA:4564,0
DA:4569,0
DA:4570,0
DA:4610,0
DA:4621,0
DA:4625,0
DA:4626,0
DA:4627,0
DA:4628,0
DA:4629,0
DA:4630,0
DA:4631,0
DA:4632,0
DA:4633,0
DA:4634,0
DA:4636,0
DA:4638,0
DA:4640,0
DA:4643,0
DA:4644,0
DA:4645,0
DA:4646,0
DA:4647,0
DA:4648,0
DA:4649,0
DA:4650,0
DA:4651,0
DA:4652,0
DA:4653,0
DA:4654,0
DA:4655,0
DA:4656,0
DA:4659,0
DA:4660,0
DA:4662,0
DA:4663,0
DA:4665,0
DA:4671,0
DA:4672,0
DA:4728,0
DA:4741,0
DA:4745,0
DA:4746,0
DA:4747,0
DA:4748,0
DA:4749,0
DA:4750,0
DA:4751,0
DA:4752,0
DA:4753,0
DA:4754,0
DA:4756,0
DA:4759,0
DA:4761,0
DA:4762,0
DA:4764,0
DA:4767,0
DA:4768,0
DA:4769,0
DA:4770,0
DA:4771,0
DA:4772,0
DA:4773,0
DA:4774,0
DA:4775,0
DA:4776,0
DA:4777,0
DA:4778,0
DA:4779,0
DA:4780,0
DA:4781,0
DA:4782,0
DA:4785,0
DA:4786,0
DA:4788,0
DA:4789,0
DA:4791,0
DA:4797,0
DA:4798,0
DA:4806,0
DA:4812,0
DA:4813,0
DA:4814,0
DA:4815,0
DA:4816,0
DA:4818,0
DA:4821,0
DA:4822,0
DA:4823,0
DA:4824,0
DA:4825,0
DA:4826,0
DA:4829,0
DA:4830,0
DA:4832,0
DA:4833,0
DA:4835,0
DA:4836,0
DA:4837,0
DA:4842,0
DA:4843,0
DA:5008,0
DA:5030,0
DA:5034,0
DA:5035,0
DA:5036,0
DA:5038,0
DA:5039,0
DA:5040,0
DA:5041,0
DA:5042,0
DA:5043,0
DA:5046,0
DA:5049,0
DA:5051,0
DA:5052,0
DA:5053,0
DA:5054,0
DA:5055,0
DA:5058,0
DA:5061,0
DA:5064,0
DA:5066,0
DA:5067,0
DA:5068,0
DA:5069,0
DA:5070,0
DA:5071,0
DA:5073,0
DA:5076,0
DA:5077,0
DA:5078,0
DA:5079,0
DA:5080,0
DA:5081,0
DA:5082,0
DA:5083,0
DA:5084,0
DA:5085,0
DA:5086,0
DA:5087,0
DA:5088,0
DA:5089,0
DA:5090,0
DA:5091,0
DA:5092,0
DA:5093,0
DA:5094,0
DA:5095,0
DA:5097,0
DA:5098,0
DA:5100,0
DA:5101,0
DA:5102,0
DA:5103,0
DA:5104,0
DA:5105,0
DA:5106,0
DA:5107,0
DA:5108,0
DA:5109,0
DA:5110,0
DA:5111,0
DA:5112,0
DA:5115,0
DA:5116,0
DA:5118,0
DA:5119,0
DA:5121,0
DA:5122,0
DA:5123,0
DA:5124,0
DA:5129,0
DA:5130,0
DA:5525,0
DA:5569,0
DA:5574,0
DA:5575,0
DA:5576,0
DA:5578,0
DA:5579,0
DA:5580,0
DA:5581,0
DA:5582,0
DA:5583,0
DA:5584,0
DA:5585,0
DA:5588,0
DA:5591,0
DA:5593,0
DA:5594,0
DA:5595,0
DA:5596,0
DA:5597,0
DA:5598,0
DA:5599,0
DA:5600,0
DA:5601,0
DA:5603,0
DA:5604,0
DA:5605,0
DA:5607,0
DA:5609,0
DA:5612,0
DA:5615,0
DA:5618,0
DA:5620,0
DA:5621,0
DA:5622,0
DA:5625,0
DA:5628,0
DA:5629,0
DA:5630,0
DA:5632,0
DA:5634,0
DA:5636,0
DA:5638,0
DA:5639,0
DA:5640,0
DA:5641,0
DA:5642,0
DA:5643,0
DA:5646,0
DA:5649,0
DA:5651,0
DA:5653,0
DA:5655,0
DA:5657,0
DA:5659,0
DA:5662,0
DA:5663,0
DA:5664,0
DA:5665,0
DA:5666,0
DA:5667,0
DA:5668,0
DA:5669,0
DA:5670,0
DA:5671,0
DA:5672,0
DA:5673,0
DA:5674,0
DA:5675,0
DA:5676,0
DA:5677,0
DA:5678,0
DA:5679,0
DA:5680,0
DA:5681,0
DA:5682,0
DA:5683,0
DA:5685,0
DA:5686,0
DA:5688,0
DA:5689,0
DA:5690,0
DA:5691,0
DA:5692,0
DA:5693,0
DA:5695,0
DA:5696,0
DA:5697,0
DA:5698,0
DA:5699,0
DA:5700,0
DA:5701,0
DA:5702,0
DA:5703,0
DA:5704,0
DA:5705,0
DA:5706,0
DA:5707,0
DA:5708,0
DA:5709,0
DA:5710,0
DA:5711,0
DA:5712,0
DA:5713,0
DA:5714,0
DA:5715,0
DA:5716,0
DA:5717,0
DA:5718,0
DA:5719,0
DA:5720,0
DA:5721,0
DA:5722,0
DA:5723,0
DA:5724,0
DA:5725,0
DA:5726,0
DA:5727,0
DA:5728,0
DA:5729,0
DA:5730,0
DA:5731,0
DA:5732,0
DA:5733,0
DA:5734,0
DA:5735,0
DA:5738,0
DA:5739,0
DA:5741,0
DA:5742,0
DA:5744,0
DA:5745,0
DA:5746,0
DA:5747,0
DA:5752,0
DA:5753,0
DA:5771,0
DA:5779,0
DA:5780,0
DA:5781,0
DA:5782,0
DA:5783,0
DA:5784,0
DA:5785,0
DA:5787,0
DA:5790,0
DA:5791,0
DA:5792,0
DA:5793,0
DA:5794,0
DA:5795,0
DA:5796,0
DA:5797,0
DA:5800,0
DA:5801,0
DA:5803,0
DA:5804,0
DA:5806,0
DA:5807,0
DA:5808,0
DA:5809,0
DA:5814,0
DA:5815,0
DA:5886,0
DA:5906,0
DA:5907,0
DA:5908,0
DA:5909,0
DA:5910,0
DA:5911,0
DA:5912,0
DA:5913,0
DA:5914,0
DA:5915,0
DA:5916,0
DA:5917,0
DA:5918,0
DA:5920,0
DA:5921,0
DA:5923,0
DA:5924,0
DA:5925,0
DA:5926,0
DA:5927,0
DA:5928,0
DA:5929,0
DA:5930,0
DA:5931,0
DA:5933,0
DA:5934,0
DA:5936,0
DA:5939,0
DA:5940,0
DA:5941,0
DA:5942,0
DA:5943,0
DA:5944,0
DA:5945,0
DA:5946,0
DA:5947,0
DA:5948,0
DA:5949,0
DA:5950,0
DA:5951,0
DA:5952,0
DA:5953,0
DA:5954,0
DA:5955,0
DA:5956,0
DA:5957,0
DA:5958,0
DA:5960,0
DA:5963,0
DA:5964,0
DA:5966,0
DA:5967,0
DA:5969,0
DA:5975,0
DA:5976,0
DA:5984,0
DA:5989,0
DA:5990,0
DA:5991,0
DA:5993,0
DA:5994,0
DA:5995,0
DA:5998,0
DA:6000,0
DA:6005,0
DA:6006,0
DA:6022,0
DA:6029,0
DA:6030,0
DA:6031,0
DA:6032,0
DA:6033,0
DA:6034,0
DA:6036,0
DA:6039,0
DA:6040,0
DA:6041,0
DA:6042,0
DA:6043,0
DA:6044,0
DA:6045,0
DA:6048,0
DA:6049,0
DA:6051,0
DA:6052,0
DA:6054,0
DA:6055,0
DA:6056,0
DA:6062,0
DA:6063,0
DA:6085,0
DA:6093,0
DA:6094,0
DA:6095,0
DA:6096,0
DA:6097,0
DA:6098,0
DA:6099,0
DA:6100,0
DA:6101,0
DA:6103,0
DA:6106,0
DA:6107,0
DA:6108,0
DA:6109,0
DA:6110,0
DA:6111,0
DA:6112,0
DA:6113,0
DA:6116,0
DA:6117,0
DA:6119,0
DA:6120,0
DA:6122,0
DA:6123,0
DA:6124,0
DA:6125,0
DA:6130,0
DA:6131,0
DA:6136,0
DA:6140,0
DA:6141,0
DA:6142,0
DA:6143,0
DA:6144,0
DA:6146,0
DA:6149,0
DA:6150,0
DA:6151,0
DA:6152,0
DA:6155,0
DA:6156,0
DA:6161,0
DA:6162,0
DA:6186,0
DA:6192,0
DA:6194,0
DA:6195,0
DA:6196,0
DA:6197,0
DA:6199,0
DA:6200,0
DA:6201,0
DA:6202,0
DA:6203,0
DA:6204,0
DA:6205,0
DA:6207,0
DA:6210,0
DA:6211,0
DA:6216,0
DA:6217,0
DA:6225,0
DA:6230,0
DA:6231,0
DA:6232,0
DA:6233,0
DA:6235,0
DA:6237,0
DA:6240,0
DA:6241,0
DA:6242,0
DA:6243,0
DA:6244,0
DA:6247,0
DA:6249,0
DA:6254,0
DA:6255,0
DA:6263,0
DA:6267,0
DA:6271,0
DA:6272,0
DA:6273,0
DA:6274,0
DA:6276,0
DA:6279,0
DA:6280,0
DA:6281,0
DA:6282,0
DA:6283,0
DA:6284,0
DA:6287,0
DA:6288,0
DA:6290,0
DA:6291,0
DA:6293,0
DA:6294,0
DA:6301,0
DA:6302,0
DA:6330,0
DA:6340,0
DA:6344,0
DA:6345,0
DA:6346,0
DA:6347,0
DA:6348,0
DA:6349,0
DA:6350,0
DA:6351,0
DA:6352,0
DA:6353,0
DA:6354,0
DA:6355,0
DA:6356,0
DA:6357,0
DA:6358,0
DA:6359,0
DA:6360,0
DA:6361,0
DA:6362,0
DA:6364,0
DA:6367,0
DA:6368,0
DA:6369,0
DA:6370,0
DA:6371,0
DA:6372,0
DA:6373,0
DA:6374,0
DA:6375,0
DA:6376,0
DA:6377,0
DA:6378,0
DA:6381,0
DA:6382,0
DA:6384,0
DA:6385,0
DA:6387,0
DA:6393,0
DA:6394,0
DA:6416,0
DA:6425,0
DA:6426,0
DA:6427,0
DA:6428,0
DA:6429,0
DA:6431,0
DA:6432,0
DA:6434,0
DA:6435,0
DA:6436,0
DA:6437,0
DA:6438,0
DA:6439,0
DA:6440,0
DA:6441,0
DA:6442,0
DA:6445,0
DA:6446,0
DA:6447,0
DA:6448,0
DA:6452,0
DA:6453,0
DA:6482,0
DA:6493,0
DA:6494,0
DA:6496,0
DA:6497,0
DA:6498,0
DA:6500,0
DA:6502,0
DA:6504,0
DA:6507,0
DA:6509,0
DA:6511,0
DA:6514,0
DA:6515,0
DA:6516,0
DA:6517,0
DA:6518,0
DA:6519,0
DA:6520,0
DA:6521,0
DA:6522,0
DA:6523,0
DA:6524,0
DA:6527,0
DA:6528,0
DA:6529,0
DA:6530,0
DA:6534,0
DA:6535,0
DA:6543,0
DA:6548,0
DA:6550,0
DA:6551,0
DA:6552,0
DA:6554,0
DA:6555,0
DA:6556,0
DA:6559,0
DA:6560,0
DA:6566,0
DA:6567,0
DA:6585,0
DA:6591,0
DA:6592,0
DA:6593,0
DA:6594,0
DA:6595,0
DA:6597,0
DA:6600,0
DA:6601,0
DA:6602,0
DA:6603,0
DA:6604,0
DA:6605,0
DA:6608,0
DA:6609,0
DA:6610,0
DA:6611,0
DA:6620,0
DA:6621,0
DA:6645,0
DA:6654,0
DA:6655,0
DA:6656,0
DA:6657,0
DA:6658,0
DA:6660,0
DA:6662,0
DA:6664,0
DA:6666,0
DA:6669,0
DA:6670,0
DA:6671,0
DA:6672,0
DA:6673,0
DA:6674,0
DA:6675,0
DA:6676,0
DA:6677,0
DA:6678,0
DA:6681,0
DA:6682,0
DA:6683,0
DA:6684,0
DA:6691,0
DA:6692,0
DA:6702,0
DA:6707,0
DA:6708,0
DA:6709,0
DA:6710,0
DA:6712,0
DA:6715,0
DA:6716,0
DA:6717,0
DA:6718,0
DA:6719,0
DA:6722,0
DA:6723,0
DA:6725,0
DA:6726,0
DA:6728,0
DA:6729,0
DA:6735,0
DA:6736,0
DA:6741,0
DA:6745,0
DA:6746,0
DA:6748,0
DA:6749,0
DA:6752,0
DA:6753,0
DA:6758,0
DA:6759,0
DA:6765,0
DA:6767,0
DA:6771,0
DA:6773,0
DA:6782,0
DA:6783,0
DA:6784,0
DA:6786,0
DA:6789,0
DA:6790,0
DA:6791,0
DA:6792,0
DA:6793,0
DA:6796,0
DA:6797,0
DA:6799,0
DA:6800,0
DA:6802,0
DA:6803,0
DA:6804,0
DA:6805,0
DA:6810,0
DA:6811,0
DA:6817,0
DA:6819,0
DA:6823,0
DA:6825,0
DA:6834,0
DA:6835,0
DA:6836,0
DA:6838,0
DA:6841,0
DA:6842,0
DA:6843,0
DA:6844,0
DA:6845,0
DA:6848,0
DA:6849,0
DA:6851,0
DA:6852,0
DA:6854,0
DA:6855,0
DA:6856,0
DA:6857,0
DA:6862,0
DA:6863,0
DA:6875,0
DA:6880,0
DA:6881,0
DA:6882,0
DA:6883,0
DA:6885,0
DA:6888,0
DA:6889,0
DA:6890,0
DA:6891,0
DA:6892,0
DA:6895,0
DA:6896,0
DA:6898,0
DA:6899,0
DA:6901,0
DA:6902,0
DA:6907,0
DA:6908,0
DA:6945,0
DA:6952,0
DA:6953,0
DA:6954,0
DA:6956,0
DA:6957,0
DA:6958,0
DA:6960,0
DA:6963,0
DA:6964,0
DA:6965,0
DA:6966,0
DA:6967,0
DA:6968,0
DA:6969,0
DA:6972,0
DA:6973,0
DA:6975,0
DA:6976,0
DA:6978,0
DA:6979,0
DA:6986,0
DA:6987,0
DA:7003,0
DA:7010,0
DA:7012,0
DA:7014,0
DA:7015,0
DA:7016,0
DA:7018,0
DA:7019,0
DA:7020,0
DA:7021,0
DA:7022,0
DA:7025,0
DA:7027,0
DA:7032,0
DA:7033,0
DA:7058,0
DA:7068,0
DA:7069,0
DA:7070,0
DA:7071,0
DA:7072,0
DA:7073,0
DA:7074,0
DA:7075,0
DA:7076,0
DA:7078,0
DA:7081,0
DA:7082,0
DA:7083,0
DA:7084,0
DA:7085,0
DA:7086,0
DA:7087,0
DA:7088,0
DA:7089,0
DA:7090,0
DA:7093,0
DA:7094,0
DA:7095,0
DA:7096,0
DA:7101,0
DA:7102,0
DA:7114,0
DA:7120,0
DA:7121,0
DA:7122,0
DA:7123,0
DA:7124,0
DA:7126,0
DA:7129,0
DA:7130,0
DA:7131,0
DA:7132,0
DA:7133,0
DA:7134,0
DA:7137,0
DA:7138,0
DA:7139,0
DA:7146,0
DA:7147,0
DA:7151,0
DA:7155,0
DA:7156,0
DA:7157,0
DA:7158,0
DA:7159,0
DA:7161,0
DA:7164,0
DA:7165,0
DA:7166,0
DA:7167,0
DA:7170,0
DA:7171,0
DA:7179,0
DA:7180,0
DA:7198,0
DA:7206,0
DA:7207,0
DA:7208,0
DA:7209,0
DA:7210,0
DA:7211,0
DA:7213,0
DA:7214,0
DA:7215,0
DA:7216,0
DA:7217,0
DA:7218,0
DA:7221,0
DA:7222,0
DA:7223,0
DA:7224,0
DA:7232,0
DA:7233,0
DA:7238,0
DA:7242,0
DA:7243,0
DA:7244,0
DA:7245,0
DA:7246,0
DA:7248,0
DA:7251,0
DA:7252,0
DA:7253,0
DA:7254,0
DA:7257,0
DA:7258,0
DA:7263,0
DA:7264,0
DA:7275,0
DA:7281,0
DA:7282,0
DA:7283,0
DA:7284,0
DA:7286,0
DA:7287,0
DA:7288,0
DA:7289,0
DA:7292,0
DA:7294,0
DA:7299,0
DA:7300,0
DA:7304,0
DA:7308,0
DA:7309,0
DA:7311,0
DA:7313,0
DA:7316,0
DA:7317,0
DA:7318,0
DA:7319,0
DA:7322,0
DA:7323,0
DA:7327,0
DA:7328,0
DA:7343,0
DA:7350,0
DA:7351,0
DA:7352,0
DA:7353,0
DA:7354,0
DA:7355,0
DA:7356,0
DA:7358,0
DA:7359,0
DA:7360,0
DA:7361,0
DA:7362,0
DA:7365,0
DA:7366,0
DA:7367,0
DA:7375,0
DA:7376,0
DA:7387,0
DA:7392,0
DA:7393,0
DA:7394,0
DA:7395,0
DA:7396,0
DA:7397,0
DA:7399,0
DA:7402,0
DA:7403,0
DA:7404,0
DA:7405,0
DA:7406,0
DA:7409,0
DA:7411,0
DA:7415,0
DA:7416,0
DA:7421,0
DA:7425,0
DA:7426,0
DA:7427,0
DA:7429,0
DA:7432,0
DA:7433,0
DA:7434,0
DA:7435,0
DA:7438,0
DA:7439,0
DA:7444,0
DA:7445,0
DA:7469,0
DA:7476,0
DA:7477,0
DA:7478,0
DA:7480,0
DA:7483,0
DA:7485,0
DA:7486,0
DA:7487,0
DA:7488,0
DA:7489,0
DA:7490,0
DA:7491,0
DA:7492,0
DA:7495,0
DA:7496,0
DA:7501,0
DA:7502,0
DA:7515,0
DA:7521,0
DA:7522,0
DA:7523,0
DA:7524,0
DA:7525,0
DA:7526,0
DA:7527,0
DA:7529,0
DA:7532,0
DA:7533,0
DA:7534,0
DA:7535,0
DA:7536,0
DA:7537,0
DA:7540,0
DA:7541,0
DA:7542,0
DA:7549,0
DA:7550,0
DA:7554,0
DA:7556,0
DA:7558,0
DA:7560,0
DA:7561,0
DA:7562,0
DA:7565,0
DA:7574,0
DA:7575,0
DA:7583,0
DA:7588,0
DA:7589,0
DA:7590,0
DA:7591,0
DA:7593,0
DA:7596,0
DA:7597,0
DA:7598,0
DA:7599,0
DA:7600,0
DA:7603,0
DA:7604,0
DA:7609,0
DA:7610,0
DA:7615,0
DA:7618,0
DA:7622,0
DA:7623,0
DA:7624,0
DA:7626,0
DA:7629,0
DA:7630,0
DA:7631,0
DA:7632,0
DA:7633,0
DA:7636,0
DA:7637,0
DA:7639,0
DA:7640,0
DA:7642,0
DA:7643,0
DA:7673,0
DA:7674,0
DA:7702,0
DA:7710,0
DA:7714,0
DA:7715,0
DA:7716,0
DA:7718,0
DA:7719,0
DA:7720,0
DA:7721,0
DA:7723,0
DA:7724,0
DA:7725,0
DA:7726,0
DA:7731,0
DA:7735,0
DA:7737,0
DA:7738,0
DA:7743,0
DA:7745,0
DA:7746,0
DA:7747,0
DA:7749,0
DA:7750,0
DA:7751,0
DA:7752,0
DA:7757,0
DA:7760,0
DA:7761,0
DA:7762,0
DA:7763,0
DA:7764,0
DA:7765,0
DA:7766,0
DA:7767,0
DA:7768,0
DA:7769,0
DA:7770,0
DA:7771,0
DA:7773,0
DA:7776,0
DA:7777,0
DA:7779,0
DA:7780,0
DA:7782,0
DA:7783,0
DA:7787,0
DA:7788,0
DA:7792,0
DA:7796,0
DA:7797,0
DA:7798,0
DA:7799,0
DA:7800,0
DA:7802,0
DA:7805,0
DA:7806,0
DA:7807,0
DA:7808,0
DA:7811,0
DA:7812,0
DA:7818,0
DA:7819,0
DA:7841,0
DA:7849,0
DA:7850,0
DA:7852,0
DA:7853,0
DA:7854,0
DA:7855,0
DA:7856,0
DA:7858,0
DA:7861,0
DA:7862,0
DA:7863,0
DA:7864,0
DA:7865,0
DA:7866,0
DA:7867,0
DA:7868,0
DA:7869,0
DA:7872,0
DA:7873,0
DA:7879,0
DA:7880,0
DA:7895,0
DA:7900,0
DA:7901,0
DA:7902,0
DA:7903,0
DA:7904,0
DA:7905,0
DA:7906,0
DA:7908,0
DA:7911,0
DA:7912,0
DA:7913,0
DA:7914,0
DA:7915,0
DA:7918,0
DA:7919,0
DA:7928,0
DA:7929,0
DA:7939,0
DA:7944,0
DA:7945,0
DA:7946,0
DA:7948,0
DA:7949,0
DA:7950,0
DA:7953,0
DA:7954,0
DA:7964,0
DA:7965,0
DA:8002,0
DA:8013,0
DA:8014,0
DA:8015,0
DA:8016,0
DA:8017,0
DA:8019,0
DA:8021,0
DA:8022,0
DA:8024,0
DA:8025,0
DA:8026,0
DA:8029,0
DA:8030,0
DA:8031,0
DA:8032,0
DA:8033,0
DA:8034,0
DA:8035,0
DA:8036,0
DA:8037,0
DA:8039,0
DA:8040,0
DA:8041,0
DA:8044,0
DA:8045,0
DA:8046,0
DA:8047,0
DA:8055,0
DA:8056,0
DA:8098,0
DA:8106,0
DA:8107,0
DA:8108,0
DA:8109,0
DA:8110,0
DA:8111,0
DA:8112,0
DA:8113,0
DA:8114,0
DA:8115,0
DA:8116,0
DA:8117,0
DA:8118,0
DA:8120,0
DA:8123,0
DA:8124,0
DA:8125,0
DA:8126,0
DA:8127,0
DA:8128,0
DA:8129,0
DA:8131,0
DA:8132,0
DA:8134,0
DA:8137,0
DA:8139,0
DA:8145,0
DA:8146,0
DA:8148,0
DA:8150,0
DA:8152,0
DA:8155,0
DA:8156,0
DA:8157,0
DA:8160,0
DA:8166,0
DA:8167,0
DA:8180,0
DA:8186,0
DA:8187,0
DA:8188,0
DA:8189,0
DA:8190,0
DA:8191,0
DA:8192,0
DA:8194,0
DA:8197,0
DA:8198,0
DA:8199,0
DA:8200,0
DA:8201,0
DA:8202,0
DA:8205,0
DA:8206,0
DA:8207,0
DA:8208,0
DA:8214,0
DA:8215,0
DA:8219,0
DA:8221,0
DA:8223,0
DA:8224,0
DA:8225,0
DA:8228,0
DA:8233,0
DA:8234,0
DA:8247,0
DA:8253,0
DA:8254,0
DA:8255,0
DA:8256,0
DA:8257,0
DA:8259,0
DA:8262,0
DA:8263,0
DA:8264,0
DA:8265,0
DA:8266,0
DA:8267,0
DA:8270,0
DA:8271,0
DA:8272,0
DA:8273,0
DA:8277,0
DA:8278,0
DA:8283,0
DA:8287,0
DA:8288,0
DA:8289,0
DA:8291,0
DA:8294,0
DA:8295,0
DA:8296,0
DA:8297,0
DA:8300,0
DA:8301,0
DA:8306,0
DA:8307,0
DA:8312,0
DA:8315,0
DA:8319,0
DA:8320,0
DA:8321,0
DA:8323,0
DA:8326,0
DA:8327,0
DA:8328,0
DA:8329,0
DA:8330,0
DA:8333,0
DA:8334,0
DA:8336,0
DA:8337,0
DA:8339,0
DA:8340,0
DA:8346,0
DA:8347,0
DA:8359,0
DA:8363,0
DA:8367,0
DA:8368,0
DA:8369,0
DA:8370,0
DA:8371,0
DA:8372,0
DA:8374,0
DA:8377,0
DA:8378,0
DA:8379,0
DA:8380,0
DA:8381,0
DA:8382,0
DA:8385,0
DA:8386,0
DA:8388,0
DA:8389,0
DA:8391,0
DA:8392,0
DA:8397,0
DA:8398,0
DA:8400,0
DA:8402,0
DA:8406,0
DA:8408,0
DA:8411,0
DA:8412,0
DA:8413,0
DA:8414,0
DA:8417,0
DA:8418,0
DA:8420,0
DA:8422,0
DA:8424,0
DA:8425,0
DA:8431,0
DA:8432,0
DA:8443,0
DA:8448,0
DA:8452,0
DA:8453,0
DA:8455,0
DA:8458,0
DA:8460,0
DA:8462,0
DA:8465,0
DA:8466,0
DA:8467,0
DA:8468,0
DA:8469,0
DA:8470,0
DA:8471,0
DA:8474,0
DA:8475,0
DA:8477,0
DA:8478,0
DA:8480,0
DA:8482,0
DA:8496,0
DA:8497,0
DA:8523,0
DA:8531,0
DA:8532,0
DA:8534,0
DA:8535,0
DA:8536,0
DA:8537,0
DA:8538,0
DA:8540,0
DA:8543,0
DA:8544,0
DA:8545,0
DA:8546,0
DA:8547,0
DA:8548,0
DA:8549,0
DA:8550,0
DA:8553,0
DA:8558,0
DA:8559,0
DA:8564,0
DA:8568,0
DA:8569,0
DA:8570,0
DA:8572,0
DA:8575,0
DA:8576,0
DA:8577,0
DA:8578,0
DA:8581,0
DA:8582,0
DA:8587,0
DA:8588,0
DA:8598,0
DA:8603,0
DA:8604,0
DA:8605,0
DA:8606,0
DA:8608,0
DA:8611,0
DA:8612,0
DA:8613,0
DA:8614,0
DA:8615,0
DA:8618,0
DA:8619,0
DA:8624,0
DA:8625,0
DA:8630,0
DA:8634,0
DA:8635,0
DA:8636,0
DA:8638,0
DA:8641,0
DA:8642,0
DA:8643,0
DA:8644,0
DA:8647,0
DA:8648,0
DA:8652,0
DA:8653,0
DA:8694,0
DA:8709,0
DA:8710,0
DA:8711,0
DA:8712,0
DA:8713,0
DA:8714,0
DA:8715,0
DA:8716,0
DA:8717,0
DA:8718,0
DA:8719,0
DA:8720,0
DA:8721,0
DA:8722,0
DA:8723,0
DA:8724,0
DA:8725,0
DA:8726,0
DA:8727,0
DA:8728,0
DA:8729,0
DA:8730,0
DA:8732,0
DA:8735,0
DA:8736,0
DA:8737,0
DA:8738,0
DA:8739,0
DA:8740,0
DA:8741,0
DA:8742,0
DA:8743,0
DA:8744,0
DA:8745,0
DA:8746,0
DA:8747,0
DA:8748,0
DA:8750,0
DA:8753,0
LF:2610
LH:0
end_of_record
SF:C:\Users\akoap\AppData\Local\Pub\Cache\hosted\pub.dev\vm_service-15.2.0\lib\src\snapshot_graph.dart
DA:14,0
DA:17,0
DA:22,0
DA:24,0
DA:26,0
DA:27,0
DA:30,0
DA:33,0
DA:35,0
DA:37,0
DA:38,0
DA:41,0
DA:48,0
DA:51,0
DA:54,0
DA:57,0
DA:60,0
DA:68,0
DA:70,0
DA:72,0
DA:73,0
DA:74,0
DA:77,0
DA:79,0
DA:82,0
DA:84,0
DA:86,0
DA:87,0
DA:88,0
DA:91,0
DA:93,0
DA:96,0
DA:100,0
DA:102,0
DA:106,0
DA:108,0
DA:109,0
DA:110,0
DA:111,0
DA:115,0
DA:116,0
DA:117,0
DA:118,0
DA:126,0
DA:129,0
DA:130,0
DA:131,0
DA:133,0
DA:137,0
DA:140,0
DA:143,0
DA:144,0
DA:147,0
DA:148,0
DA:149,0
DA:152,0
DA:156,0
DA:157,0
DA:165,0
DA:167,0
DA:168,0
DA:169,0
DA:172,0
DA:173,0
DA:174,0
DA:175,0
DA:186,0
DA:188,0
DA:189,0
DA:192,0
DA:198,0
DA:199,0
DA:200,0
DA:201,0
DA:202,0
DA:205,0
DA:206,0
DA:207,0
DA:208,0
DA:209,0
DA:212,0
DA:213,0
DA:214,0
DA:215,0
DA:216,0
DA:217,0
DA:218,0
DA:219,0
DA:223,0
DA:224,0
DA:225,0
DA:226,0
DA:227,0
DA:228,0
DA:230,0
DA:231,0
DA:232,0
DA:233,0
DA:249,0
DA:250,0
DA:251,0
DA:252,0
DA:254,0
DA:255,0
DA:256,0
DA:257,0
DA:264,0
DA:266,0
DA:269,0
DA:274,0
DA:277,0
DA:280,0
DA:283,0
DA:286,0
DA:289,0
DA:290,0
DA:334,0
DA:342,0
DA:344,0
DA:345,0
DA:347,0
DA:348,0
DA:349,0
DA:350,0
DA:351,0
DA:352,0
DA:362,0
DA:363,0
DA:378,0
DA:385,0
DA:388,0
DA:389,0
DA:392,0
DA:394,0
DA:395,0
DA:396,0
DA:397,0
DA:399,0
DA:400,0
DA:403,0
DA:410,0
DA:413,0
DA:416,0
DA:417,0
DA:419,0
DA:420,0
DA:423,0
DA:424,0
DA:425,0
DA:426,0
DA:427,0
DA:429,0
DA:430,0
DA:431,0
DA:432,0
DA:434,0
DA:437,0
DA:438,0
DA:439,0
DA:440,0
DA:441,0
DA:442,0
DA:446,0
DA:447,0
DA:448,0
DA:449,0
DA:453,0
DA:454,0
DA:455,0
DA:457,0
DA:458,0
DA:459,0
DA:460,0
DA:461,0
DA:462,0
DA:469,0
DA:472,0
DA:473,0
DA:474,0
DA:476,0
DA:477,0
DA:481,0
DA:482,0
DA:484,0
DA:485,0
DA:487,0
DA:491,0
DA:492,0
DA:494,0
DA:495,0
DA:496,0
DA:497,0
DA:498,0
DA:502,0
DA:503,0
DA:504,0
DA:505,0
DA:506,0
DA:507,0
DA:512,0
DA:516,0
DA:517,0
DA:518,0
DA:520,0
DA:525,0
DA:526,0
DA:527,0
DA:528,0
DA:532,0
DA:533,0
DA:537,0
DA:538,0
DA:539,0
DA:543,0
DA:544,0
DA:545,0
DA:549,0
DA:551,0
DA:552,0
DA:555,0
DA:572,0
DA:573,0
DA:574,0
DA:577,0
DA:578,0
DA:581,0
DA:582,0
DA:583,0
DA:586,0
DA:587,0
DA:588,0
DA:591,0
DA:592,0
DA:593,0
DA:596,0
DA:597,0
DA:598,0
DA:601,0
DA:603,0
DA:604,0
DA:607,0
DA:610,0
DA:611,0
DA:613,0
DA:615,0
DA:617,0
DA:618,0
DA:619,0
DA:620,0
DA:621,0
DA:622,0
DA:623,0
DA:624,0
DA:625,0
DA:626,0
DA:627,0
DA:628,0
DA:629,0
DA:630,0
DA:631,0
DA:632,0
DA:633,0
DA:634,0
DA:636,0
DA:642,1
DA:647,1
DA:653,0
LF:267
LH:2
end_of_record
SF:C:\Users\akoap\AppData\Local\Pub\Cache\hosted\pub.dev\typed_data-1.4.0\lib\src\typed_buffer.dart
DA:17,0
DA:19,0
DA:21,0
DA:22,0
DA:24,0
DA:26,0
DA:27,0
DA:30,0
DA:32,0
DA:33,0
DA:36,0
DA:38,0
DA:39,0
DA:40,0
DA:41,0
DA:43,0
DA:45,0
DA:46,0
DA:48,0
DA:50,0
DA:51,0
DA:53,0
DA:56,0
DA:57,0
DA:58,0
DA:64,0
DA:66,0
DA:78,0
DA:80,0
DA:81,0
DA:82,0
DA:85,0
DA:97,0
DA:99,0
DA:100,0
DA:102,0
DA:103,0
DA:105,0
DA:112,0
DA:113,0
DA:117,0
DA:118,0
DA:121,0
DA:127,0
DA:129,0
DA:130,0
DA:131,0
DA:134,0
DA:135,0
DA:137,0
DA:140,0
DA:141,0
DA:143,0
DA:144,0
DA:148,0
DA:149,0
DA:150,0
DA:151,0
DA:156,0
DA:157,0
DA:158,0
DA:159,0
DA:160,0
DA:161,0
DA:162,0
DA:163,0
DA:164,0
DA:173,0
DA:174,0
DA:180,0
DA:186,0
DA:187,0
DA:188,0
DA:190,0
DA:194,0
DA:195,0
DA:196,0
DA:197,0
DA:201,0
DA:202,0
DA:203,0
DA:205,0
DA:206,0
DA:207,0
DA:208,0
DA:211,0
DA:213,0
DA:214,0
DA:216,0
DA:217,0
DA:218,0
DA:219,0
DA:222,0
DA:223,0
DA:224,0
DA:225,0
DA:226,0
DA:227,0
DA:233,0
DA:234,0
DA:235,0
DA:236,0
DA:237,0
DA:246,0
DA:247,0
DA:248,0
DA:250,0
DA:253,0
DA:259,0
DA:260,0
DA:263,0
DA:265,0
DA:266,0
DA:270,0
DA:271,0
DA:272,0
DA:274,0
DA:280,0
DA:282,0
DA:284,0
DA:292,0
DA:305,0
DA:307,0
DA:312,0
DA:314,0
DA:319,0
DA:321,0
DA:322,0
DA:326,0
DA:328,0
DA:329,0
DA:333,0
DA:334,0
DA:336,0
DA:337,0
DA:341,0
DA:343,0
DA:344,0
DA:348,0
DA:350,0
DA:351,0
DA:355,0
DA:357,0
DA:358,0
DA:362,0
DA:364,0
DA:365,0
DA:369,0
DA:371,0
DA:372,0
DA:376,0
DA:378,0
DA:379,0
DA:383,0
DA:385,0
DA:386,0
DA:390,0
DA:392,0
DA:393,0
DA:397,0
DA:399,0
DA:401,0
DA:402,0
DA:404,0
DA:405,0
DA:409,0
DA:410,0
DA:412,0
DA:413,0
DA:415,0
DA:416,0
LF:171
LH:0
end_of_record
SF:C:\Users\akoap\AppData\Local\Pub\Cache\hosted\pub.dev\typed_data-1.4.0\lib\src\typed_queue.dart
DA:21,0
DA:27,0
DA:28,0
DA:30,0
DA:32,0
DA:33,0
DA:37,0
DA:39,0
DA:40,0
DA:43,0
DA:44,0
DA:48,0
DA:49,0
DA:50,0
DA:51,0
DA:54,0
DA:55,0
DA:56,0
DA:57,0
DA:60,0
DA:61,0
DA:62,0
DA:63,0
DA:67,0
DA:69,0
DA:70,0
DA:71,0
DA:76,0
DA:77,0
DA:79,0
DA:81,0
DA:83,0
DA:84,0
DA:85,0
DA:86,0
DA:87,0
DA:92,0
DA:94,0
DA:98,0
DA:100,0
DA:101,0
DA:104,0
DA:106,0
DA:107,0
DA:110,0
DA:112,0
DA:113,0
DA:117,0
DA:118,0
DA:122,0
DA:123,0
DA:124,0
DA:130,0
DA:131,0
DA:132,0
DA:133,0
DA:135,0
DA:136,0
DA:140,0
DA:142,0
DA:143,0
DA:145,0
DA:146,0
DA:147,0
DA:153,0
DA:154,0
DA:155,0
DA:157,0
DA:161,0
DA:164,0
DA:169,0
DA:170,0
DA:171,0
DA:172,0
DA:173,0
DA:174,0
DA:179,0
DA:180,0
DA:181,0
DA:182,0
DA:184,0
DA:190,0
DA:191,0
DA:192,0
DA:197,0
DA:198,0
DA:199,0
DA:209,0
DA:210,0
DA:211,0
DA:216,0
DA:217,0
DA:218,0
DA:224,0
DA:225,0
DA:228,0
DA:229,0
DA:230,0
DA:236,0
DA:240,0
DA:242,0
DA:243,0
DA:244,0
DA:245,0
DA:247,0
DA:248,0
DA:252,0
DA:254,0
DA:255,0
DA:257,0
DA:258,0
DA:271,0
DA:273,0
DA:274,0
DA:275,0
DA:277,0
DA:278,0
DA:279,0
DA:280,0
DA:281,0
DA:283,0
DA:284,0
DA:285,0
DA:292,0
DA:293,0
DA:295,0
DA:299,0
DA:300,0
DA:301,0
DA:302,0
DA:304,0
DA:305,0
DA:306,0
DA:311,0
DA:312,0
DA:316,0
DA:317,0
DA:318,0
DA:319,0
DA:320,0
DA:337,0
DA:339,0
DA:345,0
DA:347,0
DA:361,0
DA:362,0
DA:365,0
DA:366,0
DA:368,0
DA:369,0
DA:370,0
DA:371,0
DA:385,0
DA:386,0
DA:389,0
DA:390,0
DA:392,0
DA:393,0
DA:394,0
DA:395,0
DA:410,0
DA:411,0
DA:415,0
DA:416,0
DA:418,0
DA:419,0
DA:420,0
DA:421,0
DA:434,0
DA:435,0
DA:438,0
DA:439,0
DA:441,0
DA:442,0
DA:443,0
DA:444,0
DA:458,0
DA:459,0
DA:462,0
DA:463,0
DA:465,0
DA:466,0
DA:467,0
DA:468,0
DA:481,0
DA:482,0
DA:485,0
DA:486,0
DA:488,0
DA:489,0
DA:490,0
DA:491,0
DA:505,0
DA:506,0
DA:509,0
DA:510,0
DA:512,0
DA:513,0
DA:514,0
DA:515,0
DA:529,0
DA:530,0
DA:533,0
DA:534,0
DA:536,0
DA:537,0
DA:538,0
DA:539,0
DA:553,0
DA:554,0
DA:557,0
DA:558,0
DA:560,0
DA:561,0
DA:562,0
DA:563,0
DA:578,0
DA:579,0
DA:582,0
DA:583,0
DA:585,0
DA:586,0
DA:587,0
DA:588,0
DA:600,0
DA:601,0
DA:604,0
DA:605,0
DA:607,0
DA:608,0
DA:609,0
DA:610,0
DA:619,0
DA:623,0
DA:624,0
DA:627,0
DA:628,0
DA:630,0
DA:631,0
DA:632,0
DA:633,0
DA:634,0
DA:635,0
DA:646,0
DA:647,0
DA:651,0
DA:652,0
DA:654,0
DA:655,0
DA:656,0
DA:657,0
DA:658,0
DA:659,0
DA:667,0
DA:668,0
DA:670,0
DA:671,0
DA:680,0
DA:687,0
DA:688,0
DA:689,0
DA:691,0
DA:692,0
LF:263
LH:0
end_of_record
SF:C:\Users\akoap\AppData\Local\Pub\Cache\hosted\pub.dev\collection-1.19.1\lib\src\queue_list.dart
DA:24,0
DA:25,0
DA:38,1
DA:39,2
DA:42,1
DA:43,1
DA:44,1
DA:49,0
DA:52,0
DA:53,0
DA:54,0
DA:55,0
DA:56,0
DA:58,0
DA:59,0
DA:62,0
DA:67,1
DA:68,0
DA:71,0
DA:72,0
DA:75,0
DA:80,1
DA:82,1
DA:85,0
DA:87,0
DA:89,0
DA:90,0
DA:91,0
DA:92,0
DA:94,0
DA:95,0
DA:98,0
DA:99,0
DA:100,0
DA:101,0
DA:103,0
DA:104,0
DA:105,0
DA:106,0
DA:110,0
DA:111,0
DA:116,0
DA:118,0
DA:119,0
DA:121,0
DA:122,0
DA:126,0
DA:128,0
DA:131,0
DA:133,0
DA:134,0
DA:135,0
DA:138,1
DA:140,3
DA:141,3
DA:142,3
DA:143,7
DA:147,0
DA:149,0
DA:150,0
DA:151,0
DA:152,0
DA:158,1
DA:159,7
DA:161,0
DA:163,0
DA:164,0
DA:165,0
DA:170,0
DA:171,0
DA:172,0
DA:173,0
DA:175,0
DA:179,0
DA:180,0
DA:181,0
DA:183,0
DA:184,0
DA:185,0
DA:187,0
DA:190,0
DA:192,0
DA:193,0
DA:196,0
DA:199,0
DA:201,0
DA:202,0
DA:205,0
DA:213,4
DA:220,0
DA:221,0
DA:222,0
DA:224,0
DA:225,0
DA:231,1
DA:232,3
DA:233,7
DA:234,3
DA:238,0
DA:239,0
DA:240,0
DA:241,0
DA:242,0
DA:243,0
DA:244,0
DA:245,0
DA:248,0
DA:249,0
DA:250,0
DA:251,0
DA:252,0
DA:255,0
DA:256,0
DA:257,0
DA:258,0
DA:263,0
DA:264,0
DA:268,0
DA:269,0
DA:270,0
DA:271,0
DA:272,0
DA:273,0
DA:282,0
DA:284,0
DA:285,0
DA:287,0
DA:288,0
DA:290,0
DA:291,0
DA:293,0
DA:294,0
LF:132
LH:20
end_of_record
SF:C:\Users\akoap\AppData\Local\Pub\Cache\hosted\pub.dev\test_core-0.6.18\lib\src\scaffolding.dart
DA:38,1
DA:39,1
DA:47,0
DA:49,0
DA:50,0
DA:52,0
DA:54,0
DA:55,0
DA:56,0
DA:57,0
DA:60,0
DA:61,0
DA:62,0
DA:63,0
DA:65,0
DA:71,0
DA:72,0
DA:73,0
DA:75,0
DA:76,0
DA:77,0
DA:78,0
DA:143,1
DA:156,2
DA:157,1
DA:229,1
DA:242,2
DA:243,1
DA:273,3
DA:288,1
DA:289,2
DA:304,1
DA:307,2
DA:320,1
DA:323,2
LF:35
LH:15
end_of_record
SF:C:\Users\akoap\AppData\Local\Pub\Cache\hosted\pub.dev\stream_channel-2.1.4\lib\stream_channel.dart
DA:73,0
DA:74,0
DA:86,1
DA:88,1
DA:99,0
DA:101,0
DA:146,0
DA:152,1
DA:154,3
DA:155,3
DA:158,0
DA:160,0
DA:162,0
DA:164,0
DA:166,0
DA:168,0
DA:170,0
DA:172,0
DA:174,0
DA:176,0
DA:178,0
DA:179,0
DA:180,0
LF:23
LH:5
end_of_record
SF:C:\Users\akoap\AppData\Local\Pub\Cache\hosted\pub.dev\test_core-0.6.18\lib\src\runner\plugin\remote_platform_helpers.dart
DA:27,1
DA:32,1
DA:43,0
DA:44,0
DA:46,0
DA:51,0
LF:6
LH:2
end_of_record
SF:C:\Users\akoap\AppData\Local\Pub\Cache\hosted\pub.dev\test_core-0.6.18\lib\src\runner\plugin\shared_platform_helpers.dart
DA:14,0
DA:15,0
DA:16,0
DA:17,0
DA:18,0
DA:19,0
DA:20,0
DA:21,0
DA:24,0
LF:9
LH:0
end_of_record
SF:C:\Users\akoap\AppData\Local\Pub\Cache\hosted\pub.dev\test_core-0.6.18\lib\src\runner\compiler_selection.dart
DA:22,0
DA:26,0
DA:28,0
DA:29,0
DA:30,0
DA:31,0
DA:32,0
DA:33,0
DA:38,0
DA:39,0
DA:40,0
DA:41,0
DA:43,0
DA:47,0
DA:56,0
DA:58,0
DA:60,0
DA:61,0
DA:64,0
DA:65,0
DA:66,0
DA:67,0
LF:22
LH:0
end_of_record
SF:C:\Users\akoap\AppData\Local\Pub\Cache\hosted\pub.dev\test_core-0.6.18\lib\src\runner\coverage.dart
DA:15,0
DA:19,0
DA:20,0
DA:22,0
DA:23,0
DA:25,0
DA:27,0
DA:28,0
DA:29,0
DA:30,0
DA:31,0
DA:33,0
DA:37,0
DA:38,0
DA:41,0
DA:45,0
DA:49,0
DA:50,0
DA:52,0
DA:53,0
DA:56,0
DA:57,0
DA:58,0
DA:59,0
DA:60,0
DA:61,0
DA:67,0
LF:27
LH:0
end_of_record
SF:C:\Users\akoap\AppData\Local\Pub\Cache\hosted\pub.dev\path-1.9.1\lib\path.dart
DA:42,0
DA:45,0
DA:51,0
DA:58,3
DA:63,0
DA:68,0
DA:75,0
DA:76,0
DA:83,0
DA:86,0
DA:87,0
DA:89,0
DA:92,0
DA:93,0
DA:94,0
DA:112,0
DA:121,0
DA:136,0
DA:147,0
DA:157,0
DA:158,0
DA:179,0
DA:204,0
DA:205,0
DA:223,0
DA:237,0
DA:243,0
DA:253,0
DA:268,1
DA:284,2
DA:302,0
DA:326,0
DA:340,0
DA:350,0
DA:378,0
DA:379,0
DA:386,0
DA:393,0
DA:400,0
DA:405,0
DA:416,0
DA:417,0
DA:437,0
DA:459,0
DA:481,0
LF:45
LH:3
end_of_record
SF:C:\Users\akoap\AppData\Local\Pub\Cache\hosted\pub.dev\test_core-0.6.18\lib\src\util\package_config.dart
DA:13,0
DA:14,0
DA:15,0
DA:17,0
DA:18,0
DA:20,0
DA:23,0
DA:25,0
DA:29,0
DA:30,0
DA:31,0
DA:33,0
DA:35,0
DA:36,0
DA:37,0
DA:44,0
DA:45,0
DA:46,0
DA:52,0
DA:53,0
DA:55,0
DA:56,0
DA:57,0
DA:58,0
DA:59,0
DA:60,0
DA:61,0
DA:62,0
DA:63,0
DA:65,0
DA:66,0
DA:69,0
DA:70,0
DA:71,0
DA:72,0
LF:35
LH:0
end_of_record
SF:C:\Users\akoap\AppData\Local\Pub\Cache\hosted\pub.dev\test_core-0.6.18\lib\src\runner\live_suite_controller.dart
DA:20,0
DA:21,0
DA:23,0
DA:24,0
DA:26,0
DA:27,0
DA:29,0
DA:30,0
DA:32,0
DA:34,0
DA:36,0
DA:37,0
DA:39,0
DA:40,0
DA:42,0
DA:43,0
DA:45,0
DA:46,0
DA:48,0
DA:99,0
DA:108,0
DA:109,0
DA:110,0
DA:113,0
DA:114,0
DA:116,0
DA:118,0
DA:119,0
DA:120,0
DA:122,0
DA:123,0
DA:124,0
DA:125,0
DA:126,0
DA:128,0
DA:130,0
DA:134,0
DA:136,0
DA:141,0
DA:142,0
DA:143,0
DA:147,0
DA:149,0
DA:151,0
LF:44
LH:0
end_of_record
[...]
DA:61,0
DA:62,0
DA:64,0
DA:66,0
DA:67,0
DA:69,0
DA:71,0
DA:73,0
DA:74,0
DA:76,0
DA:77,0
DA:82,0
DA:83,0
DA:91,0
DA:93,0
DA:94,0
DA:97,0
DA:99,0
DA:100,0
DA:102,0
DA:104,0
DA:106,0
DA:108,0
DA:111,0
DA:113,0
DA:115,0
DA:116,0
DA:121,0
DA:122,0
DA:130,0
DA:132,0
DA:133,0
DA:136,0
DA:138,0
DA:139,0
DA:141,0
DA:143,0
DA:145,0
DA:147,0
DA:150,0
DA:152,0
DA:154,0
DA:155,0
DA:160,0
DA:161,0
DA:172,0
DA:174,0
DA:175,0
DA:176,0
DA:179,0
DA:181,0
DA:182,0
DA:184,0
DA:187,0
DA:188,0
DA:189,0
DA:192,0
DA:194,0
DA:195,0
DA:196,0
DA:197,0
DA:199,0
DA:201,0
DA:206,0
DA:208,0
DA:209,0
LF:77
LH:5
end_of_record
SF:C:\Users\akoap\AppData\Local\Pub\Cache\hosted\pub.dev\boolean_selector-2.1.2\lib\src\visitor.dart
DA:21,0
DA:23,0
DA:26,0
DA:28,0
DA:31,0
DA:33,0
DA:34,0
DA:37,0
DA:39,0
DA:40,0
DA:43,0
DA:45,0
DA:46,0
DA:47,0
LF:14
LH:0
end_of_record
SF:C:\Users\akoap\AppData\Local\Pub\Cache\hosted\pub.dev\boolean_selector-2.1.2\lib\src\evaluator.dart
DA:13,1
DA:15,1
DA:16,3
DA:18,0
DA:19,0
DA:21,0
DA:23,0
DA:25,0
DA:27,0
DA:29,0
DA:30,0
DA:31,0
DA:32,0
LF:13
LH:3
end_of_record
SF:C:\Users\akoap\AppData\Local\Pub\Cache\hosted\pub.dev\boolean_selector-2.1.2\lib\src\intersection_selector.dart
DA:13,0
DA:15,0
DA:16,0
DA:19,0
DA:21,0
DA:23,0
DA:25,0
DA:27,0
DA:29,0
DA:30,0
DA:32,0
DA:34,0
DA:35,0
DA:38,0
DA:39,0
DA:41,0
DA:43,0
DA:44,0
DA:45,0
DA:47,0
DA:48,0
LF:21
LH:0
end_of_record
SF:C:\Users\akoap\AppData\Local\Pub\Cache\hosted\pub.dev\boolean_selector-2.1.2\lib\src\parser.dart
DA:21,2
DA:26,1
DA:27,1
DA:29,4
DA:30,0
DA:31,0
DA:42,1
DA:43,1
DA:44,2
DA:46,0
DA:47,0
DA:48,0
DA:51,0
DA:52,0
DA:59,1
DA:60,1
DA:61,2
DA:62,0
DA:69,1
DA:70,1
DA:71,2
DA:72,0
DA:81,1
DA:82,2
DA:83,1
DA:84,1
DA:85,0
DA:86,0
DA:88,1
DA:89,0
DA:90,0
DA:91,0
DA:92,0
DA:96,1
DA:97,3
DA:100,0
LF:36
LH:20
end_of_record
SF:C:\Users\akoap\AppData\Local\Pub\Cache\hosted\pub.dev\boolean_selector-2.1.2\lib\src\union_selector.dart
DA:13,0
DA:15,0
DA:17,0
DA:19,0
DA:21,0
DA:23,0
DA:25,0
DA:27,0
DA:28,0
DA:30,0
DA:32,0
DA:33,0
DA:36,0
DA:37,0
DA:39,0
DA:41,0
DA:42,0
DA:43,0
DA:45,0
DA:46,0
LF:20
LH:0
end_of_record
SF:C:\Users\akoap\AppData\Local\Pub\Cache\hosted\pub.dev\boolean_selector-2.1.2\lib\src\validator.dart
DA:16,0
DA:18,0
DA:20,0
DA:21,0
LF:4
LH:0
end_of_record
SF:C:\Users\akoap\AppData\Local\Pub\Cache\hosted\pub.dev\boolean_selector-2.1.2\lib\src\scanner.dart
DA:12,3
DA:18,0
DA:24,3
DA:37,2
DA:43,3
DA:49,1
DA:50,2
DA:51,3
DA:52,1
DA:61,1
DA:62,3
DA:63,0
DA:68,1
DA:69,1
DA:71,1
DA:72,2
DA:73,5
DA:76,2
DA:77,1
DA:78,1
DA:79,1
DA:80,1
DA:81,1
DA:82,1
DA:83,1
DA:84,1
DA:92,0
DA:93,0
DA:94,0
DA:95,0
DA:101,0
DA:102,0
DA:103,0
DA:104,0
DA:110,0
DA:111,0
DA:112,0
DA:113,0
DA:117,1
DA:118,3
DA:119,6
DA:124,1
DA:125,3
DA:126,1
DA:134,1
DA:135,2
DA:137,0
DA:140,0
LF:48
LH:32
end_of_record
SF:C:\Users\akoap\AppData\Local\Pub\Cache\hosted\pub.dev\boolean_selector-2.1.2\lib\src\token.dart
DA:19,1
DA:32,1
DA:34,0
DA:35,0
DA:70,1
DA:72,0
DA:73,0
LF:7
LH:3
end_of_record
SF:C:\Users\akoap\AppData\Local\Pub\Cache\hosted\pub.dev\async-2.13.1\lib\src\async_cache.dart
DA:47,0
DA:54,0
DA:61,0
DA:62,0
DA:63,0
DA:65,0
DA:66,0
DA:82,0
DA:84,0
DA:85,0
DA:87,0
DA:88,0
DA:89,0
DA:90,0
DA:91,0
DA:92,0
DA:97,0
DA:101,0
DA:103,0
DA:105,0
DA:106,0
DA:107,0
DA:108,0
DA:111,0
DA:112,0
DA:114,0
DA:116,0
LF:27
LH:0
end_of_record
SF:C:\Users\akoap\AppData\Local\Pub\Cache\hosted\pub.dev\async-2.13.1\lib\src\async_memoizer.dart
DA:33,0
DA:37,0
DA:42,0
DA:43,0
DA:44,0
LF:5
LH:0
end_of_record
SF:C:\Users\akoap\AppData\Local\Pub\Cache\hosted\pub.dev\async-2.13.1\lib\src\byte_collector.dart
DA:16,0
DA:17,0
DA:30,0
DA:33,0
DA:35,0
DA:36,0
DA:45,0
DA:49,0
DA:50,0
DA:51,0
DA:52,0
DA:53,0
DA:54,0
DA:55,0
DA:59,0
LF:15
LH:0
end_of_record
SF:C:\Users\akoap\AppData\Local\Pub\Cache\hosted\pub.dev\async-2.13.1\lib\src\cancelable_operation.dart
DA:18,0
DA:32,0
DA:36,0
DA:44,0
DA:45,0
DA:55,0
DA:58,0
DA:59,0
DA:60,0
DA:61,0
DA:62,0
DA:65,0
DA:75,0
DA:78,0
DA:79,0
DA:80,0
DA:86,0
DA:88,0
DA:89,0
DA:90,0
DA:94,0
DA:95,0
DA:96,0
DA:97,0
DA:98,0
DA:100,0
DA:102,0
DA:103,0
DA:111,0
DA:119,0
DA:125,0
DA:126,0
DA:128,0
DA:131,0
DA:132,0
DA:133,0
DA:134,0
DA:136,0
DA:137,0
DA:138,0
DA:141,0
DA:150,0
DA:151,0
DA:152,0
DA:154,0
DA:155,0
DA:156,0
DA:158,0
DA:189,0
DA:195,0
DA:196,0
DA:197,0
DA:201,0
DA:202,0
DA:206,0
DA:207,0
DA:242,0
DA:249,0
DA:250,0
DA:269,0
DA:270,0
DA:271,0
DA:273,0
DA:275,0
DA:279,0
DA:280,0
DA:281,0
DA:283,0
DA:285,0
DA:292,0
DA:293,0
DA:294,0
DA:296,0
DA:298,0
DA:305,0
DA:307,0
DA:310,0
DA:317,0
DA:405,0
DA:410,0
DA:415,0
DA:425,0
DA:428,0
DA:442,0
DA:443,0
DA:444,0
DA:446,0
DA:447,0
DA:451,0
DA:453,0
DA:457,0
DA:458,0
DA:459,0
DA:461,0
DA:462,0
DA:473,0
DA:477,0
DA:478,0
DA:479,0
DA:480,0
DA:481,0
DA:484,0
DA:485,0
DA:486,0
DA:490,0
DA:491,0
DA:493,0
DA:494,0
DA:498,0
DA:506,0
DA:507,0
DA:509,0
DA:518,0
DA:519,0
DA:520,0
DA:521,0
DA:536,0
DA:537,0
DA:538,0
DA:540,0
DA:541,0
DA:542,0
DA:544,0
DA:551,0
DA:552,0
DA:553,0
DA:554,0
DA:555,0
DA:556,0
DA:558,0
DA:559,0
DA:560,0
DA:561,0
DA:563,0
DA:570,0
DA:572,0
DA:573,0
DA:574,0
DA:575,0
DA:577,0
DA:578,0
DA:579,0
DA:582,0
DA:589,0
DA:590,0
DA:593,0
DA:594,0
DA:595,0
LF:148
LH:0
end_of_record
SF:C:\Users\akoap\AppData\Local\Pub\Cache\hosted\pub.dev\async-2.13.1\lib\src\chunked_stream_reader.dart
DA:71,0
DA:72,0
DA:74,0
DA:90,0
DA:91,0
DA:92,0
DA:93,0
DA:114,0
DA:115,0
DA:116,0
DA:117,0
DA:119,0
DA:121,0
DA:123,0
DA:125,0
DA:126,0
DA:127,0
DA:130,0
DA:133,0
DA:134,0
DA:137,0
DA:138,0
DA:139,0
DA:141,0
DA:142,0
DA:143,0
DA:144,0
DA:145,0
DA:148,0
DA:150,0
DA:153,0
DA:157,0
DA:158,0
DA:159,0
DA:160,0
DA:166,0
DA:167,0
DA:168,0
DA:169,0
DA:170,0
DA:171,0
DA:172,0
DA:176,0
DA:177,0
DA:180,0
DA:181,0
DA:182,0
DA:187,0
DA:188,0
DA:189,0
DA:191,0
DA:194,0
DA:208,0
DA:217,0
DA:218,0
LF:55
LH:0
end_of_record
SF:C:\Users\akoap\AppData\Local\Pub\Cache\hosted\pub.dev\async-2.13.1\lib\src\delegate\event_sink.dart
DA:15,0
DA:17,0
DA:25,0
DA:29,0
DA:31,0
DA:33,0
DA:36,0
DA:38,0
DA:41,0
DA:43,0
LF:10
LH:0
end_of_record
SF:C:\Users\akoap\AppData\Local\Pub\Cache\hosted\pub.dev\async-2.13.1\lib\src\delegate\future.dart
DA:12,0
DA:20,0
DA:22,0
DA:24,0
DA:25,0
DA:27,0
DA:29,0
DA:31,0
DA:33,0
DA:35,0
DA:37,0
DA:39,0
DA:41,0
LF:13
LH:0
end_of_record
SF:C:\Users\akoap\AppData\Local\Pub\Cache\hosted\pub.dev\async-2.13.1\lib\src\delegate\sink.dart
DA:13,0
DA:15,0
DA:23,0
DA:27,0
DA:29,0
DA:31,0
DA:34,0
DA:36,0
LF:8
LH:0
end_of_record
SF:C:\Users\akoap\AppData\Local\Pub\Cache\hosted\pub.dev\async-2.13.1\lib\src\delegate\stream.dart
DA:15,0
DA:24,0
DA:25,0
LF:3
LH:0
end_of_record
SF:C:\Users\akoap\AppData\Local\Pub\Cache\hosted\pub.dev\async-2.13.1\lib\src\delegate\stream_consumer.dart
DA:15,0
DA:17,0
DA:25,0
DA:29,0
DA:31,0
DA:33,0
DA:34,0
DA:36,0
DA:37,0
LF:9
LH:0
end_of_record
SF:C:\Users\akoap\AppData\Local\Pub\Cache\hosted\pub.dev\async-2.13.1\lib\src\delegate\stream_subscription.dart
DA:16,0
DA:26,0
DA:29,0
DA:31,0
DA:33,0
DA:35,0
DA:38,0
DA:40,0
DA:43,0
DA:45,0
DA:48,0
DA:50,0
DA:53,0
DA:55,0
DA:58,0
DA:59,0
DA:61,0
DA:62,0
DA:64,0
DA:65,0
LF:20
LH:0
end_of_record
SF:C:\Users\akoap\AppData\Local\Pub\Cache\hosted\pub.dev\async-2.13.1\lib\src\future_group.dart
DA:26,0
DA:35,0
DA:43,0
DA:56,0
DA:57,0
DA:68,0
DA:70,0
DA:75,0
DA:76,0
DA:78,0
DA:79,0
DA:80,0
DA:82,0
DA:83,0
DA:85,0
DA:86,0
DA:87,0
DA:89,0
DA:90,0
DA:91,0
DA:92,0
DA:93,0
DA:94,0
DA:100,0
DA:102,0
DA:103,0
DA:104,0
DA:105,0
LF:28
LH:0
end_of_record
SF:C:\Users\akoap\AppData\Local\Pub\Cache\hosted\pub.dev\async-2.13.1\lib\src\lazy_stream.dart
DA:21,0
DA:23,0
DA:26,0
DA:33,0
DA:35,0
DA:40,0
DA:41,0
DA:44,0
DA:45,0
DA:50,0
LF:10
LH:0
end_of_record
SF:C:\Users\akoap\AppData\Local\Pub\Cache\hosted\pub.dev\async-2.13.1\lib\src\null_stream_sink.dart
DA:46,0
DA:51,0
DA:52,0
DA:56,0
DA:58,0
DA:60,0
DA:63,0
DA:65,0
DA:68,0
DA:70,0
DA:72,0
DA:73,0
DA:74,0
DA:75,0
DA:81,0
DA:82,0
DA:83,0
DA:84,0
DA:88,0
DA:90,0
DA:91,0
LF:21
LH:0
end_of_record
SF:C:\Users\akoap\AppData\Local\Pub\Cache\hosted\pub.dev\async-2.13.1\lib\src\restartable_timer.dart
DA:28,0
DA:29,0
DA:31,0
DA:32,0
DA:38,0
DA:39,0
DA:40,0
DA:43,0
DA:45,0
DA:53,0
DA:54,0
LF:11
LH:0
end_of_record
SF:C:\Users\akoap\AppData\Local\Pub\Cache\hosted\pub.dev\async-2.13.1\lib\src\result\error.dart
DA:18,0
DA:20,0
DA:22,0
DA:24,0
DA:27,0
DA:28,0
DA:30,0
DA:32,0
DA:35,0
DA:37,0
DA:40,0
DA:41,0
DA:49,0
DA:50,0
DA:51,0
DA:52,0
DA:53,0
DA:55,0
DA:62,0
DA:63,0
DA:66,0
DA:68,0
DA:69,0
DA:70,0
LF:24
LH:0
end_of_record
SF:C:\Users\akoap\AppData\Local\Pub\Cache\hosted\pub.dev\async-2.13.1\lib\src\result\future.dart
DA:12,0
DA:17,0
DA:20,0
DA:21,0
DA:22,0
LF:5
LH:0
end_of_record
SF:C:\Users\akoap\AppData\Local\Pub\Cache\hosted\pub.dev\async-2.13.1\lib\src\result\result.dart
DA:65,0
DA:67,0
DA:69,0
DA:81,0
DA:82,0
DA:88,0
DA:89,0
DA:99,0
DA:100,0
DA:103,0
DA:104,0
DA:105,0
DA:106,0
DA:107,0
DA:108,0
DA:109,0
DA:110,0
DA:111,0
DA:115,0
DA:118,0
DA:119,0
DA:121,0
DA:122,0
DA:132,0
DA:133,0
DA:139,0
DA:140,0
DA:147,0
DA:148,0
DA:155,0
DA:156,0
DA:165,0
DA:166,0
DA:174,0
DA:175,0
DA:176,0
DA:183,0
DA:184,0
DA:185,0
DA:186,0
DA:187,0
DA:189,0
DA:192,0
LF:43
LH:0
end_of_record
SF:C:\Users\akoap\AppData\Local\Pub\Cache\hosted\pub.dev\async-2.13.1\lib\src\result\value.dart
DA:15,0
DA:17,0
DA:19,0
DA:21,0
DA:24,1
DA:26,1
DA:28,2
DA:31,0
DA:33,0
DA:36,0
DA:37,0
DA:39,0
DA:40,0
DA:42,0
DA:44,0
LF:15
LH:3
end_of_record
SF:C:\Users\akoap\AppData\Local\Pub\Cache\hosted\pub.dev\async-2.13.1\lib\src\single_subscription_transformer.dart
DA:17,0
DA:19,0
DA:22,0
DA:24,0
DA:26,0
DA:27,0
DA:31,0
DA:33,0
DA:34,0
DA:37,0
DA:38,0
DA:40,0
LF:12
LH:0
end_of_record
SF:C:\Users\akoap\AppData\Local\Pub\Cache\hosted\pub.dev\async-2.13.1\lib\src\sink_base.dart
DA:20,0
DA:22,0
DA:24,0
DA:25,0
DA:32,0
DA:34,0
DA:35,0
DA:42,0
DA:43,0
DA:55,0
DA:56,0
DA:71,0
DA:72,0
DA:74,0
DA:76,0
DA:78,0
DA:79,0
DA:80,0
DA:81,0
DA:82,0
DA:83,0
DA:84,0
DA:85,0
DA:88,0
DA:91,0
DA:93,0
DA:94,0
DA:97,0
DA:99,0
DA:100,0
DA:118,0
DA:129,0
DA:130,0
DA:131,0
DA:133,0
DA:134,0
DA:135,0
DA:145,0
DA:146,0
DA:147,0
DA:148,0
DA:152,0
DA:154,0
DA:158,0
DA:161,0
DA:166,0
DA:167,0
DA:168,0
DA:172,0
DA:173,0
LF:50
LH:0
end_of_record
SF:C:\Users\akoap\AppData\Local\Pub\Cache\hosted\pub.dev\async-2.13.1\lib\src\stream_closer.dart
DA:39,0
DA:40,0
DA:41,0
DA:43,0
DA:45,0
DA:46,0
DA:47,0
DA:48,0
DA:49,0
DA:53,0
DA:54,0
DA:58,0
DA:60,0
DA:62,0
DA:63,0
DA:64,0
DA:66,0
DA:67,0
DA:70,0
DA:74,0
DA:75,0
DA:76,0
DA:78,0
DA:79,0
DA:80,0
DA:81,0
DA:83,0
DA:85,0
DA:86,0
DA:87,0
DA:90,0
DA:91,0
DA:97,0
DA:102,0
DA:103,0
DA:105,0
DA:108,0
LF:37
LH:0
end_of_record
SF:C:\Users\akoap\AppData\Local\Pub\Cache\hosted\pub.dev\async-2.13.1\lib\src\stream_completer.dart
DA:37,0
DA:38,0
DA:39,0
DA:40,0
DA:52,2
DA:76,1
DA:77,2
DA:78,0
DA:80,2
DA:87,0
DA:88,0
DA:89,0
DA:91,0
DA:100,0
DA:101,0
DA:119,1
DA:126,1
DA:127,1
DA:128,1
DA:131,1
DA:138,0
DA:139,0
DA:140,0
DA:143,0
DA:154,2
DA:162,1
DA:163,1
DA:164,1
DA:165,1
DA:167,0
DA:172,0
DA:173,0
DA:175,0
DA:176,0
DA:183,0
DA:184,0
DA:185,0
DA:186,0
DA:187,0
DA:191,0
DA:192,0
LF:41
LH:14
end_of_record
SF:C:\Users\akoap\AppData\Local\Pub\Cache\hosted\pub.dev\async-2.13.1\lib\src\stream_extensions.dart
DA:21,0
DA:22,0
DA:24,0
DA:25,0
DA:26,0
DA:27,0
DA:28,0
DA:29,0
DA:30,0
DA:31,0
DA:34,0
DA:35,0
DA:36,0
DA:49,0
DA:50,0
DA:51,0
DA:53,0
DA:54,0
DA:57,0
DA:58,0
DA:59,0
DA:62,0
DA:78,0
DA:79,0
DA:80,0
DA:81,0
DA:82,0
DA:83,0
DA:86,0
DA:87,0
DA:88,0
DA:89,0
LF:32
LH:0
end_of_record
SF:C:\Users\akoap\AppData\Local\Pub\Cache\hosted\pub.dev\async-2.13.1\lib\src\stream_group.dart
DA:31,0
DA:35,0
DA:52,0
DA:72,0
DA:73,0
DA:91,0
DA:92,0
DA:93,0
DA:94,0
DA:95,0
DA:102,0
DA:103,0
DA:104,0
DA:105,0
DA:106,0
DA:110,0
DA:111,0
DA:112,0
DA:113,0
DA:114,0
DA:115,0
DA:121,0
DA:122,0
DA:123,0
DA:124,0
DA:141,0
DA:143,0
DA:144,0
DA:147,0
DA:148,0
DA:149,0
DA:153,0
DA:155,0
DA:172,0
DA:173,0
DA:174,0
DA:176,0
DA:177,0
DA:178,0
DA:179,0
DA:180,0
DA:190,0
DA:191,0
DA:193,0
DA:197,0
DA:199,0
DA:201,0
DA:206,0
DA:213,0
DA:214,0
DA:215,0
DA:216,0
DA:221,0
DA:222,0
DA:223,0
DA:224,0
DA:231,0
DA:232,0
DA:234,0
DA:235,0
DA:236,0
DA:238,0
DA:239,0
DA:244,0
DA:245,0
DA:247,0
DA:249,0
DA:250,0
DA:251,0
DA:252,0
DA:255,0
DA:261,0
DA:262,0
DA:264,0
DA:269,0
DA:270,0
DA:271,0
DA:278,0
DA:279,0
DA:280,0
DA:281,0
DA:282,0
DA:284,0
DA:294,0
DA:296,0
DA:298,0
DA:300,0
DA:301,0
DA:302,0
DA:303,0
DA:306,0
DA:312,0
DA:316,0
DA:318,0
DA:323,0
DA:326,0
DA:364,1
DA:366,0
DA:367,0
LF:99
LH:1
end_of_record
SF:C:\Users\akoap\AppData\Local\Pub\Cache\hosted\pub.dev\async-2.13.1\lib\src\stream_queue.dart
DA:104,0
DA:118,2
DA:121,1
DA:123,2
DA:124,0
DA:125,0
DA:140,0
DA:141,0
DA:142,0
DA:143,0
DA:144,0
DA:152,0
DA:153,0
DA:154,0
DA:155,0
DA:156,0
DA:157,0
DA:174,1
DA:175,1
DA:176,1
DA:177,1
DA:178,1
DA:185,0
DA:186,0
DA:187,0
DA:188,0
DA:189,0
DA:201,1
DA:202,1
DA:203,1
DA:204,1
DA:205,1
DA:206,1
DA:224,0
DA:225,0
DA:226,0
DA:227,0
DA:228,0
DA:229,0
DA:247,0
DA:248,0
DA:249,0
DA:250,0
DA:251,0
DA:252,0
DA:287,0
DA:288,0
DA:290,0
DA:291,0
DA:292,0
DA:319,0
DA:322,0
DA:324,0
DA:327,0
DA:329,0
DA:333,0
DA:335,0
DA:359,0
DA:362,0
DA:363,0
DA:364,0
DA:365,0
DA:369,0
DA:370,0
DA:371,0
DA:372,0
DA:376,0
DA:395,0
DA:396,0
DA:397,0
DA:400,0
DA:401,0
DA:402,0
DA:405,0
DA:406,0
DA:423,1
DA:424,2
DA:425,5
DA:426,2
DA:432,1
DA:433,1
DA:443,1
DA:444,1
DA:445,1
DA:446,0
DA:448,1
DA:450,1
DA:452,0
DA:454,1
DA:456,1
DA:457,1
DA:460,1
DA:469,1
DA:470,2
DA:478,1
DA:479,1
DA:480,1
DA:481,3
DA:482,1
DA:483,2
DA:485,0
DA:486,0
DA:488,0
DA:489,0
DA:490,0
DA:494,0
DA:499,0
DA:500,0
DA:501,0
DA:502,0
DA:503,0
DA:513,1
DA:514,2
DA:515,2
DA:516,1
DA:521,0
DA:522,0
DA:523,0
DA:530,1
DA:531,1
DA:538,1
DA:539,2
DA:540,3
DA:541,1
DA:543,2
DA:568,0
DA:569,0
DA:576,0
DA:577,0
DA:578,0
DA:591,0
DA:592,0
DA:593,0
DA:594,0
DA:595,0
DA:596,0
DA:598,0
DA:602,0
DA:603,0
DA:606,0
DA:616,0
DA:617,0
DA:618,0
DA:619,0
DA:624,0
DA:625,0
DA:626,0
DA:627,0
DA:630,0
DA:631,0
DA:632,0
DA:633,0
DA:634,0
DA:639,0
DA:640,0
DA:641,0
DA:642,0
DA:643,0
DA:694,1
DA:696,3
DA:698,1
DA:700,1
DA:701,3
DA:705,0
DA:720,0
DA:722,0
DA:724,0
DA:726,0
DA:727,0
DA:731,0
DA:751,0
DA:754,0
DA:756,0
DA:758,0
DA:759,0
DA:763,0
DA:765,0
DA:766,0
DA:767,0
DA:768,0
DA:769,0
DA:774,0
DA:793,0
DA:796,0
DA:801,0
DA:803,0
DA:805,0
DA:806,0
DA:811,0
DA:812,0
DA:813,0
DA:816,0
DA:818,0
DA:825,0
DA:827,0
DA:829,0
DA:830,0
DA:834,0
DA:835,0
DA:836,0
DA:839,0
DA:841,0
DA:859,0
DA:862,0
DA:864,0
DA:866,0
DA:867,0
DA:869,0
DA:870,0
DA:891,1
DA:894,3
DA:896,1
DA:898,1
DA:899,2
DA:900,0
DA:902,4
DA:907,0
DA:908,0
DA:909,0
DA:912,0
DA:913,0
DA:914,0
DA:929,0
DA:931,0
DA:933,0
DA:934,0
DA:938,0
DA:961,0
DA:962,0
DA:965,0
DA:967,0
DA:968,0
DA:970,0
DA:971,0
LF:234
LH:59
end_of_record
SF:C:\Users\akoap\AppData\Local\Pub\Cache\hosted\pub.dev\async-2.13.1\lib\src\stream_sink_completer.dart
DA:31,0
DA:40,0
DA:41,0
DA:42,0
DA:43,0
DA:61,0
DA:62,0
DA:63,0
DA:65,0
DA:75,0
DA:76,0
DA:101,0
DA:103,0
DA:105,0
DA:106,0
DA:107,0
DA:108,0
DA:110,0
DA:113,0
DA:115,0
DA:116,0
DA:118,0
DA:122,0
DA:124,0
DA:125,0
DA:127,0
DA:131,0
DA:133,0
DA:135,0
DA:138,0
DA:140,0
DA:141,0
DA:143,0
DA:145,0
DA:149,0
DA:150,0
DA:159,0
DA:160,0
DA:161,0
DA:165,0
DA:169,0
DA:170,0
DA:171,0
DA:176,0
DA:177,0
LF:45
LH:0
end_of_record
SF:C:\Users\akoap\AppData\Local\Pub\Cache\hosted\pub.dev\async-2.13.1\lib\src\stream_sink_extensions.dart
DA:13,0
DA:14,0
DA:21,0
LF:3
LH:0
end_of_record
SF:C:\Users\akoap\AppData\Local\Pub\Cache\hosted\pub.dev\async-2.13.1\lib\src\stream_sink_transformer.dart
DA:37,0
DA:42,0
DA:58,0
DA:63,0
DA:65,0
LF:5
LH:0
end_of_record
SF:C:\Users\akoap\AppData\Local\Pub\Cache\hosted\pub.dev\async-2.13.1\lib\src\stream_splitter.dart
DA:60,0
DA:62,0
DA:63,0
DA:64,0
DA:68,0
DA:73,0
DA:74,0
DA:75,0
DA:78,0
DA:79,0
DA:80,0
DA:81,0
DA:83,0
DA:85,0
DA:86,0
DA:89,0
DA:90,0
DA:92,0
DA:95,0
DA:107,0
DA:108,0
DA:109,0
DA:111,0
DA:112,0
DA:114,0
DA:127,0
DA:128,0
DA:129,0
DA:132,0
DA:133,0
DA:134,0
DA:141,0
DA:142,0
DA:144,0
DA:148,0
DA:150,0
DA:151,0
DA:152,0
DA:153,0
DA:159,0
DA:160,0
DA:161,0
DA:167,0
DA:168,0
DA:177,0
DA:178,0
DA:179,0
DA:181,0
DA:182,0
DA:184,0
DA:191,0
DA:192,0
DA:193,0
DA:194,0
DA:199,0
DA:200,0
DA:201,0
DA:202,0
DA:207,0
DA:208,0
DA:209,0
DA:210,0
LF:62
LH:0
end_of_record
SF:C:\Users\akoap\AppData\Local\Pub\Cache\hosted\pub.dev\async-2.13.1\lib\src\stream_subscription_transformer.dart
DA:30,0
DA:35,0
DA:36,0
DA:37,0
DA:38,0
DA:40,0
DA:41,0
DA:44,0
DA:45,0
DA:66,0
DA:67,0
DA:69,0
DA:76,0
DA:78,0
DA:81,0
DA:83,0
DA:86,0
DA:88,0
DA:91,0
DA:92,0
DA:93,0
DA:94,0
DA:95,0
DA:98,0
DA:99,0
DA:100,0
DA:104,0
DA:106,0
DA:107,0
DA:108,0
DA:111,0
DA:113,0
DA:114,0
DA:117,0
DA:119,0
LF:35
LH:0
end_of_record
SF:C:\Users\akoap\AppData\Local\Pub\Cache\hosted\pub.dev\async-2.13.1\lib\src\stream_zip.dart
DA:18,0
DA:20,0
DA:28,0
DA:34,0
DA:35,0
DA:36,0
DA:37,0
DA:38,0
DA:39,0
DA:41,0
DA:42,0
DA:44,0
DA:46,0
DA:53,0
DA:54,0
DA:61,0
DA:62,0
DA:63,0
DA:65,0
DA:68,0
DA:69,0
DA:70,0
DA:72,0
DA:76,0
DA:77,0
DA:78,0
DA:79,0
DA:80,0
DA:81,0
DA:90,0
DA:91,0
DA:96,0
DA:98,0
DA:99,0
DA:100,0
DA:104,0
DA:107,0
DA:108,0
DA:109,0
DA:112,0
DA:113,0
DA:115,0
DA:120,0
DA:121,0
DA:123,0
LF:45
LH:0
end_of_record
SF:C:\Users\akoap\AppData\Local\Pub\Cache\hosted\pub.dev\async-2.13.1\lib\src\subscription_stream.dart
DA:32,1
DA:34,1
DA:35,1
DA:37,1
DA:38,1
DA:39,1
DA:42,1
DA:49,1
DA:51,0
DA:53,1
DA:54,1
DA:57,0
DA:59,1
DA:60,1
DA:61,1
DA:62,1
DA:75,0
DA:77,0
DA:80,0
DA:82,0
DA:83,0
DA:84,0
DA:85,0
DA:86,0
LF:24
LH:14
end_of_record
SF:C:\Users\akoap\AppData\Local\Pub\Cache\hosted\pub.dev\async-2.13.1\lib\src\typed_stream_transformer.dart
DA:13,0
DA:17,0
DA:19,0
DA:26,0
DA:28,0
DA:29,0
LF:6
LH:0
end_of_record
SF:C:\Users\akoap\AppData\Local\Pub\Cache\hosted\pub.dev\async-2.13.1\lib\src\typed\stream_subscription.dart
DA:10,0
DA:11,0
DA:13,0
DA:15,0
DA:17,0
DA:18,0
DA:21,0
DA:23,0
DA:26,0
DA:28,0
DA:31,0
DA:33,0
DA:36,0
DA:38,0
DA:41,0
DA:42,0
DA:44,0
DA:46,0
LF:18
LH:0
end_of_record
SF:C:\Users\akoap\AppData\Local\Pub\Cache\hosted\pub.dev\async-2.13.1\lib\src\result\capture_sink.dart
DA:13,0
DA:15,0
DA:17,0
DA:20,0
DA:22,0
DA:25,0
DA:27,0
LF:7
LH:0
end_of_record
SF:C:\Users\akoap\AppData\Local\Pub\Cache\hosted\pub.dev\async-2.13.1\lib\src\result\capture_transformer.dart
DA:15,1
DA:17,0
DA:19,0
LF:3
LH:1
end_of_record
SF:C:\Users\akoap\AppData\Local\Pub\Cache\hosted\pub.dev\async-2.13.1\lib\src\result\release_sink.dart
DA:13,0
DA:15,0
DA:17,0
DA:20,0
DA:24,0
DA:27,0
DA:29,0
LF:7
LH:0
end_of_record
SF:C:\Users\akoap\AppData\Local\Pub\Cache\hosted\pub.dev\async-2.13.1\lib\src\result\release_transformer.dart
DA:12,1
DA:14,0
DA:16,0
DA:20,0
LF:4
LH:1
end_of_record
SF:C:\Users\akoap\AppData\Local\Pub\Cache\hosted\pub.dev\async-2.13.1\lib\src\stream_sink_transformer\reject_errors.dart
DA:12,0
DA:13,0
DA:31,0
DA:33,0
DA:34,0
DA:35,0
DA:36,0
DA:37,0
DA:38,0
DA:39,0
DA:52,0
DA:54,0
DA:56,0
DA:57,0
DA:58,0
DA:60,0
DA:62,0
DA:65,0
DA:67,0
DA:68,0
DA:69,0
DA:71,0
DA:73,0
DA:80,0
DA:81,0
DA:82,0
DA:86,0
DA:89,0
DA:91,0
DA:92,0
DA:93,0
DA:95,0
DA:97,0
DA:98,0
DA:99,0
DA:100,0
DA:101,0
DA:103,0
DA:104,0
DA:105,0
DA:109,0
DA:111,0
DA:112,0
DA:115,0
DA:116,0
DA:118,0
DA:120,0
DA:122,0
DA:127,0
DA:128,0
DA:129,0
DA:130,0
DA:131,0
LF:53
LH:0
end_of_record
SF:C:\Users\akoap\AppData\Local\Pub\Cache\hosted\pub.dev\async-2.13.1\lib\src\stream_sink_transformer\handler_transformer.dart
DA:30,0
DA:32,0
DA:33,0
DA:48,0
DA:49,0
DA:51,0
DA:53,0
DA:55,0
DA:57,0
DA:59,0
DA:61,0
DA:65,0
DA:67,0
DA:69,0
DA:71,0
DA:73,0
DA:74,0
DA:79,0
DA:81,0
DA:82,0
DA:83,0
DA:84,0
DA:85,0
DA:92,0
DA:94,0
DA:95,0
DA:97,0
DA:98,0
DA:108,0
DA:110,0
DA:111,0
DA:115,0
DA:116,0
LF:33
LH:0
end_of_record
SF:C:\Users\akoap\AppData\Local\Pub\Cache\hosted\pub.dev\async-2.13.1\lib\src\stream_sink_transformer\stream_transformer_wrapper.dart
DA:14,1
DA:16,0
DA:18,0
DA:32,0
DA:33,0
DA:35,0
DA:39,0
DA:40,0
DA:41,0
DA:42,0
DA:46,0
DA:51,0
DA:53,0
DA:56,0
DA:58,0
DA:61,0
DA:62,0
DA:64,0
DA:66,0
DA:67,0
LF:20
LH:1
end_of_record
SF:C:\Users\akoap\AppData\Local\Pub\Cache\hosted\pub.dev\async-2.13.1\lib\src\stream_sink_transformer\typed.dart
DA:15,0
DA:17,0
DA:18,0
DA:19,0
LF:4
LH:0
end_of_record
